
          -------------------------------------------------------
          Amber 22 PMEMD                              2022
          -------------------------------------------------------

| PMEMD implementation of SANDER, Release 22

|  Compiled date/time: Thu Apr 14 20:06:37 2022
| Run on 03/09/2024 at 08:53:45

|   Executable path: pmemd.cuda
| Working directory: /tmp/biotectfg12/2293580
|          Hostname: pirineusgpu4

  [-O]verwriting output

File Assignments:
|   MDIN: min.in                                                                
|  MDOUT: min1.out                                                              
| INPCRD: dao.rst7                                                              
|   PARM: dao.parm7                                                             
| RESTRT: min1.rst7                                                             
|   REFC: refc                                                                  
|  MDVEL: mdvel                                                                 
|   MDEN: mden                                                                  
|  MDCRD: mdcrd                                                                 
| MDINFO: mdinfo                                                                
|  MDFRC: mdfrc                                                                 


 Here is the input file:

  simple generalized Born minimization script                                  
 &cntrl                                                                        
   imin=1, ntb=1, maxcyc=100, ntpr=10, cut=8.0, ntmin=1,                       
 /                                                                             
                                                                               


Note: ig = -1. Setting random seed to   447197 based on wallclock time in 
      microseconds.
| irandom = 1, using AMBER's internal random number generator (default).
 
|--------------------- INFORMATION ----------------------
| GPU (CUDA) Version of PMEMD in use: NVIDIA GPU IN USE.
|                    Version 18.0.0
| 
|                      03/25/2018
| 
| Implementation by:
|                    Ross C. Walker     (SDSC)
|                    Scott Le Grand     (nVIDIA)
| 
| Version 18 performance extensions by:
|                    David Cerutti     (Rutgers)
| 
| Precision model in use:
|      [SPFP] - Single Precision Forces, 64-bit Fixed Point
|               Accumulation. (Default)
| 
|--------------------------------------------------------
 
|----------------- CITATION INFORMATION -----------------
|
|    When publishing work that utilized the CUDA version
|    of AMBER, please cite the following in addition to
|    the regular AMBER citations:
|
|  - Romelia Salomon-Ferrer; Andreas W. Goetz; Duncan
|    Poole; Scott Le Grand; Ross C. Walker "Routine
|    microsecond molecular dynamics simulations with
|    AMBER - Part II: Particle Mesh Ewald", J. Chem.
|    Theory Comput., 2013, 9 (9), pp3878-3888,
|    DOI: 10.1021/ct400314y.
|
|  - Andreas W. Goetz; Mark J. Williamson; Dong Xu;
|    Duncan Poole; Scott Le Grand; Ross C. Walker
|    "Routine microsecond molecular dynamics simulations
|    with AMBER - Part I: Generalized Born", J. Chem.
|    Theory Comput., 2012, 8 (5), pp1542-1555.
|
|  - Scott Le Grand; Andreas W. Goetz; Ross C. Walker
|    "SPFP: Speed without compromise - a mixed precision
|    model for GPU accelerated molecular dynamics
|    simulations.", Comp. Phys. Comm., 2013, 184
|    pp374-380, DOI: 10.1016/j.cpc.2012.09.022
|
|--------------------------------------------------------
 
|------------------- GPU DEVICE INFO --------------------
|
|            CUDA_VISIBLE_DEVICES: 1
|   CUDA Capable Devices Detected:      1
|           CUDA Device ID in use:      0
|                CUDA Device Name: Tesla P100-PCIE-12GB
|     CUDA Device Global Mem Size:  12198 MB
| CUDA Device Num Multiprocessors:     56
|           CUDA Device Core Freq:   1.33 GHz
|
|--------------------------------------------------------
 
 
| Conditional Compilation Defines Used:
| PUBFFT
| BINTRAJ
| CUDA
| EMIL

| Largest sphere to fit in unit cell has radius =    50.778

| New format PARM file being parsed.
| Version =    1.000 Date = 03/07/24 Time = 12:52:56

| Note: 1-4 EEL scale factors are being read from the topology file.

| Note: 1-4 VDW scale factors are being read from the topology file.
| INFO:    Virtual site frames will be inferred from bonding patterns.
| Duplicated    0 dihedrals

| Duplicated    0 dihedrals

--------------------------------------------------------------------------------
   1.  RESOURCE   USE: 
--------------------------------------------------------------------------------

 getting new box info from bottom of inpcrd
 NATOM  =  171090 NTYPES =      19 NBONH =  123114 MBONA  =   48256
 NTHETH =   23174 MTHETA =   14454 NPHIH =   47018 MPHIA  =   46262
 NHPARM =       0 NPARM  =       0 NNB   =  377354 NRES   =   38934
 NBONA  =   48256 NTHETA =   14454 NPHIA =   46262 NUMBND =      80
 NUMANG =     189 NPTRA  =     218 NATYP =      40 NPHB   =       0
 IFBOX  =       2 NMXRS  =      24 IFCAP =       0 NEXTRA =   37646
 NCOPY  =       0


| Coordinate Index Table dimensions:    24   24   24
| Direct force subcell size =     5.1825    5.1825    5.1825

     BOX TYPE: TRUNCATED OCTAHEDRON

--------------------------------------------------------------------------------
   2.  CONTROL  DATA  FOR  THE  RUN
--------------------------------------------------------------------------------

default_name                                                                    

General flags:
     imin    =       1, nmropt  =       0

Nature and format of input:
     ntx     =       1, irest   =       0, ntrx    =       1

Nature and format of output:
     ntxo    =       2, ntpr    =      10, ntrx    =       1, ntwr    =       1
     iwrap   =       0, ntwx    =       0, ntwv    =       0, ntwe    =       0
     ioutfm  =       1, ntwprt  =       0, idecomp =       0, rbornstat=      0

Potential function:
     ntf     =       1, ntb     =       1, igb     =       0, nsnb    =      25
     ipol    =       0, gbsa    =       0, iesp    =       0
     dielc   =   1.00000, cut     =   8.00000, intdiel =   1.00000

Frozen or restrained atoms:
     ibelly  =       0, ntr     =       0

Energy minimization:
     maxcyc  =     100, ncyc    =      10, ntmin   =       1
     dx0     =   0.01000, drms    =   0.00010

| Intermolecular bonds treatment:
|     no_intermolecular_bonds =       1

| Energy averages sample interval:
|     ene_avg_sampling =       1

Extra-points options:
     frameon =       1, chngmask=       1

Ewald parameters:
     verbose =       0, ew_type =       0, nbflag  =       1, use_pme =       1
     vdwmeth =       1, eedmeth =       1, netfrc  =       0
     Box X =  124.380   Box Y =  124.380   Box Z =  124.380
     Alpha =  109.471   Beta  =  109.471   Gamma =  109.471
     NFFT1 =  128       NFFT2 =  128       NFFT3 =  128
     Cutoff=    8.000   Tol   =0.100E-04
     Ewald Coefficient =  0.34864
     Interpolation order =    4
|      EXTRA_PTS, trim_bonds: num bonds BEFORE trim =123114     0
|      EXTRA_PTS, trim_bonds: num bonds AFTER  trim =123114     0
|      EXTRA_PTS, trim_bonds: num bonds BEFORE trim = 48256     0
|      EXTRA_PTS, trim_bonds: num bonds AFTER  trim = 10610     0
|      EXTRA_PTS, trim_theta: num angle BEFORE trim = 23174     0
|      EXTRA_PTS, trim_theta: num angle AFTER  trim = 23174     0
|      EXTRA_PTS, trim_theta: num angle BEFORE trim = 14454     0
|      EXTRA_PTS, trim_theta: num angle AFTER  trim = 14454     0
|      EXTRA_PTS, trim_phi:  num diheds BEFORE trim = 47018     0
|      EXTRA_PTS, trim_phi:  num diheds AFTER  trim = 47018     0
|      EXTRA_PTS, trim_phi:  num diheds BEFORE trim = 46262     0
|      EXTRA_PTS, trim_phi:  num diheds AFTER  trim = 46262     0

--------------------------------------------------------------------------------
   3.  ATOMIC COORDINATES AND VELOCITIES
--------------------------------------------------------------------------------

default_name                                                                    
 begin time read from input coords =     0.000 ps

 
 Number of triangulated 3-point waters found:    37646

     Sum of charges from parm topology file = -13.99979391
     Assuming uniform neutralizing plasma

| Dynamic Memory, Types Used:
| Reals             4146190
| Integers         19358101

| Nonbonded Pairs Initial Allocation:    28576307

| GPU memory information (estimate):
| KB of GPU memory in use:    631373
| KB of CPU memory in use:    281985

--------------------------------------------------------------------------------
   4.  RESULTS
--------------------------------------------------------------------------------



   NSTEP       ENERGY          RMS            GMAX         NAME    NUMBER
      1      -4.1575E+05     7.0943E+01     1.2757E+04     O      111783

 BOND    =     2253.0320  ANGLE   =     6267.9844  DIHED      =     6096.1226
 UB      =        0.0000  IMP     =        0.0000  CMAP       =     1129.0971
 VDWAALS =    88507.8883  EEL     =  -584469.6709  HBOND      =        0.0000
 1-4 VDW =     6487.5106  1-4 EEL =    57982.4373  RESTRAINT  =        0.0000


   NSTEP       ENERGY          RMS            GMAX         NAME    NUMBER
     10      -4.3804E+05     6.2025E+01     1.4024E+04     O      111783

 BOND    =     2240.9818  ANGLE   =     6247.9917  DIHED      =     6095.6836
 UB      =        0.0000  IMP     =        0.0000  CMAP       =     1128.8654
 VDWAALS =    67067.4814  EEL     =  -585287.6614  HBOND      =        0.0000
 1-4 VDW =     6486.3584  1-4 EEL =    57979.9955  RESTRAINT  =        0.0000


   NSTEP       ENERGY          RMS            GMAX         NAME    NUMBER
     20      -5.1143E+05     5.2927E+01     1.2046E+04     O       35855

 BOND    =    69478.6704  ANGLE   =     4386.5793  DIHED      =     6096.0365
 UB      =        0.0000  IMP     =        0.0000  CMAP       =     1093.1869
 VDWAALS =    63731.4652  EEL     =  -719903.9557  HBOND      =        0.0000
 1-4 VDW =     6197.1318  1-4 EEL =    57486.9186  RESTRAINT  =        0.0000


   NSTEP       ENERGY          RMS            GMAX         NAME    NUMBER
     30      -5.3268E+05     4.9597E+00     4.0011E+02     O      146675

 BOND    =    71433.0990  ANGLE   =     4293.6534  DIHED      =     6102.6037
 UB      =        0.0000  IMP     =        0.0000  CMAP       =     1090.4845
 VDWAALS =    45797.7327  EEL     =  -724962.7718  HBOND      =        0.0000
 1-4 VDW =     6146.5378  1-4 EEL =    57419.6278  RESTRAINT  =        0.0000


   NSTEP       ENERGY          RMS            GMAX         NAME    NUMBER
     40      -5.7694E+05     3.9650E+00     6.2715E+02     H1      28392

 BOND    =    85073.1135  ANGLE   =     4056.0887  DIHED      =     6470.8414
 UB      =        0.0000  IMP     =        0.0000  CMAP       =     1061.3197
 VDWAALS =    48207.3183  EEL     =  -782301.8069  HBOND      =        0.0000
 1-4 VDW =     5128.0217  1-4 EEL =    55367.4678  RESTRAINT  =        0.0000


   NSTEP       ENERGY          RMS            GMAX         NAME    NUMBER
     50      -5.9906E+05     3.3376E+00     5.4747E+02     H2     146677

 BOND    =    87901.2208  ANGLE   =     3507.2140  DIHED      =     6186.8514
 UB      =        0.0000  IMP     =        0.0000  CMAP       =     1056.6916
 VDWAALS =    52334.4968  EEL     =  -810258.1595  HBOND      =        0.0000
 1-4 VDW =     4628.6611  1-4 EEL =    55580.1491  RESTRAINT  =        0.0000


   NSTEP       ENERGY          RMS            GMAX         NAME    NUMBER
     60      -6.0425E+05     2.1964E+00     1.9623E+02     CG      17425

 BOND    =    82854.9765  ANGLE   =     3293.5682  DIHED      =     6136.1839
 UB      =        0.0000  IMP     =        0.0000  CMAP       =     1073.3632
 VDWAALS =    53679.1576  EEL     =  -811137.2798  HBOND      =        0.0000
 1-4 VDW =     4555.5346  1-4 EEL =    55290.7286  RESTRAINT  =        0.0000


   NSTEP       ENERGY          RMS            GMAX         NAME    NUMBER
     70      -6.1524E+05     3.2319E+00     3.1311E+02     CG       7142

 BOND    =    90243.2075  ANGLE   =     3823.4237  DIHED      =     6263.4571
 UB      =        0.0000  IMP     =        0.0000  CMAP       =     1005.7203
 VDWAALS =    63897.5307  EEL     =  -840258.0582  HBOND      =        0.0000
 1-4 VDW =     4553.4327  1-4 EEL =    55230.2307  RESTRAINT  =        0.0000


   NSTEP       ENERGY          RMS            GMAX         NAME    NUMBER
     80      -6.1971E+05     2.7097E+00     2.9987E+02     H2     111785

 BOND    =    93938.7224  ANGLE   =     3384.3277  DIHED      =     5989.9663
 UB      =        0.0000  IMP     =        0.0000  CMAP       =     1037.5335
 VDWAALS =    68843.8055  EEL     =  -852650.5805  HBOND      =        0.0000
 1-4 VDW =     4502.9862  1-4 EEL =    55244.3647  RESTRAINT  =        0.0000


   NSTEP       ENERGY          RMS            GMAX         NAME    NUMBER
     90      -6.2454E+05     1.4801E+00     1.3783E+02     H1     111784

 BOND    =    94182.6127  ANGLE   =     3247.1251  DIHED      =     6055.9554
 UB      =        0.0000  IMP     =        0.0000  CMAP       =     1030.1184
 VDWAALS =    70367.1757  EEL     =  -858678.1592  HBOND      =        0.0000
 1-4 VDW =     4316.9637  1-4 EEL =    54940.0442  RESTRAINT  =        0.0000


   NSTEP       ENERGY          RMS            GMAX         NAME    NUMBER
    100      -6.2901E+05     2.0003E+00     3.0679E+02     CG       7174

 BOND    =    95833.3701  ANGLE   =     3458.7246  DIHED      =     5984.3856
 UB      =        0.0000  IMP     =        0.0000  CMAP       =     1019.9261
 VDWAALS =    74411.5113  EEL     =  -868961.4488  HBOND      =        0.0000
 1-4 VDW =     4255.8586  1-4 EEL =    54987.8763  RESTRAINT  =        0.0000


  Maximum number of minimization cycles reached.


                    FINAL RESULTS



   NSTEP       ENERGY          RMS            GMAX         NAME    NUMBER
    100      -6.2901E+05     2.0003E+00     3.0679E+02     CG       7174

 BOND    =    95833.3701  ANGLE   =     3458.7246  DIHED      =     5984.3856
 UB      =        0.0000  IMP     =        0.0000  CMAP       =     1019.9261
 VDWAALS =    74411.5113  EEL     =  -868961.4488  HBOND      =        0.0000
 1-4 VDW =     4255.8586  1-4 EEL =    54987.8763  RESTRAINT  =        0.0000
--------------------------------------------------------------------------------
   5.  TIMINGS
--------------------------------------------------------------------------------

|  NonSetup CPU Time in Major Routines:
|
|     Routine           Sec        %
|     ------------------------------
|     Nonbond           0.43   28.98
|     Bond              0.00    0.00
|     Angle             0.00    0.00
|     Dihedral          0.00    0.00
|     Shake             0.00    0.00
|     Other             1.06   71.02
|     ------------------------------
|     Total             1.49

|  PME Nonbond Pairlist CPU Time:
|
|     Routine              Sec        %
|     ---------------------------------
|     Set Up Cit           0.00    0.00
|     Build List           0.00    0.00
|     ---------------------------------
|     Total                0.00    0.00

|  PME Direct Force CPU Time:
|
|     Routine              Sec        %
|     ---------------------------------
|     NonBonded Calc       0.00    0.00
|     Exclude Masked       0.00    0.00
|     Other                0.00    0.02
|     ---------------------------------
|     Total                0.00    0.02

|  PME Reciprocal Force CPU Time:
|
|     Routine              Sec        %
|     ---------------------------------
|     1D bspline           0.00    0.00
|     Grid Charges         0.00    0.00
|     Scalar Sum           0.00    0.00
|     Gradient Sum         0.00    0.00
|     FFT                  0.00    0.00
|     ---------------------------------
|     Total                0.00    0.00

|  Setup CPU time:            1.78 seconds
|  NonSetup CPU time:         1.49 seconds
|  Total CPU time:            3.27 seconds     0.00 hours

|  Setup wall time:           3    seconds
|  NonSetup wall time:        2    seconds
|  Total wall time:           5    seconds     0.00 hours
