
          -------------------------------------------------------
          Amber 22 SANDER                              2022
          -------------------------------------------------------

| Run on 03/07/2024 at 14:46:25

|   Executable path: sander
| Working directory: /home/bel/github/TFG_DAO/prova2
|          Hostname: Unknown
  [-O]verwriting output

File Assignments:
|  MDIN: min.in                                                                
| MDOUT: min1.out                                                              
|INPCRD: dao.rst7                                                              
|  PARM: dao.parm7                                                             
|RESTRT: min1.rst7                                                             
|  REFC: refc                                                                  
| MDVEL: mdvel                                                                 
| MDFRC: mdfrc                                                                 
|  MDEN: mden                                                                  
| MDCRD: mdcrd                                                                 
|MDINFO: mdinfo                                                                
|  MTMD: mtmd                                                                  
|INPDIP: inpdip                                                                
|RSTDIP: rstdip                                                                
|INPTRA: inptraj                                                               


 Here is the input file:

  simple generalized Born minimization script                                  
 &cntrl                                                                        
   imin=1, ntb=1, maxcyc=100, ntpr=10, cut=8.0, ntmin=1,                       
 /                                                                             
                                                                               

--------------------------------------------------------------------------------
   1.  RESOURCE   USE: 
--------------------------------------------------------------------------------

| Flags:                                                                        
 getting new box info from bottom of inpcrd
|  INFO: Old style inpcrd file read

| peek_ewald_inpcrd: Box info found
|Largest sphere to fit in unit cell has radius =    50.778
| New format PARM file being parsed.
| Version =    1.000 Date = 03/07/24 Time = 12:52:56
 NATOM  =  171090 NTYPES =      19 NBONH =  123114 MBONA  =   48256
 NTHETH =   23174 MTHETA =   14454 NPHIH =   47018 MPHIA  =   46262
 NHPARM =       0 NPARM  =       0 NNB   =  377354 NRES   =   38934
 NBONA  =   48256 NTHETA =   14454 NPHIA =   46262 NUMBND =      80
 NUMANG =     189 NPTRA  =     218 NATYP =      40 NPHB   =       0
 IFBOX  =       2 NMXRS  =      24 IFCAP =       0 NEXTRA =   37646
 NCOPY  =       0

| CMAP information read from topology file: 

|     Memory Use     Allocated
|     Real            14360759
|     Hollerith         552206
|     Integer          9035178
|     Max Pairs       68436000
|     nblistReal       2053080
|     nblist Int       7022340
|       Total           460442 kbytes

| Note: 1-4 EEL scale factors are being read from the topology file.

| Note: 1-4 VDW scale factors are being read from the topology file.
| Duplicated    0 dihedrals
| Duplicated    0 dihedrals
|CMAP: Reticulating splines.

     BOX TYPE: TRUNCATED OCTAHEDRON

--------------------------------------------------------------------------------
   2.  CONTROL  DATA  FOR  THE  RUN
--------------------------------------------------------------------------------

default_name                                                                    

General flags:
     imin    =       1, nmropt  =       0

Nature and format of input:
     ntx     =       1, irest   =       0, ntrx    =       1

Nature and format of output:
     ntxo    =       2, ntpr    =      10, ntrx    =       1, ntwr    =       1
     iwrap   =       0, ntwx    =       0, ntwv    =       0, ntwe    =       0
     ioutfm  =       1, ntwprt  =       0, idecomp =       0, rbornstat=      0

Potential function:
     ntf     =       1, ntb     =       1, igb     =       0, nsnb    =      25
     ipol    =       0, gbsa    =       0, iesp    =       0
     dielc   =   1.00000, cut     =   8.00000, intdiel =   1.00000

Frozen or restrained atoms:
     ibelly  =       0, ntr     =       0

Energy minimization:
     maxcyc  =     100, ncyc    =      10, ntmin   =       1
     dx0     =   0.01000, drms    =   0.00010

Extra-points options:
     frameon =       1, chngmask=       1

Ewald parameters:
     verbose =       0, ew_type =       0, nbflag  =       1, use_pme =       1
     vdwmeth =       1, eedmeth =       1, netfrc  =       0
     Box X =  124.380   Box Y =  124.380   Box Z =  124.380
     Alpha =  109.471   Beta  =  109.471   Gamma =  109.471
     NFFT1 =  128       NFFT2 =  125       NFFT3 =  125
     Cutoff=    8.000   Tol   =0.100E-04
     Ewald Coefficient =  0.34864
     Interpolation order =    4
|      EXTRA_PTS, trim_bonds: num bonds BEFORE trim =123114     0
|      EXTRA_PTS, trim_bonds: num bonds AFTER  trim =123114     0
|      EXTRA_PTS, trim_bonds: num bonds BEFORE trim = 48256     0
|      EXTRA_PTS, trim_bonds: num bonds AFTER  trim = 10610     0
|      EXTRA_PTS, trim_theta: num angle BEFORE trim = 23174     0
|      EXTRA_PTS, trim_theta: num angle AFTER  trim = 23174     0
|      EXTRA_PTS, trim_theta: num angle BEFORE trim = 14454     0
|      EXTRA_PTS, trim_theta: num angle AFTER  trim = 14454     0
|      EXTRA_PTS, trim_phi:  num diheds BEFORE trim = 47018     0
|      EXTRA_PTS, trim_phi:  num diheds AFTER  trim = 47018     0
|      EXTRA_PTS, trim_phi:  num diheds BEFORE trim = 46262     0
|      EXTRA_PTS, trim_phi:  num diheds AFTER  trim = 46262     0

--------------------------------------------------------------------------------
   3.  ATOMIC COORDINATES AND VELOCITIES
--------------------------------------------------------------------------------

default_name                                                                    
 begin time read from input coords =     0.000 ps

 Number of triangulated 3-point waters found:    37646

     Sum of charges from parm topology file = -13.99979391
     Assuming uniform neutralizing plasma

--------------------------------------------------------------------------------
   4.  RESULTS
--------------------------------------------------------------------------------

 ---------------------------------------------------
 APPROXIMATING switch and d/dx switch using CUBIC SPLINE INTERPOLATION
 using   5000.0 points per unit in tabled values
 TESTING RELATIVE ERROR over r ranging from 0.0 to cutoff
| CHECK switch(x): max rel err =   0.2738E-14   at   2.422500
| CHECK d/dx switch(x): max rel err =   0.8332E-11   at   2.782960
 ---------------------------------------------------
| Local SIZE OF NONBOND LIST =   41726562
| TOTAL SIZE OF NONBOND LIST =   41726562


   NSTEP       ENERGY          RMS            GMAX         NAME    NUMBER
      1      -4.1575E+05     2.3208E+02     6.0709E+04     O      111783

 BOND    =     2253.0320  ANGLE   =     6267.9844  DIHED      =     6096.1213
 VDWAALS =    88507.9564  EEL     =  -584470.9722  HBOND      =        0.0000
 1-4 VDW =     6487.5114  1-4 EEL =    57982.4396  RESTRAINT  =        0.0000
 CMAP    =     1129.0972


   NSTEP       ENERGY          RMS            GMAX         NAME    NUMBER
     10      -4.3807E+05     6.3609E+01     1.2747E+04     O      111783

 BOND    =     2252.0827  ANGLE   =     6255.9821  DIHED      =     6095.8581
 VDWAALS =    66707.2616  EEL     =  -584973.3063  HBOND      =        0.0000
 1-4 VDW =     6486.8218  1-4 EEL =    57980.9767  RESTRAINT  =        0.0000
 CMAP    =     1128.9582


   NSTEP       ENERGY          RMS            GMAX         NAME    NUMBER
     20      -5.3686E+05     7.0934E+00     6.6524E+02     H2      40109

 BOND    =   100606.3247  ANGLE   =     3911.3526  DIHED      =     6143.9396
 VDWAALS =    45305.3382  EEL     =  -757101.1437  HBOND      =        0.0000
 1-4 VDW =     6052.4335  1-4 EEL =    57144.5120  RESTRAINT  =        0.0000
 CMAP    =     1073.7890
