
          -------------------------------------------------------
          Amber 22 PMEMD                              2022
          -------------------------------------------------------

| PMEMD implementation of SANDER, Release 22

|  Compiled date/time: Thu Apr 14 20:06:37 2022
| Run on 04/17/2024 at 17:25:49

|   Executable path: pmemd
| Working directory: /home/pau/github/TFG_DAO/SIMULACIONSTRE
|          Hostname: Unknown
  [-O]verwriting output

File Assignments:
|   MDIN: min.in                                                                
|  MDOUT: tremin1.out                                                           
| INPCRD: tre1.rst7                                                             
|   PARM: tre1.parm7                                                            
| RESTRT: min1tre.rst7                                                          
|   REFC: refc                                                                  
|  MDVEL: mdvel                                                                 
|   MDEN: mden                                                                  
|  MDCRD: mdcrd                                                                 
| MDINFO: mdinfo                                                                
|  MDFRC: mdfrc                                                                 


 Here is the input file:

  simple generalized Born minimization script                                  
 &cntrl                                                                        
   imin=1, ntb=1, maxcyc=100, ntpr=10, cut=8.0, ntmin=1,                       
 /                                                                             
                                                                               


Note: ig = -1. Setting random seed to   410322 based on wallclock time in 
      microseconds.
| irandom = 1, using AMBER's internal random number generator (default).
 
 
| Conditional Compilation Defines Used:
| PUBFFT
| BINTRAJ
| EMIL

| Largest sphere to fit in unit cell has radius =    16.668

| New format PARM file being parsed.
| Version =    1.000 Date = 04/16/24 Time = 19:00:14

| Note: 1-4 EEL scale factors are being read from the topology file.

| Note: 1-4 VDW scale factors are being read from the topology file.
| INFO:    Virtual site frames will be inferred from bonding patterns.
| Duplicated    0 dihedrals

| Duplicated    0 dihedrals

--------------------------------------------------------------------------------
   1.  RESOURCE   USE: 
--------------------------------------------------------------------------------

 getting new box info from bottom of inpcrd
 NATOM  =    3557 NTYPES =       9 NBONH =    2656 MBONA  =     902
 NTHETH =      48 MTHETA =      35 NPHIH =     120 MPHIA  =      88
 NHPARM =       0 NPARM  =       0 NNB   =    6404 NRES   =     879
 NBONA  =     902 NTHETA =      35 NPHIA =      88 NUMBND =       9
 NUMANG =      12 NPTRA  =      16 NATYP =       9 NPHB   =       1
 IFBOX  =       1 NMXRS  =      45 IFCAP =       0 NEXTRA =     878
 NCOPY  =       0

| Coordinate Index Table dimensions:     7    7    7
| Direct force subcell size =     4.9025    5.0417    4.7624

     BOX TYPE: RECTILINEAR

--------------------------------------------------------------------------------
   2.  CONTROL  DATA  FOR  THE  RUN
--------------------------------------------------------------------------------

default_name                                                                    

General flags:
     imin    =       1, nmropt  =       0

Nature and format of input:
     ntx     =       1, irest   =       0, ntrx    =       1

Nature and format of output:
     ntxo    =       2, ntpr    =      10, ntrx    =       1, ntwr    =       1
     iwrap   =       0, ntwx    =       0, ntwv    =       0, ntwe    =       0
     ioutfm  =       1, ntwprt  =       0, idecomp =       0, rbornstat=      0

Potential function:
     ntf     =       1, ntb     =       1, igb     =       0, nsnb    =      25
     ipol    =       0, gbsa    =       0, iesp    =       0
     dielc   =   1.00000, cut     =   8.00000, intdiel =   1.00000

Frozen or restrained atoms:
     ibelly  =       0, ntr     =       0

Energy minimization:
     maxcyc  =     100, ncyc    =      10, ntmin   =       1
     dx0     =   0.01000, drms    =   0.00010

| Intermolecular bonds treatment:
|     no_intermolecular_bonds =       1

| Energy averages sample interval:
|     ene_avg_sampling =       1

Extra-points options:
     frameon =       1, chngmask=       1

Ewald parameters:
     verbose =       0, ew_type =       0, nbflag  =       1, use_pme =       1
     vdwmeth =       1, eedmeth =       1, netfrc  =       0
     Box X =   34.317   Box Y =   35.292   Box Z =   33.337
     Alpha =   90.000   Beta  =   90.000   Gamma =   90.000
     NFFT1 =   36       NFFT2 =   36       NFFT3 =   36
     Cutoff=    8.000   Tol   =0.100E-04
     Ewald Coefficient =  0.34864
     Interpolation order =    4
|      EXTRA_PTS, trim_bonds: num bonds BEFORE trim =  2656     0
|      EXTRA_PTS, trim_bonds: num bonds AFTER  trim =  2656     0
|      EXTRA_PTS, trim_bonds: num bonds BEFORE trim =   902     0
|      EXTRA_PTS, trim_bonds: num bonds AFTER  trim =    24     0
|      EXTRA_PTS, trim_theta: num angle BEFORE trim =    48     0
|      EXTRA_PTS, trim_theta: num angle AFTER  trim =    48     0
|      EXTRA_PTS, trim_theta: num angle BEFORE trim =    35     0
|      EXTRA_PTS, trim_theta: num angle AFTER  trim =    35     0
|      EXTRA_PTS, trim_phi:  num diheds BEFORE trim =   120     0
|      EXTRA_PTS, trim_phi:  num diheds AFTER  trim =   120     0
|      EXTRA_PTS, trim_phi:  num diheds BEFORE trim =    88     0
|      EXTRA_PTS, trim_phi:  num diheds AFTER  trim =    88     0

--------------------------------------------------------------------------------
   3.  ATOMIC COORDINATES AND VELOCITIES
--------------------------------------------------------------------------------

default_name                                                                    
 begin time read from input coords =     0.000 ps

 
 Number of triangulated 3-point waters found:      878

     Sum of charges from parm topology file =   0.00200483
     Forcing neutrality...

| Dynamic Memory, Types Used:
| Reals              206681
| Integers           287187

| Nonbonded Pairs Initial Allocation:      594107

--------------------------------------------------------------------------------
   4.  RESULTS
--------------------------------------------------------------------------------

 ---------------------------------------------------
 APPROXIMATING switch and d/dx switch using CUBIC SPLINE INTERPOLATION
 using   5000.0 points per unit in tabled values
 TESTING RELATIVE ERROR over r ranging from 0.0 to cutoff
| CHECK switch(x): max rel err =   0.2738E-14   at   2.422500
| CHECK d/dx switch(x): max rel err =   0.8332E-11   at   2.782960
 ---------------------------------------------------
|---------------------------------------------------
| APPROXIMATING direct energy using CUBIC SPLINE INTERPOLATION
|  with   50.0 points per unit in tabled values
| Relative Error Limit not exceeded for r .gt.   2.47
| APPROXIMATING direct force using CUBIC SPLINE INTERPOLATION
|  with   50.0 points per unit in tabled values
| Relative Error Limit not exceeded for r .gt.   2.89
|---------------------------------------------------


   NSTEP       ENERGY          RMS            GMAX         NAME    NUMBER
      1       7.9093E+03     1.1303E+02     2.7434E+02     H1       2767

 BOND    =    16830.0779  ANGLE   =       26.5955  DIHED      =       43.7150
 VDWAALS =      813.6083  EEL     =   -10062.9636  HBOND      =        0.0000
 1-4 VDW =        9.3192  1-4 EEL =      248.9422  RESTRAINT  =        0.0000


   NSTEP       ENERGY          RMS            GMAX         NAME    NUMBER
     10       6.7125E+03     1.0981E+02     2.6626E+02     H1       2767

 BOND    =    15758.4335  ANGLE   =       26.3863  DIHED      =       43.7132
 VDWAALS =      812.5777  EEL     =   -10186.8604  HBOND      =        0.0000
 1-4 VDW =        9.3116  1-4 EEL =      248.9440  RESTRAINT  =        0.0000


   NSTEP       ENERGY          RMS            GMAX         NAME    NUMBER
     20      -1.5301E+04     1.3737E+01     7.5492E+01     C2         24

 BOND    =     3335.9183  ANGLE   =       17.3290  DIHED      =       44.1646
 VDWAALS =     1221.7879  EEL     =   -20172.7648  HBOND      =        0.0000
 1-4 VDW =        9.2253  1-4 EEL =      242.9189  RESTRAINT  =        0.0000


   NSTEP       ENERGY          RMS            GMAX         NAME    NUMBER
     30      -1.6280E+04     6.8455E+00     5.8656E+01     H2       2596

 BOND    =     2294.8718  ANGLE   =       12.6022  DIHED      =       43.3646
 VDWAALS =     1600.5444  EEL     =   -20487.5641  HBOND      =        0.0000
 1-4 VDW =        9.8659  1-4 EEL =      246.2767  RESTRAINT  =        0.0000


   NSTEP       ENERGY          RMS            GMAX         NAME    NUMBER
     40      -1.7319E+04     5.7068E+00     7.7291E+01     C2         24

 BOND    =     2542.2634  ANGLE   =       18.2244  DIHED      =       42.1579
 VDWAALS =     2112.6304  EEL     =   -22292.6670  HBOND      =        0.0000
 1-4 VDW =       10.1862  1-4 EEL =      248.2278  RESTRAINT  =        0.0000


   NSTEP       ENERGY          RMS            GMAX         NAME    NUMBER
     50      -1.8665E+04     6.0418E+00     4.7482E+01     C2         24

 BOND    =     4439.4267  ANGLE   =       11.8931  DIHED      =       40.6418
 VDWAALS =     4693.8750  EEL     =   -28110.7299  HBOND      =        0.0000
 1-4 VDW =       11.0092  1-4 EEL =      248.8835  RESTRAINT  =        0.0000


   NSTEP       ENERGY          RMS            GMAX         NAME    NUMBER
     60      -1.9006E+04     3.6499E+00     2.6524E+01     O        2182

 BOND    =     4019.5222  ANGLE   =        9.5612  DIHED      =       40.0379
 VDWAALS =     4457.7144  EEL     =   -27792.1561  HBOND      =        0.0000
 1-4 VDW =       10.5056  1-4 EEL =      248.9654  RESTRAINT  =        0.0000


   NSTEP       ENERGY          RMS            GMAX         NAME    NUMBER
     70      -1.9527E+04     4.8694E+00     3.3043E+01     O        2102

 BOND    =     3963.2909  ANGLE   =        9.3606  DIHED      =       40.0504
 VDWAALS =     4484.1555  EEL     =   -28282.1723  HBOND      =        0.0000
 1-4 VDW =       11.1458  1-4 EEL =      247.5302  RESTRAINT  =        0.0000


   NSTEP       ENERGY          RMS            GMAX         NAME    NUMBER
     80      -1.9742E+04     4.8718E+00     7.8061E+01     C           1

 BOND    =     4430.4465  ANGLE   =       19.2382  DIHED      =       39.4023
 VDWAALS =     4753.1663  EEL     =   -29242.0033  HBOND      =        0.0000
 1-4 VDW =        9.9581  1-4 EEL =      248.2288  RESTRAINT  =        0.0000


   NSTEP       ENERGY          RMS            GMAX         NAME    NUMBER
     90      -2.0157E+04     3.4613E+00     3.1370E+01     O          23

 BOND    =     4765.4376  ANGLE   =       11.2152  DIHED      =       39.2896
 VDWAALS =     5144.3669  EEL     =   -30376.7302  HBOND      =        0.0000
 1-4 VDW =       11.0019  1-4 EEL =      248.5252  RESTRAINT  =        0.0000


   NSTEP       ENERGY          RMS            GMAX         NAME    NUMBER
    100      -2.0487E+04     3.8607E+00     3.6498E+01     O          23

 BOND    =     5175.9737  ANGLE   =       10.6912  DIHED      =       39.3710
 VDWAALS =     6005.6783  EEL     =   -31977.1177  HBOND      =        0.0000
 1-4 VDW =       11.2480  1-4 EEL =      246.7787  RESTRAINT  =        0.0000


  Maximum number of minimization cycles reached.


                    FINAL RESULTS



   NSTEP       ENERGY          RMS            GMAX         NAME    NUMBER
    100      -2.0487E+04     3.8607E+00     3.6498E+01     O          23

 BOND    =     5175.9737  ANGLE   =       10.6912  DIHED      =       39.3710
 VDWAALS =     6005.6783  EEL     =   -31977.1177  HBOND      =        0.0000
 1-4 VDW =       11.2480  1-4 EEL =      246.7787  RESTRAINT  =        0.0000
--------------------------------------------------------------------------------
   5.  TIMINGS
--------------------------------------------------------------------------------

|  NonSetup CPU Time in Major Routines:
|
|     Routine           Sec        %
|     ------------------------------
|     Nonbond           0.65   98.69
|     Bond              0.00    0.33
|     Angle             0.00    0.06
|     Dihedral          0.00    0.28
|     Shake             0.00    0.00
|     Other             0.00    0.65
|     ------------------------------
|     Total             0.66

|  PME Nonbond Pairlist CPU Time:
|
|     Routine              Sec        %
|     ---------------------------------
|     Set Up Cit           0.00    0.06
|     Build List           0.03    4.18
|     ---------------------------------
|     Total                0.03    4.24

|  PME Direct Force CPU Time:
|
|     Routine              Sec        %
|     ---------------------------------
|     NonBonded Calc       0.49   74.45
|     Exclude Masked       0.01    1.21
|     Other                0.00    0.24
|     ---------------------------------
|     Total                0.50   75.90

|  PME Reciprocal Force CPU Time:
|
|     Routine              Sec        %
|     ---------------------------------
|     1D bspline           0.01    0.78
|     Grid Charges         0.01    1.37
|     Scalar Sum           0.02    2.90
|     Gradient Sum         0.02    3.09
|     FFT                  0.07   10.03
|     ---------------------------------
|     Total                0.12   18.18

|  Setup CPU time:            0.02 seconds
|  NonSetup CPU time:         0.66 seconds
|  Total CPU time:            0.68 seconds     0.00 hours

|  Setup wall time:           0    seconds
|  NonSetup wall time:        1    seconds
|  Total wall time:           1    seconds     0.00 hours
