
          -------------------------------------------------------
          Amber 22 PMEMD                              2022
          -------------------------------------------------------

| PMEMD implementation of SANDER, Release 22

|  Compiled date/time: Thu Apr 14 20:06:37 2022
| Run on 04/16/2024 at 19:02:25

|   Executable path: pmemd
| Working directory: /home/bel/github/TFG_DAO/SIMULACIONSTRE
|          Hostname: Unknown
  [-O]verwriting output

File Assignments:
|   MDIN: min.in                                                                
|  MDOUT: tremin5.out                                                           
| INPCRD: tre5.rst7                                                             
|   PARM: tre5.parm7                                                            
| RESTRT: min5tre.rst7                                                          
|   REFC: refc                                                                  
|  MDVEL: mdvel                                                                 
|   MDEN: mden                                                                  
|  MDCRD: mdcrd                                                                 
| MDINFO: mdinfo                                                                
|  MDFRC: mdfrc                                                                 


 Here is the input file:

  simple generalized Born minimization script                                  
 &cntrl                                                                        
   imin=1, ntb=1, maxcyc=100, ntpr=10, cut=8.0, ntmin=1,                       
 /                                                                             
                                                                               


Note: ig = -1. Setting random seed to    85062 based on wallclock time in 
      microseconds.
| irandom = 1, using AMBER's internal random number generator (default).
 
 
| Conditional Compilation Defines Used:
| PUBFFT
| BINTRAJ
| EMIL

| Largest sphere to fit in unit cell has radius =    16.263

| New format PARM file being parsed.
| Version =    1.000 Date = 04/16/24 Time = 19:02:10

| Note: 1-4 EEL scale factors are being read from the topology file.

| Note: 1-4 VDW scale factors are being read from the topology file.
| INFO:    Virtual site frames will be inferred from bonding patterns.
| Duplicated    0 dihedrals

| Duplicated    0 dihedrals

--------------------------------------------------------------------------------
   1.  RESOURCE   USE: 
--------------------------------------------------------------------------------

 getting new box info from bottom of inpcrd
 NATOM  =    3329 NTYPES =       9 NBONH =    2485 MBONA  =     845
 NTHETH =      48 MTHETA =      35 NPHIH =     120 MPHIA  =      88
 NHPARM =       0 NPARM  =       0 NNB   =    6005 NRES   =     822
 NBONA  =     845 NTHETA =      35 NPHIA =      88 NUMBND =       9
 NUMANG =      12 NPTRA  =      16 NATYP =       9 NPHB   =       1
 IFBOX  =       1 NMXRS  =      45 IFCAP =       0 NEXTRA =     821
 NCOPY  =       0

| Coordinate Index Table dimensions:     7    7    7
| Direct force subcell size =     5.0732    4.6467    4.7038

     BOX TYPE: RECTILINEAR

--------------------------------------------------------------------------------
   2.  CONTROL  DATA  FOR  THE  RUN
--------------------------------------------------------------------------------

default_name                                                                    

General flags:
     imin    =       1, nmropt  =       0

Nature and format of input:
     ntx     =       1, irest   =       0, ntrx    =       1

Nature and format of output:
     ntxo    =       2, ntpr    =      10, ntrx    =       1, ntwr    =       1
     iwrap   =       0, ntwx    =       0, ntwv    =       0, ntwe    =       0
     ioutfm  =       1, ntwprt  =       0, idecomp =       0, rbornstat=      0

Potential function:
     ntf     =       1, ntb     =       1, igb     =       0, nsnb    =      25
     ipol    =       0, gbsa    =       0, iesp    =       0
     dielc   =   1.00000, cut     =   8.00000, intdiel =   1.00000

Frozen or restrained atoms:
     ibelly  =       0, ntr     =       0

Energy minimization:
     maxcyc  =     100, ncyc    =      10, ntmin   =       1
     dx0     =   0.01000, drms    =   0.00010

| Intermolecular bonds treatment:
|     no_intermolecular_bonds =       1

| Energy averages sample interval:
|     ene_avg_sampling =       1

Extra-points options:
     frameon =       1, chngmask=       1

Ewald parameters:
     verbose =       0, ew_type =       0, nbflag  =       1, use_pme =       1
     vdwmeth =       1, eedmeth =       1, netfrc  =       0
     Box X =   35.512   Box Y =   32.527   Box Z =   32.927
     Alpha =   90.000   Beta  =   90.000   Gamma =   90.000
     NFFT1 =   36       NFFT2 =   36       NFFT3 =   36
     Cutoff=    8.000   Tol   =0.100E-04
     Ewald Coefficient =  0.34864
     Interpolation order =    4
|      EXTRA_PTS, trim_bonds: num bonds BEFORE trim =  2485     0
|      EXTRA_PTS, trim_bonds: num bonds AFTER  trim =  2485     0
|      EXTRA_PTS, trim_bonds: num bonds BEFORE trim =   845     0
|      EXTRA_PTS, trim_bonds: num bonds AFTER  trim =    24     0
|      EXTRA_PTS, trim_theta: num angle BEFORE trim =    48     0
|      EXTRA_PTS, trim_theta: num angle AFTER  trim =    48     0
|      EXTRA_PTS, trim_theta: num angle BEFORE trim =    35     0
|      EXTRA_PTS, trim_theta: num angle AFTER  trim =    35     0
|      EXTRA_PTS, trim_phi:  num diheds BEFORE trim =   120     0
|      EXTRA_PTS, trim_phi:  num diheds AFTER  trim =   120     0
|      EXTRA_PTS, trim_phi:  num diheds BEFORE trim =    88     0
|      EXTRA_PTS, trim_phi:  num diheds AFTER  trim =    88     0

--------------------------------------------------------------------------------
   3.  ATOMIC COORDINATES AND VELOCITIES
--------------------------------------------------------------------------------

default_name                                                                    
 begin time read from input coords =     0.000 ps

 
 Number of triangulated 3-point waters found:      821

     Sum of charges from parm topology file =   0.00200452
     Forcing neutrality...

| Dynamic Memory, Types Used:
| Reals              201323
| Integers           269688

| Nonbonded Pairs Initial Allocation:      556026

--------------------------------------------------------------------------------
   4.  RESULTS
--------------------------------------------------------------------------------

 ---------------------------------------------------
 APPROXIMATING switch and d/dx switch using CUBIC SPLINE INTERPOLATION
 using   5000.0 points per unit in tabled values
 TESTING RELATIVE ERROR over r ranging from 0.0 to cutoff
| CHECK switch(x): max rel err =   0.2738E-14   at   2.422500
| CHECK d/dx switch(x): max rel err =   0.8332E-11   at   2.782960
 ---------------------------------------------------
|---------------------------------------------------
| APPROXIMATING direct energy using CUBIC SPLINE INTERPOLATION
|  with   50.0 points per unit in tabled values
| Relative Error Limit not exceeded for r .gt.   2.47
| APPROXIMATING direct force using CUBIC SPLINE INTERPOLATION
|  with   50.0 points per unit in tabled values
| Relative Error Limit not exceeded for r .gt.   2.89
|---------------------------------------------------


   NSTEP       ENERGY          RMS            GMAX         NAME    NUMBER
      1       7.3430E+03     1.1303E+02     2.7233E+02     H1       2991

 BOND    =    15737.7116  ANGLE   =       26.5055  DIHED      =       43.7163
 VDWAALS =      787.5519  EEL     =    -9510.6961  HBOND      =        0.0000
 1-4 VDW =        9.3134  1-4 EEL =      248.9306  RESTRAINT  =        0.0000


   NSTEP       ENERGY          RMS            GMAX         NAME    NUMBER
     10       6.1857E+03     1.0970E+02     2.6406E+02     H1       2991

 BOND    =    14702.0018  ANGLE   =       26.2928  DIHED      =       43.7150
 VDWAALS =      786.5830  EEL     =    -9631.1267  HBOND      =        0.0000
 1-4 VDW =        9.3051  1-4 EEL =      248.9305  RESTRAINT  =        0.0000


   NSTEP       ENERGY          RMS            GMAX         NAME    NUMBER
     20      -1.4321E+04     1.3513E+01     9.0436E+01     O        2078

 BOND    =     3078.4273  ANGLE   =       16.8329  DIHED      =       44.9925
 VDWAALS =     1163.7277  EEL     =   -18875.7165  HBOND      =        0.0000
 1-4 VDW =        8.8576  1-4 EEL =      242.2212  RESTRAINT  =        0.0000


   NSTEP       ENERGY          RMS            GMAX         NAME    NUMBER
     30      -1.5219E+04     6.7622E+00     6.0522E+01     H2       2080

 BOND    =     2141.3958  ANGLE   =       12.0254  DIHED      =       44.5555
 VDWAALS =     1508.6287  EEL     =   -19179.5442  HBOND      =        0.0000
 1-4 VDW =        9.1017  1-4 EEL =      244.6634  RESTRAINT  =        0.0000


   NSTEP       ENERGY          RMS            GMAX         NAME    NUMBER
     40      -1.6192E+04     5.9552E+00     6.1061E+01     C2         24

 BOND    =     2357.3184  ANGLE   =       17.8525  DIHED      =       43.1700
 VDWAALS =     1968.9532  EEL     =   -20837.7849  HBOND      =        0.0000
 1-4 VDW =        9.9740  1-4 EEL =      248.4660  RESTRAINT  =        0.0000


   NSTEP       ENERGY          RMS            GMAX         NAME    NUMBER
     50      -1.7528E+04     6.4157E+00     5.1809E+01     C2         24

 BOND    =     4295.9125  ANGLE   =       11.3705  DIHED      =       42.7159
 VDWAALS =     4405.3739  EEL     =   -26544.1814  HBOND      =        0.0000
 1-4 VDW =       11.3933  1-4 EEL =      248.9750  RESTRAINT  =        0.0000


   NSTEP       ENERGY          RMS            GMAX         NAME    NUMBER
     60      -1.7851E+04     3.7223E+00     2.7961E+01     O        2078

 BOND    =     3700.5727  ANGLE   =        9.1417  DIHED      =       42.0105
 VDWAALS =     4222.2028  EEL     =   -26085.0689  HBOND      =        0.0000
 1-4 VDW =       10.6970  1-4 EEL =      249.3311  RESTRAINT  =        0.0000


   NSTEP       ENERGY          RMS            GMAX         NAME    NUMBER
     70      -1.8411E+04     5.4316E+00     5.9615E+01     H2       1996

 BOND    =     3742.1226  ANGLE   =       10.3055  DIHED      =       42.5389
 VDWAALS =     4330.1187  EEL     =   -26794.6642  HBOND      =        0.0000
 1-4 VDW =       11.3685  1-4 EEL =      247.4357  RESTRAINT  =        0.0000


   NSTEP       ENERGY          RMS            GMAX         NAME    NUMBER
     80      -1.8659E+04     5.1249E+00     8.1496E+01     O3         25

 BOND    =     4186.6681  ANGLE   =       22.8686  DIHED      =       41.5770
 VDWAALS =     4634.6585  EEL     =   -27803.2311  HBOND      =        0.0000
 1-4 VDW =       10.0300  1-4 EEL =      248.6342  RESTRAINT  =        0.0000


   NSTEP       ENERGY          RMS            GMAX         NAME    NUMBER
     90      -1.9081E+04     3.7663E+00     2.2915E+01     H2       1868

 BOND    =     4484.5579  ANGLE   =       10.2131  DIHED      =       41.3199
 VDWAALS =     4925.7523  EEL     =   -28802.7331  HBOND      =        0.0000
 1-4 VDW =       11.0179  1-4 EEL =      249.2105  RESTRAINT  =        0.0000


   NSTEP       ENERGY          RMS            GMAX         NAME    NUMBER
    100      -1.9430E+04     3.9614E+00     3.9289E+01     O          23

 BOND    =     4945.3863  ANGLE   =        9.9281  DIHED      =       41.2024
 VDWAALS =     5752.0664  EEL     =   -30436.7802  HBOND      =        0.0000
 1-4 VDW =       11.6923  1-4 EEL =      246.9200  RESTRAINT  =        0.0000


  Maximum number of minimization cycles reached.


                    FINAL RESULTS



   NSTEP       ENERGY          RMS            GMAX         NAME    NUMBER
    100      -1.9430E+04     3.9614E+00     3.9289E+01     O          23

 BOND    =     4945.3863  ANGLE   =        9.9281  DIHED      =       41.2024
 VDWAALS =     5752.0664  EEL     =   -30436.7802  HBOND      =        0.0000
 1-4 VDW =       11.6923  1-4 EEL =      246.9200  RESTRAINT  =        0.0000
--------------------------------------------------------------------------------
   5.  TIMINGS
--------------------------------------------------------------------------------

|  NonSetup CPU Time in Major Routines:
|
|     Routine           Sec        %
|     ------------------------------
|     Nonbond           1.08   98.69
|     Bond              0.00    0.30
|     Angle             0.00    0.06
|     Dihedral          0.00    0.27
|     Shake             0.00    0.00
|     Other             0.01    0.68
|     ------------------------------
|     Total             1.09

|  PME Nonbond Pairlist CPU Time:
|
|     Routine              Sec        %
|     ---------------------------------
|     Set Up Cit           0.00    0.03
|     Build List           0.03    2.94
|     ---------------------------------
|     Total                0.03    2.97

|  PME Direct Force CPU Time:
|
|     Routine              Sec        %
|     ---------------------------------
|     NonBonded Calc       0.82   75.48
|     Exclude Masked       0.01    1.21
|     Other                0.00    0.26
|     ---------------------------------
|     Total                0.84   76.95

|  PME Reciprocal Force CPU Time:
|
|     Routine              Sec        %
|     ---------------------------------
|     1D bspline           0.01    0.73
|     Grid Charges         0.02    1.39
|     Scalar Sum           0.03    3.07
|     Gradient Sum         0.03    2.94
|     FFT                  0.11   10.27
|     ---------------------------------
|     Total                0.20   18.41

|  Setup CPU time:            0.05 seconds
|  NonSetup CPU time:         1.09 seconds
|  Total CPU time:            1.14 seconds     0.00 hours

|  Setup wall time:           0    seconds
|  NonSetup wall time:        1    seconds
|  Total wall time:           1    seconds     0.00 hours
