
          -------------------------------------------------------
          Amber 22 PMEMD                              2022
          -------------------------------------------------------

| PMEMD implementation of SANDER, Release 22

|  Compiled date/time: Thu Apr 14 20:06:37 2022
| Run on 04/16/2024 at 18:57:07

|   Executable path: pmemd
| Working directory: /home/bel/github/TFG_DAO/SIMULACIONSTRE
|          Hostname: Unknown
  [-O]verwriting output

File Assignments:
|   MDIN: min.in                                                                
|  MDOUT: tremin2.out                                                           
| INPCRD: tre2.rst7                                                             
|   PARM: tre2.parm7                                                            
| RESTRT: min2tre.rst7                                                          
|   REFC: refc                                                                  
|  MDVEL: mdvel                                                                 
|   MDEN: mden                                                                  
|  MDCRD: mdcrd                                                                 
| MDINFO: mdinfo                                                                
|  MDFRC: mdfrc                                                                 


 Here is the input file:

  simple generalized Born minimization script                                  
 &cntrl                                                                        
   imin=1, ntb=1, maxcyc=100, ntpr=10, cut=8.0, ntmin=1,                       
 /                                                                             
                                                                               


Note: ig = -1. Setting random seed to   531196 based on wallclock time in 
      microseconds.
| irandom = 1, using AMBER's internal random number generator (default).
 
 
| Conditional Compilation Defines Used:
| PUBFFT
| BINTRAJ
| EMIL

| Largest sphere to fit in unit cell has radius =    16.393

| New format PARM file being parsed.
| Version =    1.000 Date = 04/16/24 Time = 18:56:55

| Note: 1-4 EEL scale factors are being read from the topology file.

| Note: 1-4 VDW scale factors are being read from the topology file.
| INFO:    Virtual site frames will be inferred from bonding patterns.
| Duplicated    0 dihedrals

| Duplicated    0 dihedrals

--------------------------------------------------------------------------------
   1.  RESOURCE   USE: 
--------------------------------------------------------------------------------

 getting new box info from bottom of inpcrd
 NATOM  =    3565 NTYPES =       9 NBONH =    2662 MBONA  =     904
 NTHETH =      48 MTHETA =      35 NPHIH =     120 MPHIA  =      88
 NHPARM =       0 NPARM  =       0 NNB   =    6418 NRES   =     881
 NBONA  =     904 NTHETA =      35 NPHIA =      88 NUMBND =       9
 NUMANG =      12 NPTRA  =      16 NATYP =       9 NPHB   =       1
 IFBOX  =       1 NMXRS  =      45 IFCAP =       0 NEXTRA =     880
 NCOPY  =       0

| Coordinate Index Table dimensions:     7    7    7
| Direct force subcell size =     5.0732    4.9377    4.6838

     BOX TYPE: RECTILINEAR

--------------------------------------------------------------------------------
   2.  CONTROL  DATA  FOR  THE  RUN
--------------------------------------------------------------------------------

default_name                                                                    

General flags:
     imin    =       1, nmropt  =       0

Nature and format of input:
     ntx     =       1, irest   =       0, ntrx    =       1

Nature and format of output:
     ntxo    =       2, ntpr    =      10, ntrx    =       1, ntwr    =       1
     iwrap   =       0, ntwx    =       0, ntwv    =       0, ntwe    =       0
     ioutfm  =       1, ntwprt  =       0, idecomp =       0, rbornstat=      0

Potential function:
     ntf     =       1, ntb     =       1, igb     =       0, nsnb    =      25
     ipol    =       0, gbsa    =       0, iesp    =       0
     dielc   =   1.00000, cut     =   8.00000, intdiel =   1.00000

Frozen or restrained atoms:
     ibelly  =       0, ntr     =       0

Energy minimization:
     maxcyc  =     100, ncyc    =      10, ntmin   =       1
     dx0     =   0.01000, drms    =   0.00010

| Intermolecular bonds treatment:
|     no_intermolecular_bonds =       1

| Energy averages sample interval:
|     ene_avg_sampling =       1

Extra-points options:
     frameon =       1, chngmask=       1

Ewald parameters:
     verbose =       0, ew_type =       0, nbflag  =       1, use_pme =       1
     vdwmeth =       1, eedmeth =       1, netfrc  =       0
     Box X =   35.512   Box Y =   34.564   Box Z =   32.787
     Alpha =   90.000   Beta  =   90.000   Gamma =   90.000
     NFFT1 =   36       NFFT2 =   36       NFFT3 =   36
     Cutoff=    8.000   Tol   =0.100E-04
     Ewald Coefficient =  0.34864
     Interpolation order =    4
|      EXTRA_PTS, trim_bonds: num bonds BEFORE trim =  2662     0
|      EXTRA_PTS, trim_bonds: num bonds AFTER  trim =  2662     0
|      EXTRA_PTS, trim_bonds: num bonds BEFORE trim =   904     0
|      EXTRA_PTS, trim_bonds: num bonds AFTER  trim =    24     0
|      EXTRA_PTS, trim_theta: num angle BEFORE trim =    48     0
|      EXTRA_PTS, trim_theta: num angle AFTER  trim =    48     0
|      EXTRA_PTS, trim_theta: num angle BEFORE trim =    35     0
|      EXTRA_PTS, trim_theta: num angle AFTER  trim =    35     0
|      EXTRA_PTS, trim_phi:  num diheds BEFORE trim =   120     0
|      EXTRA_PTS, trim_phi:  num diheds AFTER  trim =   120     0
|      EXTRA_PTS, trim_phi:  num diheds BEFORE trim =    88     0
|      EXTRA_PTS, trim_phi:  num diheds AFTER  trim =    88     0

--------------------------------------------------------------------------------
   3.  ATOMIC COORDINATES AND VELOCITIES
--------------------------------------------------------------------------------

default_name                                                                    
 begin time read from input coords =     0.000 ps

 
 Number of triangulated 3-point waters found:      880

     Sum of charges from parm topology file =   0.00200484
     Forcing neutrality...

| Dynamic Memory, Types Used:
| Reals              206869
| Integers           287801

| Nonbonded Pairs Initial Allocation:      595444

--------------------------------------------------------------------------------
   4.  RESULTS
--------------------------------------------------------------------------------

 ---------------------------------------------------
 APPROXIMATING switch and d/dx switch using CUBIC SPLINE INTERPOLATION
 using   5000.0 points per unit in tabled values
 TESTING RELATIVE ERROR over r ranging from 0.0 to cutoff
| CHECK switch(x): max rel err =   0.2738E-14   at   2.422500
| CHECK d/dx switch(x): max rel err =   0.8332E-11   at   2.782960
 ---------------------------------------------------
|---------------------------------------------------
| APPROXIMATING direct energy using CUBIC SPLINE INTERPOLATION
|  with   50.0 points per unit in tabled values
| Relative Error Limit not exceeded for r .gt.   2.47
| APPROXIMATING direct force using CUBIC SPLINE INTERPOLATION
|  with   50.0 points per unit in tabled values
| Relative Error Limit not exceeded for r .gt.   2.89
|---------------------------------------------------


   NSTEP       ENERGY          RMS            GMAX         NAME    NUMBER
      1       7.7473E+03     1.1320E+02     2.7393E+02     H1       3203

 BOND    =    16868.3763  ANGLE   =       26.6880  DIHED      =       43.7192
 VDWAALS =      836.2751  EEL     =   -10286.0456  HBOND      =        0.0000
 1-4 VDW =        9.3198  1-4 EEL =      248.9513  RESTRAINT  =        0.0000


   NSTEP       ENERGY          RMS            GMAX         NAME    NUMBER
     10       6.5472E+03     1.0999E+02     2.6590E+02     H1       3203

 BOND    =    15795.5055  ANGLE   =       26.4800  DIHED      =       43.7171
 VDWAALS =      835.2683  EEL     =   -10412.0109  HBOND      =        0.0000
 1-4 VDW =        9.3117  1-4 EEL =      248.9528  RESTRAINT  =        0.0000


   NSTEP       ENERGY          RMS            GMAX         NAME    NUMBER
     20      -1.5560E+04     1.3516E+01     1.0115E+02     C2         24

 BOND    =     3371.2798  ANGLE   =       17.2365  DIHED      =       44.4650
 VDWAALS =     1248.0889  EEL     =   -20494.0569  HBOND      =        0.0000
 1-4 VDW =        9.0439  1-4 EEL =      243.6192  RESTRAINT  =        0.0000


   NSTEP       ENERGY          RMS            GMAX         NAME    NUMBER
     30      -1.6525E+04     6.9073E+00     5.8081E+01     H2       2196

 BOND    =     2311.1267  ANGLE   =       12.2577  DIHED      =       43.7974
 VDWAALS =     1628.5624  EEL     =   -20777.4541  HBOND      =        0.0000
 1-4 VDW =        9.5376  1-4 EEL =      247.0883  RESTRAINT  =        0.0000


   NSTEP       ENERGY          RMS            GMAX         NAME    NUMBER
     40      -1.7575E+04     5.7559E+00     9.2885E+01     C2         24

 BOND    =     2547.7499  ANGLE   =       18.8047  DIHED      =       42.9083
 VDWAALS =     2126.2822  EEL     =   -22571.2600  HBOND      =        0.0000
 1-4 VDW =        9.9769  1-4 EEL =      250.1127  RESTRAINT  =        0.0000


   NSTEP       ENERGY          RMS            GMAX         NAME    NUMBER
     50      -1.8935E+04     6.4834E+00     5.2138E+01     C           1

 BOND    =     4472.9539  ANGLE   =       12.4121  DIHED      =       42.4676
 VDWAALS =     4580.0273  EEL     =   -28304.9914  HBOND      =        0.0000
 1-4 VDW =       10.4420  1-4 EEL =      251.2452  RESTRAINT  =        0.0000


   NSTEP       ENERGY          RMS            GMAX         NAME    NUMBER
     60      -1.9263E+04     3.6203E+00     2.9766E+01     O         446

 BOND    =     4012.2516  ANGLE   =        9.7356  DIHED      =       41.8317
 VDWAALS =     4419.3260  EEL     =   -28007.9601  HBOND      =        0.0000
 1-4 VDW =       10.0939  1-4 EEL =      251.2506  RESTRAINT  =        0.0000


   NSTEP       ENERGY          RMS            GMAX         NAME    NUMBER
     70      -1.9836E+04     6.0096E+00     5.1132E+01     H2       2112

 BOND    =     3979.1923  ANGLE   =       10.0332  DIHED      =       41.7266
 VDWAALS =     4647.4949  EEL     =   -28775.7148  HBOND      =        0.0000
 1-4 VDW =       11.4855  1-4 EEL =      249.2997  RESTRAINT  =        0.0000


   NSTEP       ENERGY          RMS            GMAX         NAME    NUMBER
     80      -2.0081E+04     5.2841E+00     4.4924E+01     O          23

 BOND    =     4748.7077  ANGLE   =       12.2766  DIHED      =       41.0199
 VDWAALS =     4919.4611  EEL     =   -30062.7572  HBOND      =        0.0000
 1-4 VDW =       10.6623  1-4 EEL =      250.0668  RESTRAINT  =        0.0000


   NSTEP       ENERGY          RMS            GMAX         NAME    NUMBER
     90      -2.0500E+04     3.5226E+00     3.3112E+01     O          23

 BOND    =     4874.4698  ANGLE   =       11.7785  DIHED      =       41.3186
 VDWAALS =     5229.4052  EEL     =   -30918.3196  HBOND      =        0.0000
 1-4 VDW =       11.0115  1-4 EEL =      250.7202  RESTRAINT  =        0.0000


   NSTEP       ENERGY          RMS            GMAX         NAME    NUMBER
    100      -2.0850E+04     4.1666E+00     6.9750E+01     O3         25

 BOND    =     5246.0383  ANGLE   =       22.9748  DIHED      =       42.2618
 VDWAALS =     6040.4140  EEL     =   -32462.3605  HBOND      =        0.0000
 1-4 VDW =       12.1772  1-4 EEL =      248.8815  RESTRAINT  =        0.0000


  Maximum number of minimization cycles reached.


                    FINAL RESULTS



   NSTEP       ENERGY          RMS            GMAX         NAME    NUMBER
    100      -2.0850E+04     4.1666E+00     6.9750E+01     O3         25

 BOND    =     5246.0383  ANGLE   =       22.9748  DIHED      =       42.2618
 VDWAALS =     6040.4140  EEL     =   -32462.3605  HBOND      =        0.0000
 1-4 VDW =       12.1772  1-4 EEL =      248.8815  RESTRAINT  =        0.0000
--------------------------------------------------------------------------------
   5.  TIMINGS
--------------------------------------------------------------------------------

|  NonSetup CPU Time in Major Routines:
|
|     Routine           Sec        %
|     ------------------------------
|     Nonbond           1.37   98.62
|     Bond              0.00    0.30
|     Angle             0.00    0.07
|     Dihedral          0.00    0.27
|     Shake             0.00    0.00
|     Other             0.01    0.74
|     ------------------------------
|     Total             1.39

|  PME Nonbond Pairlist CPU Time:
|
|     Routine              Sec        %
|     ---------------------------------
|     Set Up Cit           0.00    0.04
|     Build List           0.04    3.07
|     ---------------------------------
|     Total                0.04    3.11

|  PME Direct Force CPU Time:
|
|     Routine              Sec        %
|     ---------------------------------
|     NonBonded Calc       1.06   76.07
|     Exclude Masked       0.02    1.22
|     Other                0.00    0.34
|     ---------------------------------
|     Total                1.08   77.63

|  PME Reciprocal Force CPU Time:
|
|     Routine              Sec        %
|     ---------------------------------
|     1D bspline           0.01    0.77
|     Grid Charges         0.02    1.43
|     Scalar Sum           0.04    2.85
|     Gradient Sum         0.04    2.95
|     FFT                  0.13    9.53
|     ---------------------------------
|     Total                0.24   17.53

|  Setup CPU time:            0.04 seconds
|  NonSetup CPU time:         1.39 seconds
|  Total CPU time:            1.43 seconds     0.00 hours

|  Setup wall time:           0    seconds
|  NonSetup wall time:        1    seconds
|  Total wall time:           1    seconds     0.00 hours
