
          -------------------------------------------------------
          Amber 22 PMEMD                              2022
          -------------------------------------------------------

| PMEMD implementation of SANDER, Release 22

|  Compiled date/time: Thu Apr 14 20:06:37 2022
| Run on 04/17/2024 at 09:40:47

|   Executable path: pmemd
| Working directory: /home/pau/github/TFG_DAO/SIMULACIONSTRE
|          Hostname: Unknown
  [-O]verwriting output

File Assignments:
|   MDIN: min.in                                                                
|  MDOUT: tremin25.out                                                          
| INPCRD: tre25.rst7                                                            
|   PARM: tre25.parm7                                                           
| RESTRT: min25tre.rst7                                                         
|   REFC: refc                                                                  
|  MDVEL: mdvel                                                                 
|   MDEN: mden                                                                  
|  MDCRD: mdcrd                                                                 
| MDINFO: mdinfo                                                                
|  MDFRC: mdfrc                                                                 


 Here is the input file:

  simple generalized Born minimization script                                  
 &cntrl                                                                        
   imin=1, ntb=1, maxcyc=100, ntpr=10, cut=8.0, ntmin=1,                       
 /                                                                             
                                                                               


Note: ig = -1. Setting random seed to   377215 based on wallclock time in 
      microseconds.
| irandom = 1, using AMBER's internal random number generator (default).
 
 
| Conditional Compilation Defines Used:
| PUBFFT
| BINTRAJ
| EMIL

| Largest sphere to fit in unit cell has radius =    50.529

| New format PARM file being parsed.
| Version =    1.000 Date = 04/17/24 Time = 09:39:52

| Note: 1-4 EEL scale factors are being read from the topology file.

| Note: 1-4 VDW scale factors are being read from the topology file.
| INFO:    Virtual site frames will be inferred from bonding patterns.
| Duplicated    0 dihedrals

| Duplicated    0 dihedrals

--------------------------------------------------------------------------------
   1.  RESOURCE   USE: 
--------------------------------------------------------------------------------

 getting new box info from bottom of inpcrd
 NATOM  =  133473 NTYPES =       9 NBONH =   99811 MBONA  =   33687
 NTHETH =    1200 MTHETA =     875 NPHIH =    3000 MPHIA  =    2200
 NHPARM =       0 NPARM  =       0 NNB   =  238059 NRES   =   33112
 NBONA  =   33687 NTHETA =     875 NPHIA =    2200 NUMBND =       9
 NUMANG =      12 NPTRA  =      16 NATYP =       9 NPHB   =       1
 IFBOX  =       1 NMXRS  =      45 IFCAP =       0 NEXTRA =   33087
 NCOPY  =       0

| Coordinate Index Table dimensions:    24   22   24
| Direct force subcell size =     4.5013    4.5935    4.5170

     BOX TYPE: RECTILINEAR

--------------------------------------------------------------------------------
   2.  CONTROL  DATA  FOR  THE  RUN
--------------------------------------------------------------------------------

default_name                                                                    

General flags:
     imin    =       1, nmropt  =       0

Nature and format of input:
     ntx     =       1, irest   =       0, ntrx    =       1

Nature and format of output:
     ntxo    =       2, ntpr    =      10, ntrx    =       1, ntwr    =       1
     iwrap   =       0, ntwx    =       0, ntwv    =       0, ntwe    =       0
     ioutfm  =       1, ntwprt  =       0, idecomp =       0, rbornstat=      0

Potential function:
     ntf     =       1, ntb     =       1, igb     =       0, nsnb    =      25
     ipol    =       0, gbsa    =       0, iesp    =       0
     dielc   =   1.00000, cut     =   8.00000, intdiel =   1.00000

Frozen or restrained atoms:
     ibelly  =       0, ntr     =       0

Energy minimization:
     maxcyc  =     100, ncyc    =      10, ntmin   =       1
     dx0     =   0.01000, drms    =   0.00010

| Intermolecular bonds treatment:
|     no_intermolecular_bonds =       1

| Energy averages sample interval:
|     ene_avg_sampling =       1

Extra-points options:
     frameon =       1, chngmask=       1

Ewald parameters:
     verbose =       0, ew_type =       0, nbflag  =       1, use_pme =       1
     vdwmeth =       1, eedmeth =       1, netfrc  =       0
     Box X =  108.032   Box Y =  101.057   Box Z =  108.409
     Alpha =   90.000   Beta  =   90.000   Gamma =   90.000
     NFFT1 =  120       NFFT2 =  108       NFFT3 =  120
     Cutoff=    8.000   Tol   =0.100E-04
     Ewald Coefficient =  0.34864
     Interpolation order =    4
|      EXTRA_PTS, trim_bonds: num bonds BEFORE trim = 99811     0
|      EXTRA_PTS, trim_bonds: num bonds AFTER  trim = 99811     0
|      EXTRA_PTS, trim_bonds: num bonds BEFORE trim = 33687     0
|      EXTRA_PTS, trim_bonds: num bonds AFTER  trim =   600     0
|      EXTRA_PTS, trim_theta: num angle BEFORE trim =  1200     0
|      EXTRA_PTS, trim_theta: num angle AFTER  trim =  1200     0
|      EXTRA_PTS, trim_theta: num angle BEFORE trim =   875     0
|      EXTRA_PTS, trim_theta: num angle AFTER  trim =   875     0
|      EXTRA_PTS, trim_phi:  num diheds BEFORE trim =  3000     0
|      EXTRA_PTS, trim_phi:  num diheds AFTER  trim =  3000     0
|      EXTRA_PTS, trim_phi:  num diheds BEFORE trim =  2200     0
|      EXTRA_PTS, trim_phi:  num diheds AFTER  trim =  2200     0

--------------------------------------------------------------------------------
   3.  ATOMIC COORDINATES AND VELOCITIES
--------------------------------------------------------------------------------

default_name                                                                    
 begin time read from input coords =     0.000 ps

 
 Number of triangulated 3-point waters found:    33087

     Sum of charges from parm topology file =   0.05018185
     Assuming uniform neutralizing plasma

| Dynamic Memory, Types Used:
| Reals             3258411
| Integers         10596166

| Nonbonded Pairs Initial Allocation:    22293327

--------------------------------------------------------------------------------
   4.  RESULTS
--------------------------------------------------------------------------------

 ---------------------------------------------------
 APPROXIMATING switch and d/dx switch using CUBIC SPLINE INTERPOLATION
 using   5000.0 points per unit in tabled values
 TESTING RELATIVE ERROR over r ranging from 0.0 to cutoff
| CHECK switch(x): max rel err =   0.2738E-14   at   2.422500
| CHECK d/dx switch(x): max rel err =   0.8332E-11   at   2.782960
 ---------------------------------------------------
|---------------------------------------------------
| APPROXIMATING direct energy using CUBIC SPLINE INTERPOLATION
|  with   50.0 points per unit in tabled values
| Relative Error Limit not exceeded for r .gt.   2.47
| APPROXIMATING direct force using CUBIC SPLINE INTERPOLATION
|  with   50.0 points per unit in tabled values
| Relative Error Limit not exceeded for r .gt.   2.89
|---------------------------------------------------


   NSTEP       ENERGY          RMS            GMAX         NAME    NUMBER
      1       2.3755E+05     1.1494E+02     2.7686E+02     H1      61543

 BOND    =   633929.4319  ANGLE   =      665.0188  DIHED      =     1092.8529
 VDWAALS =    32955.5594  EEL     =  -437548.8326  HBOND      =        0.0000
 1-4 VDW =      232.9441  1-4 EEL =     6223.5808  RESTRAINT  =        0.0000


   NSTEP       ENERGY          RMS            GMAX         NAME    NUMBER
     10       2.3000E+05     1.1441E+02     2.7556E+02     H1      61543

 BOND    =   627265.0979  ANGLE   =      664.1836  DIHED      =     1092.8463
 VDWAALS =    32950.6084  EEL     =  -438425.3225  HBOND      =        0.0000
 1-4 VDW =      232.9141  1-4 EEL =     6223.5896  RESTRAINT  =        0.0000


   NSTEP       ENERGY          RMS            GMAX         NAME    NUMBER
     20      -6.6884E+05     1.3149E+01     1.1167E+02     C2        609

 BOND    =   140344.5010  ANGLE   =      432.9231  DIHED      =     1112.1988
 VDWAALS =    46752.9137  EEL     =  -863785.4271  HBOND      =        0.0000
 1-4 VDW =      232.1399  1-4 EEL =     6070.5432  RESTRAINT  =        0.0000


   NSTEP       ENERGY          RMS            GMAX         NAME    NUMBER
     30      -7.0199E+05     6.6370E+00     5.8254E+01     H2      29632

 BOND    =    98557.6582  ANGLE   =      298.1889  DIHED      =     1096.5848
 VDWAALS =    59418.3053  EEL     =  -867766.3277  HBOND      =        0.0000
 1-4 VDW =      245.0807  1-4 EEL =     6156.2537  RESTRAINT  =        0.0000


   NSTEP       ENERGY          RMS            GMAX         NAME    NUMBER
     40      -7.3855E+05     5.3485E+00     1.0651E+02     C7        511

 BOND    =   111956.8493  ANGLE   =      501.1635  DIHED      =     1074.5827
 VDWAALS =    79765.4219  EEL     =  -938319.2208  HBOND      =        0.0000
 1-4 VDW =      263.8385  1-4 EEL =     6206.3726  RESTRAINT  =        0.0000


   NSTEP       ENERGY          RMS            GMAX         NAME    NUMBER
     50      -7.8631E+05     6.0483E+00     9.0964E+01     C         496

 BOND    =   173143.4924  ANGLE   =      341.8909  DIHED      =     1050.5339
 VDWAALS =   165292.0630  EEL     = -1132659.2611  HBOND      =        0.0000
 1-4 VDW =      274.7666  1-4 EEL =     6250.2891  RESTRAINT  =        0.0000


   NSTEP       ENERGY          RMS            GMAX         NAME    NUMBER
     60      -7.9602E+05     3.1783E+00     3.5643E+01     O      101526

 BOND    =   160741.9817  ANGLE   =      238.8253  DIHED      =     1035.0324
 VDWAALS =   161501.4447  EEL     = -1126042.0760  HBOND      =        0.0000
 1-4 VDW =      271.2782  1-4 EEL =     6235.0799  RESTRAINT  =        0.0000


   NSTEP       ENERGY          RMS            GMAX         NAME    NUMBER
     70      -8.1397E+05     6.2257E+00     9.4491E+01     H1      23823

 BOND    =   162904.4058  ANGLE   =      336.9710  DIHED      =     1026.9859
 VDWAALS =   168648.6984  EEL     = -1153395.5105  HBOND      =        0.0000
 1-4 VDW =      292.4210  1-4 EEL =     6211.7019  RESTRAINT  =        0.0000


   NSTEP       ENERGY          RMS            GMAX         NAME    NUMBER
     80      -8.2154E+05     4.4445E+00     1.0029E+02     C2       1059

 BOND    =   181930.5866  ANGLE   =      569.5799  DIHED      =     1010.2967
 VDWAALS =   178150.4908  EEL     = -1189690.3824  HBOND      =        0.0000
 1-4 VDW =      267.3026  1-4 EEL =     6220.3937  RESTRAINT  =        0.0000


   NSTEP       ENERGY          RMS            GMAX         NAME    NUMBER
     90      -8.3287E+05     2.9194E+00     4.3782E+01     H1     115571

 BOND    =   189352.7570  ANGLE   =      242.6793  DIHED      =     1005.4943
 VDWAALS =   189201.5687  EEL     = -1219183.1371  HBOND      =        0.0000
 1-4 VDW =      281.3943  1-4 EEL =     6231.2905  RESTRAINT  =        0.0000


   NSTEP       ENERGY          RMS            GMAX         NAME    NUMBER
    100      -8.4176E+05     3.1996E+00     6.3909E+01     O         113

 BOND    =   203417.4757  ANGLE   =      371.4756  DIHED      =     1008.3667
 VDWAALS =   215411.3818  EEL     = -1268469.9469  HBOND      =        0.0000
 1-4 VDW =      288.7207  1-4 EEL =     6213.0074  RESTRAINT  =        0.0000


  Maximum number of minimization cycles reached.


                    FINAL RESULTS



   NSTEP       ENERGY          RMS            GMAX         NAME    NUMBER
    100      -8.4176E+05     3.1996E+00     6.3909E+01     O         113

 BOND    =   203417.4757  ANGLE   =      371.4756  DIHED      =     1008.3667
 VDWAALS =   215411.3818  EEL     = -1268469.9469  HBOND      =        0.0000
 1-4 VDW =      288.7207  1-4 EEL =     6213.0074  RESTRAINT  =        0.0000
--------------------------------------------------------------------------------
   5.  TIMINGS
--------------------------------------------------------------------------------

|  NonSetup CPU Time in Major Routines:
|
|     Routine           Sec        %
|     ------------------------------
|     Nonbond          30.65   98.96
|     Bond              0.08    0.25
|     Angle             0.01    0.02
|     Dihedral          0.04    0.13
|     Shake             0.00    0.00
|     Other             0.20    0.64
|     ------------------------------
|     Total            30.97

|  PME Nonbond Pairlist CPU Time:
|
|     Routine              Sec        %
|     ---------------------------------
|     Set Up Cit           0.02    0.06
|     Build List           1.42    4.59
|     ---------------------------------
|     Total                1.44    4.65

|  PME Direct Force CPU Time:
|
|     Routine              Sec        %
|     ---------------------------------
|     NonBonded Calc      22.75   73.44
|     Exclude Masked       0.29    0.95
|     Other                0.34    1.10
|     ---------------------------------
|     Total               23.38   75.49

|  PME Reciprocal Force CPU Time:
|
|     Routine              Sec        %
|     ---------------------------------
|     1D bspline           1.04    3.34
|     Grid Charges         0.83    2.68
|     Scalar Sum           0.61    1.98
|     Gradient Sum         0.79    2.54
|     FFT                  2.45    7.92
|     ---------------------------------
|     Total                5.72   18.46

|  Setup CPU time:            0.50 seconds
|  NonSetup CPU time:        30.97 seconds
|  Total CPU time:           31.47 seconds     0.01 hours

|  Setup wall time:           1    seconds
|  NonSetup wall time:       31    seconds
|  Total wall time:          32    seconds     0.01 hours
