            --------------------------------------------------------
                             AMBER SQM VERSION 19
 
                                     By
              Ross C. Walker, Michael F. Crowley, Scott Brozell,
                         Tim Giese, Andreas W. Goetz,
                        Tai-Sung Lee and David A. Case
 
            --------------------------------------------------------
 

--------------------------------------------------------------------------------
  QM CALCULATION INFO
--------------------------------------------------------------------------------

| QMMM: Citation for AMBER QMMM Run:
| QMMM: R.C. Walker, M.F. Crowley and D.A. Case, J. COMP. CHEM. 29:1019, 2008

QMMM: SINGLET STATE CALCULATION
QMMM: RHF CALCULATION, NO. OF DOUBLY OCCUPIED LEVELS = 61

| QMMM: *** Selected Hamiltonian *** 
| QMMM: AM1         

| QMMM: *** Parameter sets in use ***
| QMMM: N : M.J.S.DEWAR et al. JACS, 107, 3902, (1985)
| QMMM: C : M.J.S.DEWAR et al. JACS, 107, 3902, (1985)
| QMMM: O : M.J.S.DEWAR et al. JACS, 107, 3902, (1985)
| QMMM: H : M.J.S.DEWAR et al. JACS, 107, 3902, (1985)

| QMMM: *** SCF convergence criteria ***
| QMMM: Energy change                :  0.1D-09 kcal/mol
| QMMM: Error matrix |FP-PF|         :  0.1D+00 au
| QMMM: Density matrix change        :  0.5D-06
| QMMM: Maximum number of SCF cycles :     1000

| QMMM: *** Diagonalization Routine Information ***
| QMMM: Pseudo diagonalizations are allowed.
| QMMM: Auto diagonalization routine selection is in use.
| QMMM:
| QMMM: Timing diagonalization routines:
| QMMM:                              norbs =      109
| QMMM:    diag iterations used for timing =       10
| QMMM:
| QMMM:              Internal diag routine = 0.026871 seconds
| QMMM:                 Dspev diag routine = 0.024905 seconds
| QMMM:                Dspevd diag routine = 0.016302 seconds
| QMMM:                Dspevx diag routine = 0.079423 seconds
| QMMM:                 Dsyev diag routine = 0.027538 seconds
| QMMM:                Dsyevd diag routine = 0.019265 seconds
| QMMM:                Dsyevr diag routine = 0.019744 seconds
| QMMM:
| QMMM:                Pseudo diag routine = 0.008911 seconds
| QMMM:
| QMMM: Using dspevd routine (diag_routine=3).

  QMMM: QM Region Cartesian Coordinates (*=link atom) 
  QMMM: QM_NO.   MM_NO.  ATOM         X         Y         Z
  QMMM:     1        1      N       -0.8870   -2.4570   -1.6710
  QMMM:     2        2      C       -1.7960   -1.6130   -0.8830
  QMMM:     3        3      C       -2.0510   -2.2680    0.4760
  QMMM:     4        4      C       -2.5690   -3.6930    0.2670
  QMMM:     5        5      O       -0.8320   -2.3090    1.2210
  QMMM:     6        6      C       -1.1710   -0.2570   -0.6780
  QMMM:     7        7      N        0.1000   -0.0540   -0.5230
  QMMM:     8        8      N       -1.8710    0.9160   -0.6370
  QMMM:     9        9      C       -0.9960    1.9270   -0.4390
  QMMM:    10       10      O       -1.2480    3.1150   -0.3470
  QMMM:    11       11      C        0.3270    1.2850   -0.3620
  QMMM:    12       12      C       -3.3220    1.0540   -0.7830
  QMMM:    13       13      C       -3.9740    0.9600    0.5720
  QMMM:    14       14      O       -3.2970    0.7940    1.5590
  QMMM:    15       15      C        1.5430    1.9040   -0.1690
  QMMM:    16       16      C        2.7570    1.1010   -0.0080
  QMMM:    17       17      C        2.7090   -0.2900   -0.1800
  QMMM:    18       18      C        3.9730    1.7210    0.3130
  QMMM:    19       19      C        3.8500   -1.0350   -0.0330
  QMMM:    20       20      C        5.1070    0.9640    0.4630
  QMMM:    21       21      C        5.0540   -0.4150    0.2850
  QMMM:    22       22      O        6.1800   -1.1580    0.4290
  QMMM:    23       23      O       -5.3080    1.0600    0.6820
  QMMM:    24       24      H       -0.0040   -2.5760   -1.1980
  QMMM:    25       25      H       -1.3110   -3.3490   -1.8770
  QMMM:    26       26      H       -2.7410   -1.5010   -1.4150
  QMMM:    27       27      H       -2.7930   -1.6890    1.0260
  QMMM:    28       28      H       -1.8270   -4.2720   -0.2830
  QMMM:    29       29      H       -2.7500   -4.1590    1.2350
  QMMM:    30       30      H       -3.4990   -3.6610   -0.3010
  QMMM:    31       31      H       -0.1250   -2.8100    0.7910
  QMMM:    32       32      H       -3.5510    2.0210   -1.2310
  QMMM:    33       33      H       -3.7000    0.2580   -1.4250
  QMMM:    34       34      H       -5.6810    0.9940    1.5720
  QMMM:    35       35      H        1.6000    2.9820   -0.1380
  QMMM:    36       36      H        1.7750   -0.7720   -0.4270
  QMMM:    37       37      H        4.0170    2.7920    0.4420
  QMMM:    38       38      H        3.8160   -2.1060   -0.1700
  QMMM:    39       39      H        6.0440    1.4400    0.7100
  QMMM:    40       40      H        6.6820   -1.2740   -0.3890

--------------------------------------------------------------------------------
  RESULTS
--------------------------------------------------------------------------------

      iter         sqm energy              rms gradient
      ----    -------------------    -----------------------
xmin    10     -134.9601 kcal/mol        1.1801 kcal/(mol*A)
xmin    20     -137.2859 kcal/mol        0.6551 kcal/(mol*A)
xmin    30     -137.6846 kcal/mol        0.2790 kcal/(mol*A)
xmin    40     -137.8535 kcal/mol        0.2308 kcal/(mol*A)
xmin    50     -137.8965 kcal/mol        0.2259 kcal/(mol*A)
xmin    60     -137.9491 kcal/mol        0.0944 kcal/(mol*A)
xmin    70     -137.9629 kcal/mol        0.0889 kcal/(mol*A)
xmin    80     -137.9705 kcal/mol        0.0433 kcal/(mol*A)
xmin    90     -137.9714 kcal/mol        0.0330 kcal/(mol*A)
xmin   100     -137.9831 kcal/mol        0.1377 kcal/(mol*A)
xmin   110     -138.0739 kcal/mol        0.2152 kcal/(mol*A)
xmin   120     -138.2467 kcal/mol        0.3338 kcal/(mol*A)
xmin   130     -138.4209 kcal/mol        0.2063 kcal/(mol*A)
xmin   140     -138.6129 kcal/mol        0.2613 kcal/(mol*A)
xmin   150     -138.6888 kcal/mol        0.2875 kcal/(mol*A)
xmin   160     -138.7432 kcal/mol        0.0434 kcal/(mol*A)
xmin   170     -138.7485 kcal/mol        0.1997 kcal/(mol*A)
xmin   180     -138.7534 kcal/mol        0.0373 kcal/(mol*A)
xmin   190     -138.7564 kcal/mol        0.0491 kcal/(mol*A)
xmin   200     -138.7981 kcal/mol        0.2700 kcal/(mol*A)
xmin   210     -139.2981 kcal/mol        0.5945 kcal/(mol*A)
xmin   220     -140.5994 kcal/mol        0.5000 kcal/(mol*A)
xmin   230     -141.5174 kcal/mol        0.5243 kcal/(mol*A)
xmin   240     -142.0520 kcal/mol        0.0734 kcal/(mol*A)
xmin   250     -142.0801 kcal/mol        0.0710 kcal/(mol*A)
xmin   260     -142.0823 kcal/mol        0.0624 kcal/(mol*A)
xmin   270     -142.0876 kcal/mol        0.0831 kcal/(mol*A)
xmin   280     -142.0998 kcal/mol        0.1395 kcal/(mol*A)
xmin   290     -142.1225 kcal/mol        0.0837 kcal/(mol*A)
xmin   300     -142.1495 kcal/mol        0.0927 kcal/(mol*A)
xmin   310     -142.1582 kcal/mol        0.0456 kcal/(mol*A)
xmin   320     -142.1596 kcal/mol        0.0320 kcal/(mol*A)
xmin   330     -142.1617 kcal/mol        0.0405 kcal/(mol*A)
xmin   340     -142.1629 kcal/mol        0.0168 kcal/(mol*A)
xmin   350     -142.1633 kcal/mol        0.0108 kcal/(mol*A)
xmin   360     -142.1635 kcal/mol        0.0079 kcal/(mol*A)
xmin   370     -142.1636 kcal/mol        0.0020 kcal/(mol*A)
xmin   380     -142.1636 kcal/mol        0.0007 kcal/(mol*A)
  ... geometry converged !
 
 Final MO eigenvalues (eV):
 -41.8936  -40.8110  -40.5104  -39.5022  -38.1670  -37.9559  -36.9262  -35.6611
 -35.3499  -33.1976  -31.9269  -31.6483  -29.6037  -29.2886  -27.1036  -24.9386
 -24.0569  -23.6168  -23.3257  -22.0453  -20.8825  -20.5559  -19.3363  -19.2975
 -18.5436  -18.0322  -17.7669  -17.5569  -17.3296  -16.8671  -16.5661  -16.4203
 -16.0961  -15.8888  -15.7604  -15.6287  -15.3527  -15.1012  -14.6791  -14.6201
 -14.5221  -14.4011  -13.8837  -13.5784  -13.4411  -13.1889  -13.0115  -12.9588
 -12.8892  -12.6826  -12.6382  -12.3024  -12.1092  -12.0175  -11.9793  -11.1809
 -10.8553  -10.1609  -10.1063   -9.9730   -8.7610   -1.0889    0.2155    0.4328
   0.4898    1.0044    1.0959    1.8576    2.0638    2.5067    2.6240    2.7012
   2.7531    3.2011    3.2109    3.2713    3.4922    3.5458    3.5583    3.6252
   3.6359    3.7047    3.7675    3.8902    3.9559    4.0601    4.0952    4.2091
   4.3802    4.4795    4.5835    4.6367    4.7651    4.7894    4.8769    4.9061
   4.9851    5.0150    5.1471    5.3485    5.4802    5.5465    5.6241    5.8980
   6.0542    6.0731    6.1602    6.3032    6.4741

 Heat of formation   =       -142.16358173 kcal/mol  (       -6.16467550 eV)

 Total SCF energy    =    -100938.88905260 kcal/mol  (    -4377.03868230 eV)
 Electronic energy   =    -674077.98475333 kcal/mol  (   -29230.21485423 eV)
 Core-core repulsion =     573139.09570072 kcal/mol  (    24853.17617192 eV)
 
    Atomic Charges for Step       1 :
  Atom    Element       Mulliken Charge
     1      N                 -0.329
     2      C                 -0.017
     3      C                  0.003
     4      C                 -0.256
     5      O                 -0.332
     6      C                  0.101
     7      N                 -0.163
     8      N                 -0.322
     9      C                  0.319
    10      O                 -0.305
    11      C                 -0.142
    12      C                  0.004
    13      C                  0.287
    14      O                 -0.368
    15      C                  0.018
    16      C                 -0.111
    17      C                 -0.039
    18      C                 -0.070
    19      C                 -0.229
    20      C                 -0.168
    21      C                  0.102
    22      O                 -0.246
    23      O                 -0.305
    24      H                  0.153
    25      H                  0.164
    26      H                  0.128
    27      H                  0.131
    28      H                  0.099
    29      H                  0.090
    30      H                  0.098
    31      H                  0.203
    32      H                  0.154
    33      H                  0.138
    34      H                  0.248
    35      H                  0.149
    36      H                  0.159
    37      H                  0.138
    38      H                  0.138
    39      H                  0.155
    40      H                  0.222
 Total Mulliken Charge =      -0.000
 
                  X        Y        Z     TOTAL  
  QM DIPOLE    -0.141   -1.393   -0.497    1.486
 
 Final Structure

  QMMM: QM Region Cartesian Coordinates (*=link atom) 
  QMMM: QM_NO.   MM_NO.  ATOM         X         Y         Z
  QMMM:     1        1      N       -1.8376   -2.2802   -2.3521
  QMMM:     2        2      C       -1.9391   -1.9063   -0.9540
  QMMM:     3        3      C       -1.4077   -2.9662    0.0541
  QMMM:     4        4      C       -1.7178   -2.5646    1.4810
  QMMM:     5        5      O       -1.9832   -4.2236   -0.2700
  QMMM:     6        6      C       -1.2357   -0.5815   -0.7185
  QMMM:     7        7      N        0.0662   -0.4350   -0.4999
  QMMM:     8        8      N       -1.9528    0.6532   -0.7400
  QMMM:     9        9      C       -1.0045    1.6943   -0.5085
  QMMM:    10       10      O       -1.2624    2.8990   -0.4712
  QMMM:    11       11      C        0.3128    0.9647   -0.3381
  QMMM:    12       12      C       -3.3124    0.8487   -1.1051
  QMMM:    13       13      C       -4.3067    0.4922   -0.0141
  QMMM:    14       14      O       -4.3524   -0.5015    0.7161
  QMMM:    15       15      C        1.4591    1.6185   -0.0613
  QMMM:    16       16      C        2.7796    1.0671    0.1429
  QMMM:    17       17      C        3.1856   -0.1694   -0.3783
  QMMM:    18       18      C        3.7025    1.8284    0.8898
  QMMM:    19       19      C        4.4741   -0.6465   -0.1518
  QMMM:    20       20      C        4.9865    1.3652    1.1308
  QMMM:    21       21      C        5.3713    0.1176    0.6062
  QMMM:    22       22      O        6.6549   -0.2900    0.8745
  QMMM:    23       23      O       -5.3078    1.4026    0.1099
  QMMM:    24       24      H       -0.8792   -2.2975   -2.6458
  QMMM:    25       25      H       -2.2236   -3.2006   -2.4685
  QMMM:    26       26      H       -3.0450   -1.7753   -0.7306
  QMMM:    27       27      H       -0.3023   -3.1291   -0.0898
  QMMM:    28       28      H       -2.7838   -2.2407    1.5805
  QMMM:    29       29      H       -1.5392   -3.4317    2.1617
  QMMM:    30       30      H       -1.0594   -1.7206    1.7951
  QMMM:    31       31      H       -2.9021   -4.2073    0.0249
  QMMM:    32       32      H       -3.4559    1.9378   -1.3762
  QMMM:    33       33      H       -3.5752    0.2027   -1.9953
  QMMM:    34       34      H       -5.9288    1.1182    0.8016
  QMMM:    35       35      H        1.3844    2.7213    0.0442
  QMMM:    36       36      H        2.4947   -0.7757   -0.9841
  QMMM:    37       37      H        3.3963    2.8057    1.2958
  QMMM:    38       38      H        4.7836   -1.6171   -0.5644
  QMMM:    39       39      H        5.7062    1.9511    1.7195
  QMMM:    40       40      H        6.7868   -1.1580    0.4649

           --------- Calculation Completed ----------

