            --------------------------------------------------------
                             AMBER SQM VERSION 19
 
                                     By
              Ross C. Walker, Michael F. Crowley, Scott Brozell,
                         Tim Giese, Andreas W. Goetz,
                        Tai-Sung Lee and David A. Case
 
            --------------------------------------------------------
 

--------------------------------------------------------------------------------
  QM CALCULATION INFO
--------------------------------------------------------------------------------

| QMMM: Citation for AMBER QMMM Run:
| QMMM: R.C. Walker, M.F. Crowley and D.A. Case, J. COMP. CHEM. 29:1019, 2008

QMMM: SINGLET STATE CALCULATION
QMMM: RHF CALCULATION, NO. OF DOUBLY OCCUPIED LEVELS = 40

| QMMM: *** Selected Hamiltonian *** 
| QMMM: AM1         

| QMMM: *** Parameter sets in use ***
| QMMM: C : M.J.S.DEWAR et al. JACS, 107, 3902, (1985)
| QMMM: N : M.J.S.DEWAR et al. JACS, 107, 3902, (1985)
| QMMM: O : M.J.S.DEWAR et al. JACS, 107, 3902, (1985)
| QMMM: H : M.J.S.DEWAR et al. JACS, 107, 3902, (1985)

| QMMM: *** SCF convergence criteria ***
| QMMM: Energy change                :  0.1D-09 kcal/mol
| QMMM: Error matrix |FP-PF|         :  0.1D+00 au
| QMMM: Density matrix change        :  0.5D-06
| QMMM: Maximum number of SCF cycles :     1000

| QMMM: *** Diagonalization Routine Information ***
| QMMM: Pseudo diagonalizations are allowed.
| QMMM: Auto diagonalization routine selection is in use.
| QMMM:
| QMMM: Timing diagonalization routines:
| QMMM:                              norbs =       69
| QMMM:    diag iterations used for timing =       15
| QMMM:
| QMMM:              Internal diag routine = 0.007020 seconds
| QMMM:                 Dspev diag routine = 0.006611 seconds
| QMMM:                Dspevd diag routine = 0.005002 seconds
| QMMM:                Dspevx diag routine = 0.027134 seconds
| QMMM:                 Dsyev diag routine = 0.007363 seconds
| QMMM:                Dsyevd diag routine = 0.005905 seconds
| QMMM:                Dsyevr diag routine = 0.006930 seconds
| QMMM:
| QMMM:                Pseudo diag routine = 0.001958 seconds
| QMMM:
| QMMM: Using dspevd routine (diag_routine=3).

  QMMM: QM Region Cartesian Coordinates (*=link atom) 
  QMMM: QM_NO.   MM_NO.  ATOM         X         Y         Z
  QMMM:     1        1      C       -2.2320   31.3840   38.4210
  QMMM:     2        2      C       -2.2520   31.0600   36.9430
  QMMM:     3        3      C       -3.1590   29.8270   36.7380
  QMMM:     4        4      C       -2.7810   28.6890   37.6980
  QMMM:     5        5      C       -2.8850   29.2090   39.1300
  QMMM:     6        6      C       -2.5520   28.2430   40.2190
  QMMM:     7        7      C       -1.9930   33.0730   35.5450
  QMMM:     8        8      C       -2.6650   34.4310   35.1310
  QMMM:     9        9      N       -2.7420   32.2790   36.3260
  QMMM:    10       10      O       -3.0330   29.3240   35.4050
  QMMM:    11       11      O       -3.6530   27.5750   37.5430
  QMMM:    12       12      O       -1.9730   30.2870   39.2490
  QMMM:    13       13      O       -1.1610   28.0930   40.4590
  QMMM:    14       14      O       -0.8760   32.7550   35.1280
  QMMM:    15       15      H       -0.7180   28.9630   40.3720
  QMMM:    16       16      H       -3.2060   26.7630   37.8610
  QMMM:    17       17      H       -3.5110   28.4720   35.3300
  QMMM:    18       18      H       -3.7110   32.5480   36.4960
  QMMM:    19       19      H       -3.5830   34.2290   34.5780
  QMMM:    20       20      H       -2.9000   35.0080   36.0250
  QMMM:    21       21      H       -1.9800   34.9990   34.5020
  QMMM:    22       22      H       -3.0350   28.5700   41.1400
  QMMM:    23       23      H       -2.9730   27.2700   39.9670
  QMMM:    24       24      H       -3.9360   29.4640   39.2700
  QMMM:    25       25      H       -1.7660   28.3620   37.4750
  QMMM:    26       26      H       -4.1810   30.1530   36.9310
  QMMM:    27       27      H       -1.2920   30.7910   36.5020

--------------------------------------------------------------------------------
  RESULTS
--------------------------------------------------------------------------------

      iter         sqm energy              rms gradient
      ----    -------------------    -----------------------
xmin    10     -172.3322 kcal/mol        0.6799 kcal/(mol*A)
xmin    20     -172.5858 kcal/mol        0.1999 kcal/(mol*A)
xmin    30     -172.6095 kcal/mol        0.0552 kcal/(mol*A)
xmin    40     -172.6191 kcal/mol        0.0395 kcal/(mol*A)
xmin    50     -172.6209 kcal/mol        0.0106 kcal/(mol*A)
xmin    60     -172.6210 kcal/mol        0.0043 kcal/(mol*A)
xmin    70     -172.6210 kcal/mol        0.0006 kcal/(mol*A)
  ... geometry converged !
 
 Final MO eigenvalues (eV):
 -42.1697  -39.7265  -39.2939  -38.4849  -37.4097  -35.5014  -32.5356  -31.8105
 -29.8478  -26.9676  -24.4705  -24.0419  -21.6936  -20.8828  -19.7340  -19.0832
 -18.7259  -17.7915  -17.6269  -17.1562  -16.6604  -16.3974  -15.8968  -15.6638
 -15.4635  -15.0185  -14.6933  -14.3866  -14.0033  -13.6667  -13.5596  -13.1087
 -12.9518  -12.5126  -11.9310  -11.5307  -11.2261  -10.8521  -10.6106   -9.2934
   0.3289    1.4079    1.4449    1.9062    2.5671    2.8206    2.8794    2.9130
   3.1167    3.2149    3.4671    3.5293    3.5342    3.6487    3.7650    3.8266
   3.9550    4.0464    4.0847    4.1675    4.2377    4.5208    5.1999    5.4980
   5.7920    6.0258    6.1598    6.2756    7.0661

 Heat of formation   =       -172.62101188 kcal/mol  (       -7.48540878 eV)

 Total SCF energy    =     -69449.07536989 kcal/mol  (    -3011.53789384 eV)
 Electronic energy   =    -369306.01026004 kcal/mol  (   -16014.31031872 eV)
 Core-core repulsion =     299856.93489016 kcal/mol  (    13002.77242488 eV)
 
    Atomic Charges for Step       1 :
  Atom    Element       Mulliken Charge
     1      C                  0.023
     2      C                 -0.062
     3      C                  0.010
     4      C                 -0.032
     5      C                 -0.146
     6      C                 -0.019
     7      C                  0.316
     8      C                 -0.240
     9      N                 -0.357
    10      O                 -0.306
    11      O                 -0.326
    12      O                 -0.090
    13      O                 -0.325
    14      O                 -0.360
    15      H                  0.213
    16      H                  0.217
    17      H                  0.219
    18      H                  0.225
    19      H                  0.102
    20      H                  0.100
    21      H                  0.119
    22      H                  0.091
    23      H                  0.110
    24      H                  0.128
    25      H                  0.119
    26      H                  0.089
    27      H                  0.182
 Total Mulliken Charge =      -0.000
 
                  X        Y        Z     TOTAL  
  QM DIPOLE    -4.047   -0.958    1.437    4.400
 
 Final Structure

  QMMM: QM Region Cartesian Coordinates (*=link atom) 
  QMMM: QM_NO.   MM_NO.  ATOM         X         Y         Z
  QMMM:     1        1      C       -2.2709   31.3557   38.6016
  QMMM:     2        2      C       -2.3916   31.1391   37.1137
  QMMM:     3        3      C       -3.2583   29.8904   36.7981
  QMMM:     4        4      C       -2.8214   28.7473   37.7332
  QMMM:     5        5      C       -3.0555   29.1341   39.1912
  QMMM:     6        6      C       -2.3751   28.1771   40.1666
  QMMM:     7        7      C       -2.0043   33.0575   35.6054
  QMMM:     8        8      C       -2.5946   34.2928   34.9712
  QMMM:     9        9      N       -2.8391   32.3168   36.4270
  QMMM:    10       10      O       -3.0219   29.5360   35.4511
  QMMM:    11       11      O       -3.6263   27.6326   37.3823
  QMMM:    12       12      O       -2.5203   30.4651   39.4794
  QMMM:    13       13      O       -0.9929   28.0551   39.9109
  QMMM:    14       14      O       -0.8276   32.7073   35.3960
  QMMM:    15       15      H       -0.5893   28.9100   40.1102
  QMMM:    16       16      H       -3.2007   26.8514   37.7569
  QMMM:    17       17      H       -3.4943   28.7053   35.2977
  QMMM:    18       18      H       -3.7462   32.6519   36.6370
  QMMM:    19       19      H       -3.4662   34.0233   34.3275
  QMMM:    20       20      H       -2.9261   35.0156   35.7549
  QMMM:    21       21      H       -1.8111   34.7766   34.3382
  QMMM:    22       22      H       -2.5547   28.5238   41.2187
  QMMM:    23       23      H       -2.7900   27.1425   40.0269
  QMMM:    24       24      H       -4.1550   29.1888   39.4138
  QMMM:    25       25      H       -1.7319   28.5105   37.5706
  QMMM:    26       26      H       -4.3528   30.0999   36.9520
  QMMM:    27       27      H       -1.3308   30.9147   36.7519

           --------- Calculation Completed ----------

