
          -------------------------------------------------------
          Amber 22 PMEMD                              2022
          -------------------------------------------------------

| PMEMD implementation of SANDER, Release 22

|  Compiled date/time: Thu Apr 14 20:06:37 2022
| Run on 02/29/2024 at 12:36:37

|   Executable path: pmemd
| Working directory: /home/bel/github/TFG_DAO/prova2
|          Hostname: Unknown
  [-O]verwriting output

File Assignments:
|   MDIN: min.in                                                                
|  MDOUT: min1.out                                                              
| INPCRD: dao.rst7                                                              
|   PARM: dao.parm7                                                             
| RESTRT: min1.rst7                                                             
|   REFC: refc                                                                  
|  MDVEL: mdvel                                                                 
|   MDEN: mden                                                                  
|  MDCRD: mdcrd                                                                 
| MDINFO: mdinfo                                                                
|  MDFRC: mdfrc                                                                 


 Here is the input file:

  simple generalized Born minimization script                                  
 &cntrl                                                                        
   imin=1, ntb=0, maxcyc=100, ntpr=10, cut=1000., igb=8,                       
 /                                                                             
                                                                               


Note: ig = -1. Setting random seed to    31386 based on wallclock time in 
      microseconds.
| irandom = 1, using AMBER's internal random number generator (default).
 
| Conditional Compilation Defines Used:
| PUBFFT
| BINTRAJ
| EMIL

| New format PARM file being parsed.
| Version =    1.000 Date = 02/29/24 Time = 12:32:42

| Note: 1-4 EEL scale factors are being read from the topology file.

| Note: 1-4 VDW scale factors are being read from the topology file.
| INFO:    Reading atomic numbers from topology file.
| Duplicated    0 dihedrals

| Duplicated    0 dihedrals

--------------------------------------------------------------------------------
   1.  RESOURCE   USE: 
--------------------------------------------------------------------------------

 NATOM  =   20506 NTYPES =      17 NBONH =   10176 MBONA  =   10610
 NTHETH =   23182 MTHETA =   14458 NPHIH =   47038 MPHIA  =   46290
 NHPARM =       0 NPARM  =       0 NNB   =  113874 NRES   =    1288
 NBONA  =   10610 NTHETA =   14458 NPHIA =   46290 NUMBND =      77
 NUMANG =     189 NPTRA  =     218 NATYP =      37 NPHB   =       0
 IFBOX  =       0 NMXRS  =      24 IFCAP =       0 NEXTRA =       0
 NCOPY  =       0

 Implicit solvent radii are ArgH and AspGluO modified Bondi2 radii (mbondi3)                                
 Replacing prmtop screening parameters with GBn2 (igb=8) values

--------------------------------------------------------------------------------
   2.  CONTROL  DATA  FOR  THE  RUN
--------------------------------------------------------------------------------

default_name                                                                    

General flags:
     imin    =       1, nmropt  =       0

Nature and format of input:
     ntx     =       1, irest   =       0, ntrx    =       1

Nature and format of output:
     ntxo    =       2, ntpr    =      10, ntrx    =       1, ntwr    =       1
     iwrap   =       0, ntwx    =       0, ntwv    =       0, ntwe    =       0
     ioutfm  =       1, ntwprt  =       0, idecomp =       0, rbornstat=      0

Potential function:
     ntf     =       1, ntb     =       0, igb     =       8, nsnb    =      25
     ipol    =       0, gbsa    =       0, iesp    =       0
     dielc   =   1.00000, cut     =1000.00000, intdiel =   1.00000
     saltcon =   0.00000, offset  =   0.19514, surften =   0.00500
     rdt     =   0.00000, rgbmax  =  25.00000  extdiel =  78.50000
     alpb  =        0
     gbalphaH  =   0.78844, gbbetaH   =   0.79870,  gbgammaH  =    0.43733
     gbalphaC  =   0.73376, gbbetaC   =   0.50638,  gbgammaC  =    0.20584
     gbalphaN  =   0.50336, gbbetaN   =   0.31683,  gbgammaN  =    0.19292
     gbalphaOS =   0.86781, gbbetaOS  =   0.87664,  gbgammaOS =    0.38788
     gbalphaP  =   1.00000, gbbetaP   =   0.80000,  gbgammaP  =    4.85000
     gb_alpha_hnu  =   0.53705, gb_beta_hnu   =   0.36286,  gb_gamma_hnu  =    0.11670
     gb_alpha_cnu  =   0.33167, gb_beta_cnu   =   0.19684,  gb_gamma_cnu  =    0.09342
     gb_alpha_nnu  =   0.68631, gb_beta_nnu   =   0.46319,  gb_gamma_nnu  =    0.13872
     gb_alpha_onu  =   0.60634, gb_beta_onu   =   0.46301,  gb_gamma_onu  =    0.14226
     gb_alpha_pnu  =   0.41836, gb_beta_pnu   =   0.29005,  gb_gamma_pnu  =    0.10642

Frozen or restrained atoms:
     ibelly  =       0, ntr     =       0

Energy minimization:
     maxcyc  =     100, ncyc    =      10, ntmin   =       1
     dx0     =   0.01000, drms    =   0.00010

| Intermolecular bonds treatment:
|     no_intermolecular_bonds =       1

| Energy averages sample interval:
|     ene_avg_sampling =       1

--------------------------------------------------------------------------------
   3.  ATOMIC COORDINATES AND VELOCITIES
--------------------------------------------------------------------------------

default_name                                                                    
 begin time read from input coords =     0.000 ps

 
 Number of triangulated 3-point waters found:        0
| Dynamic Memory, Types Used:
| Reals              566177
| Integers          2439183

--------------------------------------------------------------------------------
   4.  RESULTS
--------------------------------------------------------------------------------



   NSTEP       ENERGY          RMS            GMAX         NAME    NUMBER
      1      -3.0359E+04     3.6041E+01     3.4090E+03     SG      15306

 BOND    =     5973.1017  ANGLE   =     6700.2638  DIHED      =     6098.2313
 UB      =        0.0000  IMP     =        0.0000  CMAP       =     1129.0971
 VDWAALS =    -6727.0936  EEL     =   -95405.8752  EGB        =   -13641.6900
 1-4 VDW =     7527.3108  1-4 EEL =    57987.2713  RESTRAINT  =        0.0000


   NSTEP       ENERGY          RMS            GMAX         NAME    NUMBER
     10      -3.2061E+04     2.2474E+01     1.3125E+03     CB      15696

 BOND    =     5422.1871  ANGLE   =     6526.3084  DIHED      =     6095.2409
 UB      =        0.0000  IMP     =        0.0000  CMAP       =     1127.3727
 VDWAALS =    -7079.1389  EEL     =   -95394.1840  EGB        =   -13636.8010
 1-4 VDW =     6908.3756  1-4 EEL =    57969.2591  RESTRAINT  =        0.0000


   NSTEP       ENERGY          RMS            GMAX         NAME    NUMBER
     20      -4.4084E+04     4.5789E+00     1.9205E+02     CA      15694

 BOND    =      999.7367  ANGLE   =     4264.2212  DIHED      =     6178.1918
 UB      =        0.0000  IMP     =        0.0000  CMAP       =     1065.7130
 VDWAALS =   -10315.0737  EEL     =   -95070.7515  EGB        =   -13653.9566
 1-4 VDW =     5790.3167  1-4 EEL =    56657.8670  RESTRAINT  =        0.0000


   NSTEP       ENERGY          RMS            GMAX         NAME    NUMBER
     30      -4.5840E+04     4.5556E+00     1.2282E+02     CG      17425

 BOND    =      980.1197  ANGLE   =     3885.1284  DIHED      =     6215.3928
 UB      =        0.0000  IMP     =        0.0000  CMAP       =     1066.8363
 VDWAALS =   -10757.8533  EEL     =   -94808.6423  EGB        =   -13673.5058
 1-4 VDW =     5360.5119  1-4 EEL =    55891.5486  RESTRAINT  =        0.0000


   NSTEP       ENERGY          RMS            GMAX         NAME    NUMBER
     40      -4.7575E+04     3.4278E+00     1.4659E+02     CA      15694

 BOND    =      759.0097  ANGLE   =     3476.2508  DIHED      =     5994.4779
 UB      =        0.0000  IMP     =        0.0000  CMAP       =     1064.7024
 VDWAALS =   -11121.1863  EEL     =   -94723.2655  EGB        =   -13735.8299
 1-4 VDW =     4939.3633  1-4 EEL =    55771.6810  RESTRAINT  =        0.0000
