            --------------------------------------------------------
                             AMBER SQM VERSION 19
 
                                     By
              Ross C. Walker, Michael F. Crowley, Scott Brozell,
                         Tim Giese, Andreas W. Goetz,
                        Tai-Sung Lee and David A. Case
 
            --------------------------------------------------------
 

--------------------------------------------------------------------------------
  QM CALCULATION INFO
--------------------------------------------------------------------------------

| QMMM: Citation for AMBER QMMM Run:
| QMMM: R.C. Walker, M.F. Crowley and D.A. Case, J. COMP. CHEM. 29:1019, 2008

QMMM: SINGLET STATE CALCULATION
QMMM: RHF CALCULATION, NO. OF DOUBLY OCCUPIED LEVELS = 44

| QMMM: *** Selected Hamiltonian *** 
| QMMM: AM1         

| QMMM: *** Parameter sets in use ***
| QMMM: C : M.J.S.DEWAR et al. JACS, 107, 3902, (1985)
| QMMM: N : M.J.S.DEWAR et al. JACS, 107, 3902, (1985)
| QMMM: O : M.J.S.DEWAR et al. JACS, 107, 3902, (1985)
| QMMM: H : M.J.S.DEWAR et al. JACS, 107, 3902, (1985)

| QMMM: *** SCF convergence criteria ***
| QMMM: Energy change                :  0.1D-09 kcal/mol
| QMMM: Error matrix |FP-PF|         :  0.1D+00 au
| QMMM: Density matrix change        :  0.5D-06
| QMMM: Maximum number of SCF cycles :     1000

| QMMM: *** Diagonalization Routine Information ***
| QMMM: Pseudo diagonalizations are allowed.
| QMMM: Auto diagonalization routine selection is in use.
| QMMM:
| QMMM: Timing diagonalization routines:
| QMMM:                              norbs =       75
| QMMM:    diag iterations used for timing =       15
| QMMM:
| QMMM:              Internal diag routine = 0.018133 seconds
| QMMM:                 Dspev diag routine = 0.015671 seconds
| QMMM:                Dspevd diag routine = 0.010828 seconds
| QMMM:                Dspevx diag routine = 0.051222 seconds
| QMMM:                 Dsyev diag routine = 0.013435 seconds
| QMMM:                Dsyevd diag routine = 0.010472 seconds
| QMMM:                Dsyevr diag routine = 0.013969 seconds
| QMMM:
| QMMM:                Pseudo diag routine = 0.004043 seconds
| QMMM:
| QMMM: Using dsyevd routine (diag_routine=6).

  QMMM: QM Region Cartesian Coordinates (*=link atom) 
  QMMM: QM_NO.   MM_NO.  ATOM         X         Y         Z
  QMMM:     1        1      C        0.1850    1.0820   -0.4210
  QMMM:     2        2      C        0.7900   -0.2200    0.1120
  QMMM:     3        3      C       -0.1240   -1.3900   -0.2650
  QMMM:     4        4      C       -1.5260   -1.1290    0.2940
  QMMM:     5        5      C       -2.0420    0.2070   -0.2460
  QMMM:     6        6      C       -3.4170    0.5040    0.3550
  QMMM:     7        7      C        3.1970    0.1570    0.0760
  QMMM:     8        8      C        4.5590   -0.0520   -0.5330
  QMMM:     9        9      N        2.1140   -0.4220   -0.4800
  QMMM:    10       10      O        1.0030    2.1850   -0.0240
  QMMM:    11       11      O        0.3950   -2.6000    0.2910
  QMMM:    12       12      O       -2.4050   -2.1800   -0.1140
  QMMM:    13       13      O       -1.1300    1.2480    0.1130
  QMMM:    14       14      O       -3.9490    1.6910   -0.2360
  QMMM:    15       15      O        3.0740    0.8450    1.0670
  QMMM:    16       16      H        0.1330    1.0400   -1.5090
  QMMM:    17       17      H        0.8790   -0.1630    1.1970
  QMMM:    18       18      H       -0.1740   -1.4780   -1.3500
  QMMM:    19       19      H       -1.4830   -1.0910    1.3820
  QMMM:    20       20      H       -2.1230    0.1540   -1.3320
  QMMM:    21       21      H       -4.0880   -0.3330    0.1570
  QMMM:    22       22      H       -3.3200    0.6450    1.4310
  QMMM:    23       23      H        4.5600    0.3200   -1.5580
  QMMM:    24       24      H        5.3050    0.4900    0.0500
  QMMM:    25       25      H        4.7990   -1.1150   -0.5320
  QMMM:    26       26      H        2.2120   -0.9730   -1.2730
  QMMM:    27       27      H        0.6790    3.0440   -0.3280
  QMMM:    28       28      H       -0.1350   -3.3840    0.0910
  QMMM:    29       29      H       -3.3120   -2.0790    0.2060
  QMMM:    30       30      H       -4.8220    1.9400    0.0990

--------------------------------------------------------------------------------
  RESULTS
--------------------------------------------------------------------------------

      iter         sqm energy              rms gradient
      ----    -------------------    -----------------------
xmin    10     -282.0271 kcal/mol        2.1302 kcal/(mol*A)
xmin    20     -283.8425 kcal/mol        0.5865 kcal/(mol*A)
xmin    30     -289.0629 kcal/mol        1.3220 kcal/(mol*A)
xmin    40     -289.7861 kcal/mol        0.9179 kcal/(mol*A)
xmin    50     -290.1865 kcal/mol        0.6035 kcal/(mol*A)
xmin    60     -290.6425 kcal/mol        0.4499 kcal/(mol*A)
xmin    70     -290.6901 kcal/mol        0.0999 kcal/(mol*A)
xmin    80     -290.7062 kcal/mol        0.0171 kcal/(mol*A)
xmin    90     -290.7088 kcal/mol        0.0223 kcal/(mol*A)
xmin   100     -290.7095 kcal/mol        0.0071 kcal/(mol*A)
xmin   110     -290.7095 kcal/mol        0.0029 kcal/(mol*A)
xmin   120     -290.7095 kcal/mol        0.0021 kcal/(mol*A)
xmin   130     -290.7095 kcal/mol        0.0013 kcal/(mol*A)
xmin   130     -290.7095 kcal/mol        0.0005 kcal/(mol*A)
  ... geometry converged !
 
 Final MO eigenvalues (eV):
 -41.9198  -39.7950  -39.1784  -38.4185  -37.5441  -36.5611  -35.3849  -32.1837
 -31.2821  -29.8472  -26.8145  -24.7743  -23.4990  -22.2260  -21.5993  -19.6788
 -19.3620  -18.6852  -18.1092  -17.9072  -17.6049  -17.1184  -16.6779  -16.5635
 -15.9914  -15.7512  -15.4272  -15.0946  -14.7753  -14.5236  -14.3528  -13.7379
 -13.6438  -13.3617  -13.2427  -13.0293  -12.4486  -12.1958  -11.9246  -11.5712
 -11.2021  -11.1159  -10.9911  -10.1193    1.1407    1.6794    2.3445    2.5395
   2.6666    2.7519    2.9553    3.1059    3.2538    3.3839    3.5070    3.5667
   3.6132    3.6902    3.8180    3.9092    3.9572    4.0206    4.0680    4.1251
   4.2560    4.3538    4.4225    4.9989    5.4268    5.7529    5.7801    5.9860
   6.1980    6.4400    6.8453

 Heat of formation   =       -290.70951552 kcal/mol  (      -12.60611056 eV)

 Total SCF energy    =     -77546.12391034 kcal/mol  (    -3362.65226618 eV)
 Electronic energy   =    -436697.83089464 kcal/mol  (   -18936.63895298 eV)
 Core-core repulsion =     359151.70698429 kcal/mol  (    15573.98668680 eV)
 
    Atomic Charges for Step       1 :
  Atom    Element       Mulliken Charge
     1      C                  0.151
     2      C                 -0.031
     3      C                  0.027
     4      C                 -0.034
     5      C                 -0.037
     6      C                 -0.012
     7      C                  0.307
     8      C                 -0.240
     9      N                 -0.359
    10      O                 -0.297
    11      O                 -0.328
    12      O                 -0.331
    13      O                 -0.309
    14      O                 -0.320
    15      O                 -0.377
    16      H                  0.120
    17      H                  0.128
    18      H                  0.096
    19      H                  0.104
    20      H                  0.107
    21      H                  0.100
    22      H                  0.080
    23      H                  0.107
    24      H                  0.119
    25      H                  0.100
    26      H                  0.231
    27      H                  0.238
    28      H                  0.226
    29      H                  0.214
    30      H                  0.222
 Total Mulliken Charge =      -0.000
 
                  X        Y        Z     TOTAL  
  QM DIPOLE     0.548   -4.026   -0.837    4.149
 
 Final Structure

  QMMM: QM Region Cartesian Coordinates (*=link atom) 
  QMMM: QM_NO.   MM_NO.  ATOM         X         Y         Z
  QMMM:     1        1      C        0.0020    1.0590   -0.7022
  QMMM:     2        2      C        0.7291   -0.1801   -0.0954
  QMMM:     3        3      C       -0.1506   -1.4061   -0.4291
  QMMM:     4        4      C       -1.5452   -1.1944    0.1924
  QMMM:     5        5      C       -2.1524    0.1340   -0.2804
  QMMM:     6        6      C       -3.4233    0.4841    0.5028
  QMMM:     7        7      C        3.1110    0.3605    0.0998
  QMMM:     8        8      C        4.5250    0.0347   -0.3058
  QMMM:     9        9      N        2.0864   -0.3046   -0.5605
  QMMM:    10       10      O        0.6212    2.2777   -0.4459
  QMMM:    11       11      O        0.4708   -2.5550    0.1169
  QMMM:    12       12      O       -2.3165   -2.3015   -0.2503
  QMMM:    13       13      O       -1.2544    1.2131   -0.0360
  QMMM:    14       14      O       -4.0313    1.6473   -0.0100
  QMMM:    15       15      O        2.8523    1.2250    0.9619
  QMMM:    16       16      H       -0.1337    0.9852   -1.8155
  QMMM:    17       17      H        0.7393   -0.0424    1.0306
  QMMM:    18       18      H       -0.2560   -1.5317   -1.5437
  QMMM:    19       19      H       -1.4636   -1.2065    1.3149
  QMMM:    20       20      H       -2.3817    0.0765   -1.3811
  QMMM:    21       21      H       -4.1881   -0.3271    0.3742
  QMMM:    22       22      H       -3.1770    0.6171    1.5897
  QMMM:    23       23      H        4.6841    0.2762   -1.3846
  QMMM:    24       24      H        5.2254    0.6493    0.3110
  QMMM:    25       25      H        4.7431   -1.0471   -0.1365
  QMMM:    26       26      H        2.3038   -1.1218   -1.0812
  QMMM:    27       27      H        0.9236    2.2837    0.4763
  QMMM:    28       28      H       -0.1572   -3.2835    0.0114
  QMMM:    29       29      H       -3.1817   -2.2318    0.1708
  QMMM:    30       30      H       -3.3705    2.3530    0.0253

           --------- Calculation Completed ----------

