            --------------------------------------------------------
                             AMBER SQM VERSION 19
 
                                     By
              Ross C. Walker, Michael F. Crowley, Scott Brozell,
                         Tim Giese, Andreas W. Goetz,
                        Tai-Sung Lee and David A. Case
 
            --------------------------------------------------------
 

--------------------------------------------------------------------------------
  QM CALCULATION INFO
--------------------------------------------------------------------------------

| QMMM: Citation for AMBER QMMM Run:
| QMMM: R.C. Walker, M.F. Crowley and D.A. Case, J. COMP. CHEM. 29:1019, 2008

QMMM: SINGLET STATE CALCULATION
QMMM: RHF CALCULATION, NO. OF DOUBLY OCCUPIED LEVELS = 63

| QMMM: *** Selected Hamiltonian *** 
| QMMM: AM1         

| QMMM: *** Parameter sets in use ***
| QMMM: N : M.J.S.DEWAR et al. JACS, 107, 3902, (1985)
| QMMM: C : M.J.S.DEWAR et al. JACS, 107, 3902, (1985)
| QMMM: O : M.J.S.DEWAR et al. JACS, 107, 3902, (1985)
| QMMM: H : M.J.S.DEWAR et al. JACS, 107, 3902, (1985)

| QMMM: *** SCF convergence criteria ***
| QMMM: Energy change                :  0.1D-09 kcal/mol
| QMMM: Error matrix |FP-PF|         :  0.1D+00 au
| QMMM: Density matrix change        :  0.5D-06
| QMMM: Maximum number of SCF cycles :     1000

| QMMM: *** Diagonalization Routine Information ***
| QMMM: Pseudo diagonalizations are allowed.
| QMMM: Auto diagonalization routine selection is in use.
| QMMM:
| QMMM: Timing diagonalization routines:
| QMMM:                              norbs =      109
| QMMM:    diag iterations used for timing =       10
| QMMM:
| QMMM:              Internal diag routine = 0.015238 seconds
| QMMM:                 Dspev diag routine = 0.014089 seconds
| QMMM:                Dspevd diag routine = 0.010324 seconds
| QMMM:                Dspevx diag routine = 0.053658 seconds
| QMMM:                 Dsyev diag routine = 0.015473 seconds
| QMMM:                Dsyevd diag routine = 0.011805 seconds
| QMMM:                Dsyevr diag routine = 0.013444 seconds
| QMMM:
| QMMM:                Pseudo diag routine = 0.005698 seconds
| QMMM:
| QMMM: Using dspevd routine (diag_routine=3).

  QMMM: QM Region Cartesian Coordinates (*=link atom) 
  QMMM: QM_NO.   MM_NO.  ATOM         X         Y         Z
  QMMM:     1        1      N       -0.1230   62.0790  -15.1810
  QMMM:     2        2      C       -0.4200   62.4560  -16.5310
  QMMM:     3        3      C        0.1960   61.3720  -17.4160
  QMMM:     4        4      O        1.4190   61.2490  -17.3930
  QMMM:     5        5      C        0.1150   63.8440  -16.8360
  QMMM:     6        6      C       -0.1390   64.1840  -18.3040
  QMMM:     7        7      O       -0.1900   63.2680  -19.1540
  QMMM:     8        8      N       -0.2860   65.4580  -18.6670
  QMMM:     9        9      H        0.6950   61.4720  -15.1230
  QMMM:    10       10      H       -1.4930   62.5210  -16.7120
  QMMM:    11       11      H       -0.3690   64.5800  -16.1940
  QMMM:    12       12      H        1.1830   63.8870  -16.6220
  QMMM:    13       13      H       -0.2430   66.1970  -17.9650
  QMMM:    14       14      C       -0.5350   65.6830  -20.5550
  QMMM:    15       15      C       -1.4920   66.4480  -19.6100
  QMMM:    16       16      C       -1.0060   67.8100  -19.2050
  QMMM:    17       17      C        0.5530   67.7260  -19.2870
  QMMM:    18       18      C        0.8400   67.6790  -20.8120
  QMMM:    19       19      C        2.3120   67.5110  -21.1300
  QMMM:    20       20      C       -3.8110   65.6670  -20.0550
  QMMM:    21       21      C       -4.8230   65.5020  -21.1470
  QMMM:    22       22      N       -2.7740   66.5040  -20.3620
  QMMM:    23       23      O       -1.4600   68.2660  -17.9230
  QMMM:    24       24      O        1.2010   68.8050  -18.5920
  QMMM:    25       25      O        0.1410   66.6030  -21.4120
  QMMM:    26       26      O        2.8710   66.4380  -20.4580
  QMMM:    27       27      O       -3.8940   65.1450  -19.0290
  QMMM:    28       28      H        2.1900   65.7470  -20.3210
  QMMM:    29       29      H        1.0550   69.6420  -19.0800
  QMMM:    30       30      H       -0.9950   69.0960  -17.6880
  QMMM:    31       31      H       -2.8820   67.1780  -21.1200
  QMMM:    32       32      H       -5.2600   66.4710  -21.3880
  QMMM:    33       33      H       -4.3380   65.0920  -22.0330
  QMMM:    34       34      H       -5.6080   64.8220  -20.8160
  QMMM:    35       35      H        2.4370   67.3700  -22.2040
  QMMM:    36       36      H        2.8460   68.4230  -20.8640
  QMMM:    37       37      H        0.5060   68.6370  -21.2100
  QMMM:    38       38      H        0.9620   66.8510  -18.7820
  QMMM:    39       39      H       -1.4240   68.5620  -19.8740
  QMMM:    40       40      H       -1.5830   65.9380  -18.6510
  QMMM:    41       41      H       -0.9270   61.5850  -14.7930
  QMMM:    42       42      H       -0.3920   60.7670  -18.0100
  QMMM:    43       43      H       -0.4360   65.6860  -19.6130

--------------------------------------------------------------------------------
  RESULTS
--------------------------------------------------------------------------------

      iter         sqm energy              rms gradient
      ----    -------------------    -----------------------
xmin    10     -249.0128 kcal/mol        1.5621 kcal/(mol*A)
xmin    20     -255.8968 kcal/mol        2.1866 kcal/(mol*A)
xmin    30     -256.9488 kcal/mol        0.3685 kcal/(mol*A)
xmin    40     -257.3186 kcal/mol        0.5829 kcal/(mol*A)
xmin    50     -257.4984 kcal/mol        0.1652 kcal/(mol*A)
xmin    60     -257.8212 kcal/mol        0.1972 kcal/(mol*A)
xmin    70     -257.8770 kcal/mol        0.1319 kcal/(mol*A)
xmin    80     -257.9047 kcal/mol        0.0682 kcal/(mol*A)
xmin    90     -257.9240 kcal/mol        0.1602 kcal/(mol*A)
xmin   100     -257.9617 kcal/mol        0.5677 kcal/(mol*A)
xmin   110     -258.0463 kcal/mol        0.2706 kcal/(mol*A)
xmin   120     -258.1503 kcal/mol        0.1344 kcal/(mol*A)
xmin   130     -258.2321 kcal/mol        0.0842 kcal/(mol*A)
xmin   140     -258.3741 kcal/mol        0.2318 kcal/(mol*A)
xmin   150     -258.4382 kcal/mol        0.1768 kcal/(mol*A)
xmin   160     -258.4691 kcal/mol        0.1328 kcal/(mol*A)
xmin   170     -258.5091 kcal/mol        0.0791 kcal/(mol*A)
xmin   180     -258.5191 kcal/mol        0.0345 kcal/(mol*A)
xmin   190     -258.5224 kcal/mol        0.0266 kcal/(mol*A)
xmin   200     -258.5251 kcal/mol        0.0254 kcal/(mol*A)
xmin   210     -258.5264 kcal/mol        0.0138 kcal/(mol*A)
xmin   220     -258.5268 kcal/mol        0.0035 kcal/(mol*A)
xmin   230     -258.5269 kcal/mol        0.0072 kcal/(mol*A)
xmin   240     -258.5270 kcal/mol        0.0044 kcal/(mol*A)
xmin   250     -258.5272 kcal/mol        0.0041 kcal/(mol*A)
xmin   260     -258.5273 kcal/mol        0.0135 kcal/(mol*A)
xmin   270     -258.5274 kcal/mol        0.0077 kcal/(mol*A)
xmin   280     -258.5274 kcal/mol        0.0036 kcal/(mol*A)
xmin   290     -258.5274 kcal/mol        0.0011 kcal/(mol*A)
xmin   300     -258.5274 kcal/mol        0.0028 kcal/(mol*A)
  ... geometry converged !
 
 Final MO eigenvalues (eV):
 -42.6243  -40.1150  -39.8512  -39.7259  -38.8873  -38.6444  -37.8353  -35.7789
 -35.7114  -33.9019  -33.0434  -32.0928  -30.5930  -30.0210  -27.1634  -26.0735
 -25.1902  -24.5010  -22.0372  -21.9543  -21.8164  -20.6662  -20.1026  -19.0076
 -18.7607  -18.5405  -18.1170  -17.9017  -17.5032  -17.4264  -17.0819  -17.0151
 -16.6634  -16.4294  -16.3731  -16.2760  -15.9902  -15.7129  -15.3618  -15.3075
 -15.1635  -14.8517  -14.4053  -14.3739  -14.1488  -13.8163  -13.7706  -13.6976
 -13.5109  -13.2155  -12.9424  -12.8434  -12.5946  -12.1707  -12.0554  -11.5797
 -11.3469  -11.0664  -10.8697  -10.6739  -10.2573   -9.6852   -9.5654   -0.0701
   0.9765    1.0282    1.2019    1.6208    1.6300    1.9928    2.3038    2.4097
   2.4869    2.5386    2.5928    2.8542    2.9493    3.0667    3.0898    3.2431
   3.2670    3.3888    3.5389    3.5479    3.6410    3.6936    3.7302    3.7824
   3.8684    3.9307    3.9518    4.2122    4.2915    4.3824    4.5244    4.5551
   4.9457    4.9933    5.4021    5.5997    5.8707    5.9037    5.9407    5.9576
   6.1917    6.5210    6.5467    6.8553    7.3554

 Heat of formation   =       -258.52744161 kcal/mol  (      -11.21059111 eV)

 Total SCF energy    =    -108142.10390982 kcal/mol  (    -4689.39351762 eV)
 Electronic energy   =    -689060.47445876 kcal/mol  (   -29879.90436055 eV)
 Core-core repulsion =     580918.37054894 kcal/mol  (    25190.51084294 eV)
 
    Atomic Charges for Step       1 :
  Atom    Element       Mulliken Charge
     1      N                 -0.321
     2      C                 -0.094
     3      C                  0.145
     4      O                 -0.306
     5      C                 -0.177
     6      C                  0.296
     7      O                 -0.402
     8      N                 -0.428
     9      H                  0.143
    10      H                  0.142
    11      H                  0.127
    12      H                  0.103
    13      H                  0.234
    14      C                  0.019
    15      C                 -0.055
    16      C                 -0.025
    17      C                 -0.035
    18      C                 -0.145
    19      C                 -0.018
    20      C                  0.317
    21      C                 -0.240
    22      N                 -0.358
    23      O                 -0.297
    24      O                 -0.309
    25      O                 -0.084
    26      O                 -0.319
    27      O                 -0.358
    28      H                  0.205
    29      H                  0.203
    30      H                  0.216
    31      H                  0.227
    32      H                  0.103
    33      H                  0.103
    34      H                  0.121
    35      H                  0.092
    36      H                  0.123
    37      H                  0.112
    38      H                  0.149
    39      H                  0.078
    40      H                  0.182
    41      H                  0.155
    42      H                  0.129
    43      H                  0.246
 Total Mulliken Charge =       0.000
 
                  X        Y        Z     TOTAL  
  QM DIPOLE     2.956    6.077   -6.020    9.051
 
 Final Structure

  QMMM: QM Region Cartesian Coordinates (*=link atom) 
  QMMM: QM_NO.   MM_NO.  ATOM         X         Y         Z
  QMMM:     1        1      N        1.9335   61.0476  -15.0126
  QMMM:     2        2      C        1.0785   61.0861  -16.1840
  QMMM:     3        3      C        1.2381   59.9241  -17.1585
  QMMM:     4        4      O        2.0641   59.0246  -16.9945
  QMMM:     5        5      C        1.2457   62.3996  -16.9633
  QMMM:     6        6      C        0.0595   62.6589  -17.8751
  QMMM:     7        7      O       -0.8554   61.8202  -18.0361
  QMMM:     8        8      N        0.0275   63.8512  -18.5434
  QMMM:     9        9      H        2.8970   61.0952  -15.2850
  QMMM:    10       10      H        0.0052   61.0360  -15.8166
  QMMM:    11       11      H        1.3431   63.2529  -16.2392
  QMMM:    12       12      H        2.1821   62.3634  -17.5789
  QMMM:    13       13      H        0.7215   64.5434  -18.4009
  QMMM:    14       14      C       -1.4288   66.3374  -20.0763
  QMMM:    15       15      C       -2.2788   67.5724  -20.2279
  QMMM:    16       16      C       -1.4034   68.7430  -20.7528
  QMMM:    17       17      C       -0.1441   68.8568  -19.8736
  QMMM:    18       18      C        0.6664   67.5649  -19.8903
  QMMM:    19       19      C        1.5603   67.4505  -18.6554
  QMMM:    20       20      C       -4.7279   67.4096  -20.4859
  QMMM:    21       21      C       -5.8735   67.0911  -21.4133
  QMMM:    22       22      N       -3.4492   67.3351  -21.0204
  QMMM:    23       23      O       -2.1677   69.9282  -20.6710
  QMMM:    24       24      O        0.6391   69.9575  -20.2957
  QMMM:    25       25      O       -0.1659   66.3653  -19.9103
  QMMM:    26       26      O        2.1754   66.1836  -18.5687
  QMMM:    27       27      O       -4.9078   67.7369  -19.2982
  QMMM:    28       28      H        2.6660   66.0389  -19.3870
  QMMM:    29       29      H        0.9219   69.7893  -21.2042
  QMMM:    30       30      H       -1.5476   70.6703  -20.7285
  QMMM:    31       31      H       -3.3192   66.9878  -21.9380
  QMMM:    32       32      H       -5.8777   67.7892  -22.2847
  QMMM:    33       33      H       -5.7962   66.0406  -21.7838
  QMMM:    34       34      H       -6.8309   67.2081  -20.8488
  QMMM:    35       35      H        2.3285   68.2685  -18.6910
  QMMM:    36       36      H        0.9554   67.5336  -17.7123
  QMMM:    37       37      H        1.2844   67.4961  -20.8279
  QMMM:    38       38      H       -0.4451   69.1293  -18.8198
  QMMM:    39       39      H       -1.1027   68.5676  -21.8238
  QMMM:    40       40      H       -2.6289   67.8549  -19.1775
  QMMM:    41       41      H        1.7875   60.1850  -14.5228
  QMMM:    42       42      H        0.5359   59.9460  -18.0215
  QMMM:    43       43      H       -0.7470   64.0804  -19.1226

           --------- Calculation Completed ----------

