            --------------------------------------------------------
                             AMBER SQM VERSION 19
 
                                     By
              Ross C. Walker, Michael F. Crowley, Scott Brozell,
                         Tim Giese, Andreas W. Goetz,
                        Tai-Sung Lee and David A. Case
 
            --------------------------------------------------------
 

--------------------------------------------------------------------------------
  QM CALCULATION INFO
--------------------------------------------------------------------------------

| QMMM: Citation for AMBER QMMM Run:
| QMMM: R.C. Walker, M.F. Crowley and D.A. Case, J. COMP. CHEM. 29:1019, 2008

QMMM: SINGLET STATE CALCULATION
QMMM: RHF CALCULATION, NO. OF DOUBLY OCCUPIED LEVELS = 44

| QMMM: *** Selected Hamiltonian *** 
| QMMM: AM1         

| QMMM: *** Parameter sets in use ***
| QMMM: C : M.J.S.DEWAR et al. JACS, 107, 3902, (1985)
| QMMM: N : M.J.S.DEWAR et al. JACS, 107, 3902, (1985)
| QMMM: O : M.J.S.DEWAR et al. JACS, 107, 3902, (1985)
| QMMM: H : M.J.S.DEWAR et al. JACS, 107, 3902, (1985)

| QMMM: *** SCF convergence criteria ***
| QMMM: Energy change                :  0.1D-09 kcal/mol
| QMMM: Error matrix |FP-PF|         :  0.1D+00 au
| QMMM: Density matrix change        :  0.5D-06
| QMMM: Maximum number of SCF cycles :     1000

| QMMM: *** Diagonalization Routine Information ***
| QMMM: Pseudo diagonalizations are allowed.
| QMMM: Auto diagonalization routine selection is in use.
| QMMM:
| QMMM: Timing diagonalization routines:
| QMMM:                              norbs =       75
| QMMM:    diag iterations used for timing =       15
| QMMM:
| QMMM:              Internal diag routine = 0.008483 seconds
| QMMM:                 Dspev diag routine = 0.008147 seconds
| QMMM:                Dspevd diag routine = 0.006167 seconds
| QMMM:                Dspevx diag routine = 0.033192 seconds
| QMMM:                 Dsyev diag routine = 0.008968 seconds
| QMMM:                Dsyevd diag routine = 0.007237 seconds
| QMMM:                Dsyevr diag routine = 0.008377 seconds
| QMMM:
| QMMM:                Pseudo diag routine = 0.002535 seconds
| QMMM:
| QMMM: Using dspevd routine (diag_routine=3).

  QMMM: QM Region Cartesian Coordinates (*=link atom) 
  QMMM: QM_NO.   MM_NO.  ATOM         X         Y         Z
  QMMM:     1        1      C        0.1850    1.0820   -0.4210
  QMMM:     2        2      C        0.7900   -0.2200    0.1120
  QMMM:     3        3      C       -0.1240   -1.3900   -0.2650
  QMMM:     4        4      C       -1.5260   -1.1290    0.2940
  QMMM:     5        5      C       -2.0420    0.2070   -0.2460
  QMMM:     6        6      C       -3.4170    0.5040    0.3550
  QMMM:     7        7      C        3.1970    0.1570    0.0760
  QMMM:     8        8      C        4.5590   -0.0520   -0.5330
  QMMM:     9        9      N        2.1140   -0.4220   -0.4800
  QMMM:    10       10      O        1.0030    2.1850   -0.0240
  QMMM:    11       11      O        0.3950   -2.6000    0.2910
  QMMM:    12       12      O       -2.4050   -2.1800   -0.1140
  QMMM:    13       13      O       -1.1300    1.2480    0.1130
  QMMM:    14       14      O       -3.9490    1.6910   -0.2360
  QMMM:    15       15      O        3.0740    0.8450    1.0670
  QMMM:    16       16      H        0.1330    1.0400   -1.5090
  QMMM:    17       17      H        0.8790   -0.1630    1.1970
  QMMM:    18       18      H       -0.1740   -1.4780   -1.3500
  QMMM:    19       19      H       -1.4830   -1.0910    1.3820
  QMMM:    20       20      H       -2.1230    0.1540   -1.3320
  QMMM:    21       21      H       -4.0880   -0.3330    0.1570
  QMMM:    22       22      H       -3.3200    0.6450    1.4310
  QMMM:    23       23      H        4.5600    0.3200   -1.5580
  QMMM:    24       24      H        5.3050    0.4900    0.0500
  QMMM:    25       25      H        4.7990   -1.1150   -0.5320
  QMMM:    26       26      H        2.2120   -0.9730   -1.2730
  QMMM:    27       27      H        0.6790    3.0440   -0.3280
  QMMM:    28       28      H       -0.1350   -3.3840    0.0910
  QMMM:    29       29      H       -3.3120   -2.0790    0.2060
  QMMM:    30       30      H       -4.8220    1.9400    0.0990

--------------------------------------------------------------------------------
  RESULTS
--------------------------------------------------------------------------------

      iter         sqm energy              rms gradient
      ----    -------------------    -----------------------
xmin    10     -281.6113 kcal/mol        1.3542 kcal/(mol*A)
xmin    20     -283.1465 kcal/mol        0.4856 kcal/(mol*A)
xmin    30     -284.4974 kcal/mol        0.9180 kcal/(mol*A)
xmin    40     -288.4650 kcal/mol        1.3888 kcal/(mol*A)
xmin    50     -289.0932 kcal/mol        0.7700 kcal/(mol*A)
xmin    60     -289.8220 kcal/mol        0.7534 kcal/(mol*A)
xmin    70     -290.1471 kcal/mol        0.5258 kcal/(mol*A)
xmin    80     -290.6357 kcal/mol        0.2486 kcal/(mol*A)
xmin    90     -290.6670 kcal/mol        0.1357 kcal/(mol*A)
xmin   100     -290.6941 kcal/mol        0.0489 kcal/(mol*A)
xmin   110     -290.7058 kcal/mol        0.1069 kcal/(mol*A)
xmin   120     -290.7094 kcal/mol        0.0082 kcal/(mol*A)
xmin   130     -290.7095 kcal/mol        0.0083 kcal/(mol*A)
xmin   140     -290.7095 kcal/mol        0.0016 kcal/(mol*A)
  ... geometry converged !
 
 Final MO eigenvalues (eV):
 -41.9198  -39.7950  -39.1784  -38.4185  -37.5441  -36.5610  -35.3849  -32.1838
 -31.2821  -29.8472  -26.8145  -24.7743  -23.4989  -22.2260  -21.5993  -19.6788
 -19.3620  -18.6852  -18.1093  -17.9073  -17.6049  -17.1185  -16.6779  -16.5634
 -15.9914  -15.7512  -15.4271  -15.0946  -14.7753  -14.5235  -14.3528  -13.7379
 -13.6439  -13.3617  -13.2426  -13.0293  -12.4486  -12.1958  -11.9246  -11.5711
 -11.2021  -11.1160  -10.9911  -10.1194    1.1407    1.6793    2.3444    2.5395
   2.6665    2.7519    2.9553    3.1059    3.2538    3.3839    3.5071    3.5667
   3.6132    3.6902    3.8181    3.9092    3.9572    4.0206    4.0680    4.1251
   4.2561    4.3537    4.4225    4.9989    5.4268    5.7529    5.7801    5.9860
   6.1982    6.4400    6.8453

 Heat of formation   =       -290.70951353 kcal/mol  (      -12.60611047 eV)

 Total SCF energy    =     -77546.12390835 kcal/mol  (    -3362.65226609 eV)
 Electronic energy   =    -436698.28918743 kcal/mol  (   -18936.65882605 eV)
 Core-core repulsion =     359152.16527908 kcal/mol  (    15574.00655995 eV)
 
    Atomic Charges for Step       1 :
  Atom    Element       Mulliken Charge
     1      C                  0.151
     2      C                 -0.031
     3      C                  0.027
     4      C                 -0.034
     5      C                 -0.037
     6      C                 -0.012
     7      C                  0.307
     8      C                 -0.240
     9      N                 -0.359
    10      O                 -0.297
    11      O                 -0.328
    12      O                 -0.331
    13      O                 -0.309
    14      O                 -0.320
    15      O                 -0.377
    16      H                  0.120
    17      H                  0.128
    18      H                  0.096
    19      H                  0.104
    20      H                  0.107
    21      H                  0.100
    22      H                  0.080
    23      H                  0.107
    24      H                  0.119
    25      H                  0.100
    26      H                  0.231
    27      H                  0.238
    28      H                  0.226
    29      H                  0.214
    30      H                  0.222
 Total Mulliken Charge =       0.000
 
                  X        Y        Z     TOTAL  
  QM DIPOLE     0.524   -4.020   -0.880    4.149
 
 Final Structure

  QMMM: QM Region Cartesian Coordinates (*=link atom) 
  QMMM: QM_NO.   MM_NO.  ATOM         X         Y         Z
  QMMM:     1        1      C        0.0163    1.0658   -0.6884
  QMMM:     2        2      C        0.7283   -0.1861   -0.0899
  QMMM:     3        3      C       -0.1579   -1.4011   -0.4456
  QMMM:     4        4      C       -1.5563   -1.1857    0.1661
  QMMM:     5        5      C       -2.1489    0.1529   -0.2964
  QMMM:     6        6      C       -3.4240    0.5038    0.4795
  QMMM:     7        7      C        3.1125    0.3333    0.1325
  QMMM:     8        8      C        4.5275    0.0013   -0.2647
  QMMM:     9        9      N        2.0886   -0.3158   -0.5445
  QMMM:    10       10      O        0.6427    2.2765   -0.4121
  QMMM:    11       11      O        0.4496   -2.5612    0.0923
  QMMM:    12       12      O       -2.3322   -2.2815   -0.2961
  QMMM:    13       13      O       -1.2448    1.2219   -0.0315
  QMMM:    14       14      O       -4.0181    1.6779   -0.0247
  QMMM:    15       15      O        2.8530    1.1897    1.0025
  QMMM:    16       16      H       -0.1101    1.0061   -1.8035
  QMMM:    17       17      H        0.7297   -0.0617    1.0377
  QMMM:    18       18      H       -0.2545   -1.5128   -1.5625
  QMMM:    19       19      H       -1.4846   -1.2114    1.2890
  QMMM:    20       20      H       -2.3688    0.1101   -1.3997
  QMMM:    21       21      H       -4.1940   -0.2996    0.3344
  QMMM:    22       22      H       -3.1865    0.6219    1.5701
  QMMM:    23       23      H        4.6981    0.2551   -1.3389
  QMMM:    24       24      H        5.2272    0.6024    0.3660
  QMMM:    25       25      H        4.7355   -1.0843   -0.1072
  QMMM:    26       26      H        2.3043   -1.1284   -1.0730
  QMMM:    27       27      H        0.9370    2.2692    0.5127
  QMMM:    28       28      H       -0.1830   -3.2834   -0.0273
  QMMM:    29       29      H       -3.2005   -2.2097    0.1182
  QMMM:    30       30      H       -3.3521    2.3778    0.0249

           --------- Calculation Completed ----------

