            --------------------------------------------------------
                             AMBER SQM VERSION 19
 
                                     By
              Ross C. Walker, Michael F. Crowley, Scott Brozell,
                         Tim Giese, Andreas W. Goetz,
                        Tai-Sung Lee and David A. Case
 
            --------------------------------------------------------
 

--------------------------------------------------------------------------------
  QM CALCULATION INFO
--------------------------------------------------------------------------------

| QMMM: Citation for AMBER QMMM Run:
| QMMM: R.C. Walker, M.F. Crowley and D.A. Case, J. COMP. CHEM. 29:1019, 2008

QMMM: SINGLET STATE CALCULATION
QMMM: RHF CALCULATION, NO. OF DOUBLY OCCUPIED LEVELS = 86

| QMMM: *** Selected Hamiltonian *** 
| QMMM: AM1         

| QMMM: *** Parameter sets in use ***
| QMMM: N : M.J.S.DEWAR et al. JACS, 107, 3902, (1985)
| QMMM: C : M.J.S.DEWAR et al. JACS, 107, 3902, (1985)
| QMMM: O : M.J.S.DEWAR et al. JACS, 107, 3902, (1985)

| QMMM: *** SCF convergence criteria ***
| QMMM: Energy change                :  0.1D-09 kcal/mol
| QMMM: Error matrix |FP-PF|         :  0.1D+00 au
| QMMM: Density matrix change        :  0.5D-06
| QMMM: Maximum number of SCF cycles :     1000

| QMMM: *** Diagonalization Routine Information ***
| QMMM: Pseudo diagonalizations are allowed.
| QMMM: Auto diagonalization routine selection is in use.
| QMMM:
| QMMM: Timing diagonalization routines:
| QMMM:                              norbs =      144
| QMMM:    diag iterations used for timing =       10
| QMMM:
| QMMM:              Internal diag routine = 0.060261 seconds
| QMMM:                 Dspev diag routine = 0.044746 seconds
| QMMM:                Dspevd diag routine = 0.031714 seconds
| QMMM:                Dspevx diag routine = 0.150825 seconds
| QMMM:                 Dsyev diag routine = 0.045735 seconds
| QMMM:                Dsyevd diag routine = 0.033562 seconds
| QMMM:                Dsyevr diag routine = 0.037792 seconds
| QMMM:
| QMMM:                Pseudo diag routine = 0.019991 seconds
| QMMM:
| QMMM: Using dspevd routine (diag_routine=3).

  QMMM: QM Region Cartesian Coordinates (*=link atom) 
  QMMM: QM_NO.   MM_NO.  ATOM         X         Y         Z
  QMMM:     1        1      N       49.2880   51.4240  -35.1310
  QMMM:     2        2      C       48.7990   50.4540  -36.0620
  QMMM:     3        3      C       47.3050   50.6300  -36.3200
  QMMM:     4        4      O       46.4390   50.3840  -35.4750
  QMMM:     5        5      C       49.1260   49.0440  -35.5430
  QMMM:     6        6      C       48.6150   47.9540  -36.4110
  QMMM:     7        7      O       47.9150   48.1600  -37.4090
  QMMM:     8        8      N       48.8840   46.6460  -36.1550
  QMMM:     9        9      C       49.1160   45.1820  -36.3110
  QMMM:    10       10      C       50.4370   44.6360  -36.9030
  QMMM:    11       11      C       50.2920   43.3470  -37.6590
  QMMM:    12       12      C       49.0480   42.6430  -37.0260
  QMMM:    13       13      C       47.8490   43.4920  -37.5260
  QMMM:    14       14      C       46.5220   43.0300  -36.9580
  QMMM:    15       15      C       51.9450   46.5640  -37.3440
  QMMM:    16       16      C       52.0210   47.8760  -38.0630
  QMMM:    17       17      N       50.9330   45.7450  -37.7620
  QMMM:    18       18      O       51.4520   42.5040  -37.6620
  QMMM:    19       19      O       48.9720   41.2470  -37.3650
  QMMM:    20       20      O       48.0250   44.8510  -37.1690
  QMMM:    21       21      O       46.5530   42.9290  -35.5780
  QMMM:    22       22      O       52.6820   46.2530  -36.5120
  QMMM:    23       23      C       47.8980   39.8900  -36.8520
  QMMM:    24       24      C       48.8640   39.4600  -35.7230
  QMMM:    25       25      C       49.4300   38.0780  -35.8830
  QMMM:    26       26      C       48.3610   37.2960  -36.7140
  QMMM:    27       27      C       48.4830   37.9040  -38.1370
  QMMM:    28       28      C       47.4640   37.3400  -39.1080
  QMMM:    29       29      C       49.9310   41.5050  -34.7930
  QMMM:    30       30      C       50.7260   42.7140  -35.1800
  QMMM:    31       31      N       49.9190   40.5090  -35.7300
  QMMM:    32       32      O       49.7670   37.4080  -34.6620
  QMMM:    33       33      O       48.5520   35.8710  -36.6570
  QMMM:    34       34      O       48.3070   39.3080  -38.0890
  QMMM:    35       35      O       46.1740   37.4190  -38.6130
  QMMM:    36       36      O       49.3800   41.4040  -33.7840

--------------------------------------------------------------------------------
  RESULTS
--------------------------------------------------------------------------------

      iter         sqm energy              rms gradient
      ----    -------------------    -----------------------
xmin    10      428.2016 kcal/mol       24.7969 kcal/(mol*A)
xmin    20      292.3450 kcal/mol        8.7292 kcal/(mol*A)
xmin    30      155.0085 kcal/mol        5.4054 kcal/(mol*A)
xmin    40      133.4682 kcal/mol        1.3292 kcal/(mol*A)
xmin    50      131.6634 kcal/mol        0.5252 kcal/(mol*A)
xmin    60      131.2994 kcal/mol        0.2568 kcal/(mol*A)
xmin    70      130.8410 kcal/mol        1.3075 kcal/(mol*A)
xmin    80      130.5275 kcal/mol        0.1918 kcal/(mol*A)
xmin    90      130.3834 kcal/mol        0.2461 kcal/(mol*A)
xmin   100      130.2536 kcal/mol        0.5259 kcal/(mol*A)
xmin   110      130.0914 kcal/mol        0.2142 kcal/(mol*A)
xmin   120      130.0763 kcal/mol        0.0754 kcal/(mol*A)
xmin   130      130.0702 kcal/mol        0.0429 kcal/(mol*A)
xmin   140      130.0627 kcal/mol        0.0673 kcal/(mol*A)
xmin   150      130.0606 kcal/mol        0.0635 kcal/(mol*A)
xmin   160      130.0583 kcal/mol        0.0799 kcal/(mol*A)
xmin   170      130.0567 kcal/mol        0.0190 kcal/(mol*A)
xmin   180      130.0559 kcal/mol        0.0409 kcal/(mol*A)
xmin   190      130.0552 kcal/mol        0.0055 kcal/(mol*A)
xmin   200      130.0552 kcal/mol        0.0045 kcal/(mol*A)
xmin   210      130.0552 kcal/mol        0.0021 kcal/(mol*A)
xmin   220      130.0551 kcal/mol        0.0014 kcal/(mol*A)
  ... geometry converged !
 
 Final MO eigenvalues (eV):
 -43.2769  -43.0678  -42.8946  -42.6986  -42.5021  -42.4395  -41.7390  -41.0193
 -40.5763  -40.2040  -39.7433  -39.4571  -38.3334  -37.5530  -37.3284  -36.1272
 -34.0371  -33.8052  -33.4681  -32.3105  -31.2678  -28.8396  -27.9247  -27.0469
 -26.4166  -25.6669  -25.4837  -24.3584  -23.5837  -23.1923  -23.0418  -22.2642
 -21.9997  -21.0515  -20.8078  -20.3135  -20.1672  -19.7441  -19.3652  -19.1764
 -18.8358  -18.7956  -18.6611  -18.4109  -18.3913  -18.0750  -17.8609  -17.8244
 -17.6914  -17.6093  -17.5556  -17.3992  -17.3196  -17.2027  -17.1721  -16.7842
 -16.5920  -16.2385  -16.1542  -15.9231  -15.7832  -15.4537  -15.3777  -15.0804
 -14.9242  -14.6185  -14.4379  -14.2831  -13.9754  -13.8861  -13.7524  -13.4813
 -13.2471  -13.0983  -12.6797  -12.5492  -12.3263  -11.8735  -11.6553  -11.6437
 -11.0247  -10.7696  -10.7588  -10.6716  -10.3827  -10.1136   -2.3085   -1.9869
  -1.5827   -1.4603   -1.4073   -1.3020   -1.1166   -1.0332   -0.9871   -0.7525
  -0.3817   -0.2882   -0.1639    0.0388    0.0903    0.2460    0.3255    0.4529
   0.5548    0.6405    0.7205    0.8054    0.8945    0.9171    1.1314    1.1809
   1.4606    1.4756    1.7599    1.8565    1.8965    2.0058    2.0976    2.3422
   2.4927    2.7248    2.8517    2.8690    3.0183    3.0452    3.1555    3.3014
   3.5994    4.4121    4.4581    4.4935    4.5522    4.7342    4.9051    5.0074
   5.0881    5.1979    5.2618    5.3558    5.4696    5.6153    5.7936    6.1280


 Heat of formation   =        130.05514251 kcal/mol  (        5.63961418 eV)

 Total SCF energy    =    -166322.86558011 kcal/mol  (    -7212.30066260 eV)
 Electronic energy   =   -1176310.96211234 kcal/mol  (   -51008.67100786 eV)
 Core-core repulsion =    1009988.09653224 kcal/mol  (    43796.37034527 eV)
 
    Atomic Charges for Step       1 :
  Atom    Element       Mulliken Charge
     1      N                 -0.016
     2      C                 -0.069
     3      C                  0.394
     4      O                 -0.057
     5      C                 -0.255
     6      C                  0.377
     7      O                 -0.324
     8      N                 -0.231
     9      C                  0.203
    10      C                  0.071
    11      C                 -0.121
    12      C                  0.347
    13      C                 -0.248
    14      C                  0.373
    15      C                 -0.019
    16      C                  0.360
    17      N                 -0.087
    18      O                  0.014
    19      O                 -0.286
    20      O                 -0.147
    21      O                 -0.055
    22      O                 -0.198
    23      C                  0.042
    24      C                 -0.097
    25      C                  0.210
    26      C                  0.262
    27      C                 -0.372
    28      C                  0.390
    29      C                  0.184
    30      C                  0.122
    31      N                 -0.073
    32      O                 -0.157
    33      O                 -0.236
    34      O                  0.031
    35      O                 -0.053
    36      O                 -0.279
 Total Mulliken Charge =      -0.000
 
                  X        Y        Z     TOTAL  
  QM DIPOLE    -6.916    2.360   -0.953    7.369
 
 Final Structure

  QMMM: QM Region Cartesian Coordinates (*=link atom) 
  QMMM: QM_NO.   MM_NO.  ATOM         X         Y         Z
  QMMM:     1        1      N       50.4406   49.7615  -36.4199
  QMMM:     2        2      C       49.3538   49.3730  -36.2762
  QMMM:     3        3      C       47.0294   49.7039  -35.8583
  QMMM:     4        4      O       46.1309   50.4343  -35.6499
  QMMM:     5        5      C       48.0484   48.8658  -36.1036
  QMMM:     6        6      C       47.7847   47.4164  -36.1721
  QMMM:     7        7      O       46.6419   46.9540  -36.0105
  QMMM:     8        8      N       48.9321   46.5925  -36.3324
  QMMM:     9        9      C       49.0188   45.6186  -37.1702
  QMMM:    10       10      C       50.2384   44.7516  -37.2766
  QMMM:    11       11      C       50.1252   43.5941  -37.9862
  QMMM:    12       12      C       48.8511   43.1124  -38.5565
  QMMM:    13       13      C       47.7679   44.0775  -38.4472
  QMMM:    14       14      C       46.4744   43.7666  -38.6186
  QMMM:    15       15      C       51.7110   45.5447  -35.5828
  QMMM:    16       16      C       52.2592   45.9737  -34.2669
  QMMM:    17       17      N       51.4642   45.2071  -36.7678
  QMMM:    18       18      O       51.2561   42.8040  -38.3167
  QMMM:    19       19      O       48.7152   41.9743  -39.0199
  QMMM:    20       20      O       48.0340   45.4163  -38.1477
  QMMM:    21       21      O       45.3532   43.4761  -38.8303
  QMMM:    22       22      O       50.9853   45.5731  -34.3133
  QMMM:    23       23      C       48.6738   40.5189  -35.9212
  QMMM:    24       24      C       49.9579   39.7765  -35.7645
  QMMM:    25       25      C       49.7875   38.3104  -35.4502
  QMMM:    26       26      C       48.6274   37.6637  -36.1736
  QMMM:    27       27      C       47.4910   38.5332  -36.4339
  QMMM:    28       28      C       46.3179   38.1117  -36.9205
  QMMM:    29       29      C       51.4304   41.6415  -36.1419
  QMMM:    30       30      C       51.8268   41.9492  -37.5658
  QMMM:    31       31      N       51.1307   40.2877  -35.8478
  QMMM:    32       32      O       50.4802   37.6949  -34.6504
  QMMM:    33       33      O       48.6556   36.4758  -36.5021
  QMMM:    34       34      O       47.5768   39.9427  -36.2092
  QMMM:    35       35      O       45.2806   37.7304  -37.3247
  QMMM:    36       36      O       51.6216   42.4726  -35.2398

           --------- Calculation Completed ----------

