-I: Adding /home/bel/software/amber22/dat/leap/prep to search path.
-I: Adding /home/bel/software/amber22/dat/leap/lib to search path.
-I: Adding /home/bel/software/amber22/dat/leap/parm to search path.
-I: Adding /home/bel/software/amber22/dat/leap/cmd to search path.
-f: Source tleap.in.

Welcome to LEaP!
(no leaprc in search path)
Sourcing: ./tleap.in
----- Source: /home/bel/software/amber22/dat/leap/cmd/leaprc.protein.ff14SB
----- Source of /home/bel/software/amber22/dat/leap/cmd/leaprc.protein.ff14SB done
Log file: ./leap.log
Loading parameters: /home/bel/software/amber22/dat/leap/parm/parm10.dat
Reading title:
PARM99 + frcmod.ff99SB + frcmod.parmbsc0 + OL3 for RNA
Loading parameters: /home/bel/software/amber22/dat/leap/parm/frcmod.ff14SB
Reading force field modification type file (frcmod)
Reading title:
ff14SB protein backbone and sidechain parameters
Loading library: /home/bel/software/amber22/dat/leap/lib/amino12.lib
Loading library: /home/bel/software/amber22/dat/leap/lib/aminoct12.lib
Loading library: /home/bel/software/amber22/dat/leap/lib/aminont12.lib
----- Source: /home/bel/software/amber22/dat/leap/cmd/leaprc.water.opc
----- Source of /home/bel/software/amber22/dat/leap/cmd/leaprc.water.opc done
Loading library: /home/bel/software/amber22/dat/leap/lib/atomic_ions.lib
Loading library: /home/bel/software/amber22/dat/leap/lib/solvents.lib
Loading parameters: /home/bel/software/amber22/dat/leap/parm/frcmod.opc
Reading force field modification type file (frcmod)
Reading title:
Parameters for OPC water (JPCL, 2014, 5 (21), pp 3863-3871)
Loading parameters: /home/bel/software/amber22/dat/leap/parm/frcmod.ionslm_126_opc
Reading force field modification type file (frcmod)
Reading title:
Li/Merz ion parameters of atomic ions for the OPC water model (12-6 set)
Using ArgH and AspGluO modified Bondi2 radii
Loading Prep file: ./tpq.prepin
Loading parameters: ./frcmod.tpq
Reading force field modification type file (frcmod)
Reading title:
Remark line goes here
Loading PDB file: ./daonnag.pdb
 (starting new molecule for chain B)
  Added missing heavy atom: .R<CCYS 642>.A<OXT 12>
  Added missing heavy atom: .R<CCYS 1284>.A<OXT 12>
  total atoms in file: 20497
  Leap added 9 missing atoms according to residue templates:
       2 Heavy
       7 H / lone pairs
Checking Unit.

/home/bel/software/amber22/bin/teLeap: Warning!
There is a bond of 3.988 angstroms between CB and CB atoms:
-------  .R<CYX 774>.A<CB 5> and .R<CYX 795>.A<CB 5>

/home/bel/software/amber22/bin/teLeap: Warning!
There is a bond of 3.934 angstroms between CB and CB atoms:
-------  .R<CYX 956>.A<CB 5> and .R<CYX 982>.A<CB 5>

/home/bel/software/amber22/bin/teLeap: Warning!
The unperturbed charge of the unit (-14.000000) is not zero.

/home/bel/software/amber22/bin/teLeap: Note.
Ignoring the warnings from Unit Checking.

Building topology.
Building atom parameters.
Building bond parameters.
Building angle parameters.
Building proper torsion parameters.
Building improper torsion parameters.
old PREP-specified impropers:
 <TPQ 382>:  C2   C6   C1   CB  
 <TPQ 382>:  C3   C1   C2   O2  
 <TPQ 382>:  C2   C4   C3   H3  
 <TPQ 382>:  C5   C3   C4   O4  
 <TPQ 382>:  C4   C6   C5   O5  
 <TPQ 382>:  C5   C1   C6   H6  
 <TPQ 382>:  CA   +M   C    O   
 <TPQ 1024>:  C2   C6   C1   CB  
 <TPQ 1024>:  C3   C1   C2   O2  
 <TPQ 1024>:  C2   C4   C3   H3  
 <TPQ 1024>:  C5   C3   C4   O4  
 <TPQ 1024>:  C4   C6   C5   O5  
 <TPQ 1024>:  C5   C1   C6   H6  
 <TPQ 1024>:  CA   +M   C    O   
 total 4216 improper torsions applied
 14 improper torsions in old prep form
Building H-Bond parameters.
Incorporating Non-Bonded adjustments.
Not Marking per-residue atom chain types.
Marking per-residue atom chain types.
  (Residues lacking connect0/connect1 - 
   these don't have chain types marked:

	res	total affected

	CCYS	2
	NVAL	2
  )
 (no restraints)
	Quit

Exiting LEaP: Errors = 0; Warnings = 3; Notes = 1.
