            --------------------------------------------------------
                             AMBER SQM VERSION 19
 
                                     By
              Ross C. Walker, Michael F. Crowley, Scott Brozell,
                         Tim Giese, Andreas W. Goetz,
                        Tai-Sung Lee and David A. Case
 
            --------------------------------------------------------
 

--------------------------------------------------------------------------------
  QM CALCULATION INFO
--------------------------------------------------------------------------------

| QMMM: Citation for AMBER QMMM Run:
| QMMM: R.C. Walker, M.F. Crowley and D.A. Case, J. COMP. CHEM. 29:1019, 2008

QMMM: SINGLET STATE CALCULATION
QMMM: RHF CALCULATION, NO. OF DOUBLY OCCUPIED LEVELS = 40

| QMMM: *** Selected Hamiltonian *** 
| QMMM: AM1         

| QMMM: *** Parameter sets in use ***
| QMMM: N : M.J.S.DEWAR et al. JACS, 107, 3902, (1985)
| QMMM: C : M.J.S.DEWAR et al. JACS, 107, 3902, (1985)
| QMMM: O : M.J.S.DEWAR et al. JACS, 107, 3902, (1985)
| QMMM: H : M.J.S.DEWAR et al. JACS, 107, 3902, (1985)

| QMMM: *** SCF convergence criteria ***
| QMMM: Energy change                :  0.1D-09 kcal/mol
| QMMM: Error matrix |FP-PF|         :  0.1D+00 au
| QMMM: Density matrix change        :  0.5D-06
| QMMM: Maximum number of SCF cycles :     1000

| QMMM: *** Diagonalization Routine Information ***
| QMMM: Pseudo diagonalizations are allowed.
| QMMM: Auto diagonalization routine selection is in use.
| QMMM:
| QMMM: Timing diagonalization routines:
| QMMM:                              norbs =       69
| QMMM:    diag iterations used for timing =       15
| QMMM:
| QMMM:              Internal diag routine = 0.015185 seconds
| QMMM:                 Dspev diag routine = 0.014053 seconds
| QMMM:                Dspevd diag routine = 0.008541 seconds
| QMMM:                Dspevx diag routine = 0.041285 seconds
| QMMM:                 Dsyev diag routine = 0.010962 seconds
| QMMM:                Dsyevd diag routine = 0.008599 seconds
| QMMM:                Dsyevr diag routine = 0.009949 seconds
| QMMM:
| QMMM:                Pseudo diag routine = 0.003058 seconds
| QMMM:
| QMMM: Using dspevd routine (diag_routine=3).

  QMMM: QM Region Cartesian Coordinates (*=link atom) 
  QMMM: QM_NO.   MM_NO.  ATOM         X         Y         Z
  QMMM:     1        1      N       -5.2020   -3.3370   -2.6200
  QMMM:     2        2      C       -4.5040   -2.2050   -2.0130
  QMMM:     3        3      C       -3.3060   -1.7970   -2.8780
  QMMM:     4        4      C       -5.5340   -1.0960   -1.8700
  QMMM:     5        5      O       -6.4720   -0.9020   -2.6310
  QMMM:     6        6      O       -5.3020   -0.3230   -0.7760
  QMMM:     7        7      C       -2.5670   -0.6280   -2.3040
  QMMM:     8        8      C       -1.5050   -0.9180   -1.3050
  QMMM:     9        9      O       -1.2340   -2.0640   -0.9590
  QMMM:    10       10      C       -0.7700    0.2290   -0.7290
  QMMM:    11       11      C       -1.0360    1.4890   -1.0850
  QMMM:    12       12      O       -0.3600    2.5690   -0.5580
  QMMM:    13       13      C       -2.0900    1.7830   -2.0820
  QMMM:    14       14      O       -2.3500    2.9310   -2.4270
  QMMM:    15       15      C       -2.8270    0.6370   -2.6550
  QMMM:    16       16      H       -6.1780   -3.4320   -2.4450
  QMMM:    17       17      H       -4.6520   -4.0710   -3.0090
  QMMM:    18       18      H       -4.1540   -2.4820   -1.0110
  QMMM:    19       19      H       -3.6230   -1.5450   -3.8970
  QMMM:    20       20      H       -2.5970   -2.6280   -2.9610
  QMMM:    21       21      H       -5.9460    0.4050   -0.6420
  QMMM:    22       22      H        0.0000    0.0000   -0.0000
  QMMM:    23       23      H       -0.9870    3.1970   -0.1840
  QMMM:    24       24      H       -3.5970    0.8710   -3.3830

--------------------------------------------------------------------------------
  RESULTS
--------------------------------------------------------------------------------

      iter         sqm energy              rms gradient
      ----    -------------------    -----------------------
xmin    10     -163.8727 kcal/mol        0.6815 kcal/(mol*A)
xmin    20     -164.9866 kcal/mol        1.3333 kcal/(mol*A)
xmin    30     -165.6968 kcal/mol        0.5500 kcal/(mol*A)
xmin    40     -166.4653 kcal/mol        2.0372 kcal/(mol*A)
xmin    50     -166.8302 kcal/mol        0.6294 kcal/(mol*A)
xmin    60     -167.1725 kcal/mol        0.6216 kcal/(mol*A)
xmin    70     -167.2312 kcal/mol        0.0511 kcal/(mol*A)
xmin    80     -167.2385 kcal/mol        0.1261 kcal/(mol*A)
xmin    90     -167.2434 kcal/mol        0.0299 kcal/(mol*A)
xmin   100     -167.2456 kcal/mol        0.1451 kcal/(mol*A)
xmin   110     -167.2469 kcal/mol        0.0117 kcal/(mol*A)
xmin   120     -167.2477 kcal/mol        0.0121 kcal/(mol*A)
xmin   130     -167.2479 kcal/mol        0.0228 kcal/(mol*A)
xmin   140     -167.2482 kcal/mol        0.0122 kcal/(mol*A)
xmin   150     -167.2483 kcal/mol        0.0075 kcal/(mol*A)
xmin   160     -167.2483 kcal/mol        0.0017 kcal/(mol*A)
xmin   170     -167.2484 kcal/mol        0.0031 kcal/(mol*A)
xmin   180     -167.2484 kcal/mol        0.0018 kcal/(mol*A)
  ... geometry converged !
 
 Final MO eigenvalues (eV):
 -41.8332  -41.1212  -40.0509  -38.6733  -37.4270  -36.8313  -35.9379  -33.0207
 -30.0152  -27.8170  -26.1053  -23.9445  -23.0657  -21.3525  -19.9771  -19.2134
 -18.7814  -18.2132  -17.9326  -17.4333  -16.8386  -16.6442  -16.3247  -15.7670
 -15.6633  -15.3508  -15.1565  -14.8298  -14.7072  -14.4501  -14.1549  -14.0206
 -13.0875  -12.6699  -11.9316  -11.8104  -11.1785  -11.1220  -10.4252  -10.3794
  -1.9096    0.0201    0.6389    0.7443    1.7863    1.8523    1.9206    2.1178
   2.5723    2.6917    3.0829    3.1658    3.3096    3.5329    3.7403    3.9911
   4.0633    4.0807    4.2171    4.3129    4.3703    4.6270    4.9664    5.3327
   5.3833    5.5707    5.7548    5.9095    6.3534

 Heat of formation   =       -167.24836773 kcal/mol  (       -7.25243345 eV)

 Total SCF energy    =     -71141.06573898 kcal/mol  (    -3084.90810195 eV)
 Electronic energy   =    -363338.95017037 kcal/mol  (   -15755.55917655 eV)
 Core-core repulsion =     292197.88443139 kcal/mol  (    12670.65107460 eV)
 
    Atomic Charges for Step       1 :
  Atom    Element       Mulliken Charge
     1      N                 -0.342
     2      C                  0.001
     3      C                 -0.131
     4      C                  0.309
     5      O                 -0.359
     6      O                 -0.317
     7      C                 -0.104
     8      C                  0.284
     9      O                 -0.272
    10      C                 -0.247
    11      C                  0.036
    12      O                 -0.231
    13      C                  0.253
    14      O                 -0.257
    15      C                 -0.163
    16      H                  0.169
    17      H                  0.167
    18      H                  0.094
    19      H                  0.127
    20      H                  0.125
    21      H                  0.248
    22      H                  0.177
    23      H                  0.246
    24      H                  0.186
 Total Mulliken Charge =       0.000
 
                  X        Y        Z     TOTAL  
  QM DIPOLE    -0.277   -0.541    0.857    1.051
 
 Final Structure

  QMMM: QM Region Cartesian Coordinates (*=link atom) 
  QMMM: QM_NO.   MM_NO.  ATOM         X         Y         Z
  QMMM:     1        1      N       -4.9936   -3.3896   -2.2647
  QMMM:     2        2      C       -4.5208   -2.0560   -1.9373
  QMMM:     3        3      C       -3.4322   -1.5757   -2.9173
  QMMM:     4        4      C       -5.6838   -1.0728   -1.9574
  QMMM:     5        5      O       -5.8494   -0.0713   -2.6562
  QMMM:     6        6      O       -6.6439   -1.3519   -1.0336
  QMMM:     7        7      C       -2.5979   -0.4992   -2.3143
  QMMM:     8        8      C       -1.5010   -0.9334   -1.4023
  QMMM:     9        9      O       -1.3363   -2.1256   -1.1127
  QMMM:    10       10      C       -0.6360    0.1198   -0.8604
  QMMM:    11       11      C       -0.8469    1.4213   -1.1538
  QMMM:    12       12      O       -0.0183    2.3717   -0.6242
  QMMM:    13       13      C       -1.9603    1.8670   -2.0418
  QMMM:    14       14      O       -2.1254    3.0686   -2.2805
  QMMM:    15       15      C       -2.8070    0.7996   -2.5916
  QMMM:    16       16      H       -5.7031   -3.6724   -1.6172
  QMMM:    17       17      H       -4.2315   -4.0376   -2.2483
  QMMM:    18       18      H       -4.0912   -2.0038   -0.8859
  QMMM:    19       19      H       -3.9218   -1.2112   -3.8601
  QMMM:    20       20      H       -2.7588   -2.4362   -3.1848
  QMMM:    21       21      H       -7.3619   -0.7001   -1.0981
  QMMM:    22       22      H        0.1886   -0.1994   -0.2038
  QMMM:    23       23      H       -0.3188    3.2442   -0.9375
  QMMM:    24       24      H       -3.6417    1.1268   -3.2402

           --------- Calculation Completed ----------

