
          -------------------------------------------------------
          Amber 22 SANDER                              2022
          -------------------------------------------------------

| Run on 02/09/2024 at 13:12:52

|   Executable path: sander
| Working directory: /home/bel/github/TFG_DAO/tutorialgfp
|          Hostname: Unknown
  [-O]verwriting output

File Assignments:
|  MDIN: min.in                                                                
| MDOUT: min1.out                                                              
|INPCRD: gfp.rst7                                                              
|  PARM: gfp.parm7                                                             
|RESTRT: min1.rst7                                                             
|  REFC: refc                                                                  
| MDVEL: mdvel                                                                 
| MDFRC: mdfrc                                                                 
|  MDEN: mden                                                                  
| MDCRD: mdcrd                                                                 
|MDINFO: mdinfo                                                                
|  MTMD: mtmd                                                                  
|INPDIP: inpdip                                                                
|RSTDIP: rstdip                                                                
|INPTRA: inptraj                                                               


 Here is the input file:

  simple generalized Born minimization script                                  
&cntrl                                                                         
   imin=1, ntb=0, maxcyc=100, ntpr=10, cut=1000., igb=8,                       
/                                                                              
                                                                               

--------------------------------------------------------------------------------
   1.  RESOURCE   USE: 
--------------------------------------------------------------------------------

| Flags:                                                                        
| New format PARM file being parsed.
| Version =    1.000 Date = 02/08/24 Time = 15:20:57
 NATOM  =    3579 NTYPES =      14 NBONH =    1764 MBONA  =    1859
 NTHETH =    4029 MTHETA =    2515 NPHIH =    8170 MPHIA  =    7905
 NHPARM =       0 NPARM  =       0 NNB   =   19787 NRES   =     226
 NBONA  =    1859 NTHETA =    2515 NPHIA =    7905 NUMBND =      81
 NUMANG =     191 NPTRA  =     208 NATYP =      37 NPHB   =       0
 IFBOX  =       0 NMXRS  =      36 IFCAP =       0 NEXTRA =       0
 NCOPY  =       0

 Implicit solvent radii are ArgH and AspGluO modified Bondi2 radii (mbondi3)                                
 Replacing prmtop screening parameters with GBn2 (igb=8) values

|     Memory Use     Allocated
|     Real             1007097
|     Hollerith          10965
|     Integer           220683
|     Max Pairs              1
|     nblistReal             0
|     nblist Int             0
|       Total             8772 kbytes

| Note: 1-4 EEL scale factors are being read from the topology file.

| Note: 1-4 VDW scale factors are being read from the topology file.
| Duplicated    0 dihedrals
| Duplicated    0 dihedrals

--------------------------------------------------------------------------------
   2.  CONTROL  DATA  FOR  THE  RUN
--------------------------------------------------------------------------------

default_name                                                                    

General flags:
     imin    =       1, nmropt  =       0

Nature and format of input:
     ntx     =       1, irest   =       0, ntrx    =       1

Nature and format of output:
     ntxo    =       2, ntpr    =      10, ntrx    =       1, ntwr    =       1
     iwrap   =       0, ntwx    =       0, ntwv    =       0, ntwe    =       0
     ioutfm  =       1, ntwprt  =       0, idecomp =       0, rbornstat=      0

Potential function:
     ntf     =       1, ntb     =       0, igb     =       8, nsnb    =      25
     ipol    =       0, gbsa    =       0, iesp    =       0
     dielc   =   1.00000, cut     =1000.00000, intdiel =   1.00000
     saltcon =   0.00000, offset  =   0.19514, surften =   0.00500
     rdt     =   0.00000, rgbmax  =  25.00000  extdiel =  78.50000
     alpb  =        0
     gbalphaH  =   0.78844, gbbetaH   =   0.79870,  gbgammaH  =    0.43733
     gbalphaC  =   0.73376, gbbetaC   =   0.50638,  gbgammaC  =    0.20584
     gbalphaN  =   0.50336, gbbetaN   =   0.31683,  gbgammaN  =    0.19292
     gbalphaOS =   0.86781, gbbetaOS  =   0.87664,  gbgammaOS =    0.38788
     gbalphaP  =   0.41836, gbbetaP   =   0.29005,  gbgammaP  =    0.10642
     gb_alpha_hnu  =   0.53705, gb_beta_hnu   =   0.36286,  gb_gamma_hnu  =    0.11670
     gb_alpha_cnu  =   0.33167, gb_beta_cnu   =   0.19684,  gb_gamma_cnu  =    0.09342
     gb_alpha_nnu  =   0.68631, gb_beta_nnu   =   0.46319,  gb_gamma_nnu  =    0.13872
     gb_alpha_onu  =   0.60634, gb_beta_onu   =   0.46301,  gb_gamma_onu  =    0.14226
     gb_alpha_pnu  =   0.41836, gb_beta_pnu   =   0.29005,  gb_gamma_pnu  =    0.10642

Frozen or restrained atoms:
     ibelly  =       0, ntr     =       0

Energy minimization:
     maxcyc  =     100, ncyc    =      10, ntmin   =       1
     dx0     =   0.01000, drms    =   0.00010
|  INFO: Old style inpcrd file read


--------------------------------------------------------------------------------
   3.  ATOMIC COORDINATES AND VELOCITIES
--------------------------------------------------------------------------------

default_name                                                                    
 begin time read from input coords =     0.000 ps

 Number of triangulated 3-point waters found:        0

--------------------------------------------------------------------------------
   4.  RESULTS
--------------------------------------------------------------------------------



   NSTEP       ENERGY          RMS            GMAX         NAME    NUMBER
      1       4.4124E+05     6.0558E+04     3.1172E+06     CE       2473

 BOND    =      372.9521  ANGLE   =      702.5118  DIHED      =     2697.8335
 VDWAALS =   445546.0124  EEL     =   -17117.6498  EGB        =    -3330.5231
 1-4 VDW =     1113.0032  1-4 EEL =    11255.5836  RESTRAINT  =        0.0000


   NSTEP       ENERGY          RMS            GMAX         NAME    NUMBER
     10       1.1334E+05     1.3280E+04     5.9726E+05     CE       2473

 BOND    =      375.0528  ANGLE   =      703.1799  DIHED      =     2697.8559
 VDWAALS =   117639.1838  EEL     =   -17117.8780  EGB        =    -3330.4941
 1-4 VDW =     1112.9246  1-4 EEL =    11255.7034  RESTRAINT  =        0.0000


   NSTEP       ENERGY          RMS            GMAX         NAME    NUMBER
     20      -5.2938E+03     1.4492E+01     3.7251E+02     CG2      2920

 BOND    =      388.9125  ANGLE   =      757.2832  DIHED      =     2696.1172
 VDWAALS =    -1058.0708  EEL     =   -17110.1379  EGB        =    -3328.1412
 1-4 VDW =     1111.0207  1-4 EEL =    11249.2061  RESTRAINT  =        0.0000


   NSTEP       ENERGY          RMS            GMAX         NAME    NUMBER
     30      -6.4484E+03     5.6379E+00     1.4955E+02     CB       2918

 BOND    =      128.9030  ANGLE   =      622.2598  DIHED      =     2681.5283
 VDWAALS =    -1625.2508  EEL     =   -17054.6844  EGB        =    -3344.1693
 1-4 VDW =     1047.7270  1-4 EEL =    11095.2621  RESTRAINT  =        0.0000


   NSTEP       ENERGY          RMS            GMAX         NAME    NUMBER
     40      -6.9844E+03     3.5577E+00     8.4880E+01     CE       2473

 BOND    =      131.8259  ANGLE   =      571.6900  DIHED      =     2689.3372
 VDWAALS =    -1821.7547  EEL     =   -16940.0468  EGB        =    -3351.1801
 1-4 VDW =      898.1434  1-4 EEL =    10837.6097  RESTRAINT  =        0.0000


   NSTEP       ENERGY          RMS            GMAX         NAME    NUMBER
     50      -7.2411E+03     2.3459E+00     4.8102E+01     C        1337

 BOND    =      111.6628  ANGLE   =      600.9791  DIHED      =     2684.9901
 VDWAALS =    -1941.2676  EEL     =   -16899.4216  EGB        =    -3366.6258
 1-4 VDW =      785.0122  1-4 EEL =    10783.5997  RESTRAINT  =        0.0000


   NSTEP       ENERGY          RMS            GMAX         NAME    NUMBER
     60      -7.2949E+03     1.5864E+00     2.7143E+01     CE       2473

 BOND    =      109.9782  ANGLE   =      567.5172  DIHED      =     2673.7178
 VDWAALS =    -1942.6404  EEL     =   -16904.5984  EGB        =    -3365.3654
 1-4 VDW =      784.1085  1-4 EEL =    10782.4283  RESTRAINT  =        0.0000


   NSTEP       ENERGY          RMS            GMAX         NAME    NUMBER
     70      -7.3892E+03     1.4225E+00     3.2823E+01     NZ       2476

 BOND    =       97.4791  ANGLE   =      525.1720  DIHED      =     2649.7107
 VDWAALS =    -1946.3293  EEL     =   -16941.7274  EGB        =    -3363.5966
 1-4 VDW =      790.5723  1-4 EEL =    10799.5623  RESTRAINT  =        0.0000


   NSTEP       ENERGY          RMS            GMAX         NAME    NUMBER
     80      -7.4285E+03     1.6077E+00     2.8664E+01     C        1351

 BOND    =       97.5356  ANGLE   =      527.0304  DIHED      =     2639.5642
 VDWAALS =    -1949.8029  EEL     =   -16954.2949  EGB        =    -3363.7522
 1-4 VDW =      780.3519  1-4 EEL =    10794.8260  RESTRAINT  =        0.0000


   NSTEP       ENERGY          RMS            GMAX         NAME    NUMBER
     90      -7.4744E+03     1.1907E+00     2.6366E+01     CE       2473

 BOND    =      112.7192  ANGLE   =      533.6449  DIHED      =     2642.6962
 VDWAALS =    -1969.1899  EEL     =   -16930.7647  EGB        =    -3366.3127
 1-4 VDW =      758.5289  1-4 EEL =    10744.2969  RESTRAINT  =        0.0000


   NSTEP       ENERGY          RMS            GMAX         NAME    NUMBER
    100      -7.5125E+03     1.2274E+00     1.8701E+01     CG2      2920

 BOND    =      115.1847  ANGLE   =      561.9640  DIHED      =     2640.2859
 VDWAALS =    -1993.2065  EEL     =   -16919.2005  EGB        =    -3369.9163
 1-4 VDW =      731.1479  1-4 EEL =    10721.2594  RESTRAINT  =        0.0000


  Maximum number of minimization cycles reached.


                    FINAL RESULTS



   NSTEP       ENERGY          RMS            GMAX         NAME    NUMBER
    100      -7.5125E+03     1.2274E+00     1.8701E+01     CG2      2920

 BOND    =      115.1847  ANGLE   =      561.9640  DIHED      =     2640.2859
 VDWAALS =    -1993.2065  EEL     =   -16919.2005  EGB        =    -3369.9163
 1-4 VDW =      731.1479  1-4 EEL =    10721.2594  RESTRAINT  =        0.0000

--------------------------------------------------------------------------------
   5.  TIMINGS
--------------------------------------------------------------------------------

|    Read coords time           0.00 ( 0.01% of Total)
|                Calc gb radii              8.23 (20.47% of Gen B)
|                Calc gb diag              15.36 (38.18% of Gen B)
|                Calc gb off-diag          16.63 (41.35% of Gen B)
|             Gen Born time             40.23 (100.0% of Nonbo)
|          Nonbond force             40.23 (99.44% of Force)
|          Bond/Angle/Dihedral        0.23 ( 0.56% of Force)
|       Force time                40.45 (100.0% of Runmd)
|    Runmd Time                40.45 (99.72% of Total)
|    Other                      0.11 ( 0.27% of Total)
| Total time                40.57 (100.0% of ALL  )

| Number of list builds   :          0

| Highest rstack allocated:          0
| Highest istack allocated:          0
|           Job began  at 13:12:52.699  on 02/09/2024
|           Setup done at 13:12:52.771  on 02/09/2024
|           Run   done at 13:13:33.265  on 02/09/2024
|     wallclock() was called    1828 times

|3D-RISM memory allocation summary
|Type          Maximum        Current   
|Integer       0.00000 GB     0.00000 GB
|Real          0.00000 GB     0.00000 GB
|Logical       0.00000 GB     0.00000 GB
|Character     0.00000 GB     0.00000 GB
|---------------------------------------
|Total         0.00000 GB     0.00000 GB
