            --------------------------------------------------------
                             AMBER SQM VERSION 19
 
                                     By
              Ross C. Walker, Michael F. Crowley, Scott Brozell,
                         Tim Giese, Andreas W. Goetz,
                        Tai-Sung Lee and David A. Case
 
            --------------------------------------------------------
 

--------------------------------------------------------------------------------
  QM CALCULATION INFO
--------------------------------------------------------------------------------

| QMMM: Citation for AMBER QMMM Run:
| QMMM: R.C. Walker, M.F. Crowley and D.A. Case, J. COMP. CHEM. 29:1019, 2008

QMMM: SINGLET STATE CALCULATION
QMMM: RHF CALCULATION, NO. OF DOUBLY OCCUPIED LEVELS = 61

| QMMM: *** Selected Hamiltonian *** 
| QMMM: AM1         

| QMMM: *** Parameter sets in use ***
| QMMM: N : M.J.S.DEWAR et al. JACS, 107, 3902, (1985)
| QMMM: C : M.J.S.DEWAR et al. JACS, 107, 3902, (1985)
| QMMM: O : M.J.S.DEWAR et al. JACS, 107, 3902, (1985)
| QMMM: H : M.J.S.DEWAR et al. JACS, 107, 3902, (1985)

| QMMM: *** SCF convergence criteria ***
| QMMM: Energy change                :  0.1D-09 kcal/mol
| QMMM: Error matrix |FP-PF|         :  0.1D+00 au
| QMMM: Density matrix change        :  0.5D-06
| QMMM: Maximum number of SCF cycles :     1000

| QMMM: *** Diagonalization Routine Information ***
| QMMM: Pseudo diagonalizations are allowed.
| QMMM: Auto diagonalization routine selection is in use.
| QMMM:
| QMMM: Timing diagonalization routines:
| QMMM:                              norbs =      109
| QMMM:    diag iterations used for timing =       10
| QMMM:
| QMMM:              Internal diag routine = 0.027282 seconds
| QMMM:                 Dspev diag routine = 0.025436 seconds
| QMMM:                Dspevd diag routine = 0.016849 seconds
| QMMM:                Dspevx diag routine = 0.078991 seconds
| QMMM:                 Dsyev diag routine = 0.022517 seconds
| QMMM:                Dsyevd diag routine = 0.016655 seconds
| QMMM:                Dsyevr diag routine = 0.019244 seconds
| QMMM:
| QMMM:                Pseudo diag routine = 0.008865 seconds
| QMMM:
| QMMM: Using dsyevd routine (diag_routine=6).

  QMMM: QM Region Cartesian Coordinates (*=link atom) 
  QMMM: QM_NO.   MM_NO.  ATOM         X         Y         Z
  QMMM:     1        1      N       -0.8870   -2.4570   -1.6710
  QMMM:     2        2      C       -1.7960   -1.6130   -0.8830
  QMMM:     3        3      C       -2.0510   -2.2680    0.4760
  QMMM:     4        4      C       -2.5690   -3.6930    0.2670
  QMMM:     5        5      O       -0.8320   -2.3090    1.2210
  QMMM:     6        6      C       -1.1710   -0.2570   -0.6780
  QMMM:     7        7      N        0.1000   -0.0540   -0.5230
  QMMM:     8        8      N       -1.8710    0.9160   -0.6370
  QMMM:     9        9      C       -0.9960    1.9270   -0.4390
  QMMM:    10       10      O       -1.2480    3.1150   -0.3470
  QMMM:    11       11      C        0.3270    1.2850   -0.3620
  QMMM:    12       12      C       -3.3220    1.0540   -0.7830
  QMMM:    13       13      C       -3.9740    0.9600    0.5720
  QMMM:    14       14      O       -3.2970    0.7940    1.5590
  QMMM:    15       15      C        1.5430    1.9040   -0.1690
  QMMM:    16       16      C        2.7570    1.1010   -0.0080
  QMMM:    17       17      C        2.7090   -0.2900   -0.1800
  QMMM:    18       18      C        3.9730    1.7210    0.3130
  QMMM:    19       19      C        3.8500   -1.0350   -0.0330
  QMMM:    20       20      C        5.1070    0.9640    0.4630
  QMMM:    21       21      C        5.0540   -0.4150    0.2850
  QMMM:    22       22      O        6.1800   -1.1580    0.4290
  QMMM:    23       23      O       -5.3080    1.0600    0.6820
  QMMM:    24       24      H       -0.0040   -2.5760   -1.1980
  QMMM:    25       25      H       -1.3110   -3.3490   -1.8770
  QMMM:    26       26      H       -2.7410   -1.5010   -1.4150
  QMMM:    27       27      H       -2.7930   -1.6890    1.0260
  QMMM:    28       28      H       -1.8270   -4.2720   -0.2830
  QMMM:    29       29      H       -2.7500   -4.1590    1.2350
  QMMM:    30       30      H       -3.4990   -3.6610   -0.3010
  QMMM:    31       31      H       -0.1250   -2.8100    0.7910
  QMMM:    32       32      H       -3.5510    2.0210   -1.2310
  QMMM:    33       33      H       -3.7000    0.2580   -1.4250
  QMMM:    34       34      H       -5.6810    0.9940    1.5720
  QMMM:    35       35      H        1.6000    2.9820   -0.1380
  QMMM:    36       36      H        1.7750   -0.7720   -0.4270
  QMMM:    37       37      H        4.0170    2.7920    0.4420
  QMMM:    38       38      H        3.8160   -2.1060   -0.1700
  QMMM:    39       39      H        6.0440    1.4400    0.7100
  QMMM:    40       40      H        6.6820   -1.2740   -0.3890

--------------------------------------------------------------------------------
  RESULTS
--------------------------------------------------------------------------------

      iter         sqm energy              rms gradient
      ----    -------------------    -----------------------
xmin    10     -133.2430 kcal/mol        1.4143 kcal/(mol*A)
xmin    20     -137.0950 kcal/mol        0.6957 kcal/(mol*A)
xmin    30     -137.8319 kcal/mol        0.7540 kcal/(mol*A)
xmin    40     -137.9165 kcal/mol        0.4566 kcal/(mol*A)
xmin    50     -138.0206 kcal/mol        0.7402 kcal/(mol*A)
xmin    60     -138.1637 kcal/mol        1.1311 kcal/(mol*A)
xmin    70     -138.4567 kcal/mol        0.2263 kcal/(mol*A)
xmin    80     -138.5299 kcal/mol        0.4675 kcal/(mol*A)
xmin    90     -138.6477 kcal/mol        0.4320 kcal/(mol*A)
xmin   100     -138.7584 kcal/mol        0.1507 kcal/(mol*A)
xmin   110     -138.7676 kcal/mol        0.1161 kcal/(mol*A)
xmin   120     -138.7690 kcal/mol        0.0624 kcal/(mol*A)
xmin   130     -138.7721 kcal/mol        0.0499 kcal/(mol*A)
xmin   140     -138.7805 kcal/mol        0.0498 kcal/(mol*A)
xmin   150     -138.7910 kcal/mol        0.0863 kcal/(mol*A)
xmin   160     -138.7986 kcal/mol        0.0424 kcal/(mol*A)
xmin   170     -138.8160 kcal/mol        0.1035 kcal/(mol*A)
xmin   180     -138.8353 kcal/mol        0.0482 kcal/(mol*A)
xmin   190     -138.8509 kcal/mol        0.0572 kcal/(mol*A)
xmin   200     -138.8527 kcal/mol        0.0298 kcal/(mol*A)
xmin   210     -138.8544 kcal/mol        0.0225 kcal/(mol*A)
xmin   220     -138.8545 kcal/mol        0.0035 kcal/(mol*A)
xmin   230     -138.8547 kcal/mol        0.0114 kcal/(mol*A)
xmin   240     -138.8549 kcal/mol        0.0034 kcal/(mol*A)
xmin   250     -138.8549 kcal/mol        0.0020 kcal/(mol*A)
  ... geometry converged !
 
 Final MO eigenvalues (eV):
 -41.8048  -40.7785  -40.4179  -39.5114  -38.0720  -37.8626  -36.9146  -35.5988
 -35.3373  -33.0939  -31.8153  -31.6256  -29.6848  -29.2264  -27.4050  -24.8628
 -23.9467  -23.3751  -23.2520  -21.9905  -20.7941  -20.5225  -19.3013  -19.2063
 -18.5167  -17.9547  -17.8211  -17.3926  -17.2440  -16.7910  -16.7317  -16.4738
 -16.1387  -15.9163  -15.8253  -15.5482  -15.2613  -14.8498  -14.6584  -14.5148
 -14.3924  -14.2172  -13.9207  -13.8163  -13.3717  -13.1313  -13.0269  -12.9672
 -12.7949  -12.6881  -12.5284  -12.2793  -12.0890  -12.0001  -11.9451  -11.1226
 -10.7512  -10.1561  -10.0043   -9.9049   -8.6466   -1.0050    0.3256    0.4839
   0.5576    1.0768    1.1747    1.9557    2.0912    2.5881    2.7288    2.8025
   2.8387    3.1807    3.2188    3.2921    3.3717    3.5711    3.6229    3.6446
   3.7337    3.7447    3.7981    3.8751    3.9738    4.0383    4.0569    4.2223
   4.4235    4.4587    4.5855    4.6297    4.7081    4.7209    4.8600    4.9612
   5.0314    5.0901    5.2526    5.4488    5.5409    5.6234    5.6643    5.8600
   6.0662    6.1453    6.2764    6.3292    6.5449

 Heat of formation   =       -138.85490437 kcal/mol  (       -6.02120048 eV)

 Total SCF energy    =    -100935.58037525 kcal/mol  (    -4376.89520729 eV)
 Electronic energy   =    -672471.25039143 kcal/mol  (   -29160.54162402 eV)
 Core-core repulsion =     571535.67001618 kcal/mol  (    24783.64641673 eV)
 
    Atomic Charges for Step       1 :
  Atom    Element       Mulliken Charge
     1      N                 -0.328
     2      C                 -0.009
     3      C                  0.000
     4      C                 -0.257
     5      O                 -0.312
     6      C                  0.092
     7      N                 -0.143
     8      N                 -0.325
     9      C                  0.319
    10      O                 -0.307
    11      C                 -0.147
    12      C                  0.004
    13      C                  0.288
    14      O                 -0.369
    15      C                  0.022
    16      C                 -0.113
    17      C                 -0.037
    18      C                 -0.070
    19      C                 -0.229
    20      C                 -0.170
    21      C                  0.102
    22      O                 -0.247
    23      O                 -0.303
    24      H                  0.165
    25      H                  0.146
    26      H                  0.130
    27      H                  0.135
    28      H                  0.069
    29      H                  0.091
    30      H                  0.116
    31      H                  0.190
    32      H                  0.155
    33      H                  0.130
    34      H                  0.247
    35      H                  0.147
    36      H                  0.168
    37      H                  0.137
    38      H                  0.139
    39      H                  0.154
    40      H                  0.222
 Total Mulliken Charge =      -0.000
 
                  X        Y        Z     TOTAL  
  QM DIPOLE    -1.416   -2.884   -0.409    3.239
 
 Final Structure

  QMMM: QM Region Cartesian Coordinates (*=link atom) 
  QMMM: QM_NO.   MM_NO.  ATOM         X         Y         Z
  QMMM:     1        1      N       -1.6818   -2.2160   -2.1441
  QMMM:     2        2      C       -1.9508   -1.7326   -0.8051
  QMMM:     3        3      C       -1.6320   -2.7151    0.3644
  QMMM:     4        4      C       -2.8786   -3.4983    0.7304
  QMMM:     5        5      O       -0.5464   -3.5694    0.0502
  QMMM:     6        6      C       -1.2073   -0.4279   -0.5664
  QMMM:     7        7      N        0.1039   -0.3266   -0.3882
  QMMM:     8        8      N       -1.8902    0.8274   -0.5087
  QMMM:     9        9      C       -0.8997    1.8318   -0.2854
  QMMM:    10       10      O       -1.1197    3.0419   -0.2018
  QMMM:    11       11      C        0.3995    1.0591   -0.1917
  QMMM:    12       12      C       -3.2431    1.0893   -0.8568
  QMMM:    13       13      C       -4.2457    0.6988    0.2155
  QMMM:    14       14      O       -4.3794   -0.3726    0.8129
  QMMM:    15       15      C        1.5809    1.6725    0.0255
  QMMM:    16       16      C        2.8955    1.0832    0.1351
  QMMM:    17       17      C        3.1138   -0.2709    0.4280
  QMMM:    18       18      C        4.0101    1.9283   -0.0489
  QMMM:    19       19      C        4.4079   -0.7761    0.5240
  QMMM:    20       20      C        5.3045    1.4403    0.0371
  QMMM:    21       21      C        5.5012    0.0770    0.3245
  QMMM:    22       22      O        6.8039   -0.3516    0.3996
  QMMM:    23       23      O       -5.1424    1.6815    0.4901
  QMMM:    24       24      H       -0.6950   -2.3245   -2.2902
  QMMM:    25       25      H       -2.1270   -3.1053   -2.2699
  QMMM:    26       26      H       -3.0655   -1.5216   -0.7507
  QMMM:    27       27      H       -1.2679   -2.1321    1.2581
  QMMM:    28       28      H       -3.2696   -4.0556   -0.1548
  QMMM:    29       29      H       -2.6414   -4.2323    1.5373
  QMMM:    30       30      H       -3.6711   -2.7990    1.0955
  QMMM:    31       31      H       -0.8865   -4.2929   -0.4905
  QMMM:    32       32      H       -3.3506    2.1979   -1.0578
  QMMM:    33       33      H       -3.5327    0.5119   -1.7844
  QMMM:    34       34      H       -5.7728    1.3751    1.1637
  QMMM:    35       35      H        1.5489    2.7788    0.1179
  QMMM:    36       36      H        2.2667   -0.9550    0.5957
  QMMM:    37       37      H        3.8505    2.9955   -0.2716
  QMMM:    38       38      H        4.5683   -1.8391    0.7537
  QMMM:    39       39      H        6.1749    2.0941   -0.1130
  QMMM:    40       40      H        6.7970   -1.3000    0.5971

           --------- Calculation Completed ----------

