            --------------------------------------------------------
                             AMBER SQM VERSION 19
 
                                     By
              Ross C. Walker, Michael F. Crowley, Scott Brozell,
                         Tim Giese, Andreas W. Goetz,
                        Tai-Sung Lee and David A. Case
 
            --------------------------------------------------------
 

--------------------------------------------------------------------------------
  QM CALCULATION INFO
--------------------------------------------------------------------------------

| QMMM: Citation for AMBER QMMM Run:
| QMMM: R.C. Walker, M.F. Crowley and D.A. Case, J. COMP. CHEM. 29:1019, 2008

QMMM: SINGLET STATE CALCULATION
QMMM: RHF CALCULATION, NO. OF DOUBLY OCCUPIED LEVELS = 68

| QMMM: *** Selected Hamiltonian *** 
| QMMM: AM1         

| QMMM: *** Parameter sets in use ***
| QMMM: C : M.J.S.DEWAR et al. JACS, 107, 3902, (1985)
| QMMM: O : M.J.S.DEWAR et al. JACS, 107, 3902, (1985)
| QMMM: H : M.J.S.DEWAR et al. JACS, 107, 3902, (1985)

| QMMM: *** SCF convergence criteria ***
| QMMM: Energy change                :  0.1D-09 kcal/mol
| QMMM: Error matrix |FP-PF|         :  0.1D+00 au
| QMMM: Density matrix change        :  0.5D-06
| QMMM: Maximum number of SCF cycles :     1000

| QMMM: *** Diagonalization Routine Information ***
| QMMM: Pseudo diagonalizations are allowed.
| QMMM: Auto diagonalization routine selection is in use.
| QMMM:
| QMMM: Timing diagonalization routines:
| QMMM:                              norbs =      114
| QMMM:    diag iterations used for timing =       10
| QMMM:
| QMMM:              Internal diag routine = 0.017242 seconds
| QMMM:                 Dspev diag routine = 0.015036 seconds
| QMMM:                Dspevd diag routine = 0.011369 seconds
| QMMM:                Dspevx diag routine = 0.059497 seconds
| QMMM:                 Dsyev diag routine = 0.016195 seconds
| QMMM:                Dsyevd diag routine = 0.012610 seconds
| QMMM:                Dsyevr diag routine = 0.014340 seconds
| QMMM:
| QMMM:                Pseudo diag routine = 0.006130 seconds
| QMMM:
| QMMM: Using dspevd routine (diag_routine=3).

  QMMM: QM Region Cartesian Coordinates (*=link atom) 
  QMMM: QM_NO.   MM_NO.  ATOM         X         Y         Z
  QMMM:     1        1      C        0.6550    1.4040   -0.3950
  QMMM:     2        2      O        1.1700    1.1630   -1.7190
  QMMM:     3        3      O        1.1280    2.6120    0.2220
  QMMM:     4        4      C       -0.8890    1.4020   -0.4020
  QMMM:     5        5      C        2.6010    1.0430   -1.7590
  QMMM:     6        6      C        0.6110    3.8600   -0.2660
  QMMM:     7        7      C       -1.3820    2.6060   -1.2040
  QMMM:     8        8      O       -1.4640    0.2100   -0.9370
  QMMM:     9        9      O        3.1250   -0.0560   -1.0210
  QMMM:    10       10      C        3.1450    1.0840   -3.2120
  QMMM:    11       11      C       -0.9070    3.8800   -0.5260
  QMMM:    12       12      C        0.9450    4.9490    0.7850
  QMMM:    13       13      O       -2.8170    2.6440   -1.2650
  QMMM:    14       14      C        2.9550   -1.3420   -1.6260
  QMMM:    15       15      C        3.2090   -0.2670   -3.9260
  QMMM:    16       16      O        2.3980    1.9800   -4.0630
  QMMM:    17       17      O       -1.2300    5.0310   -1.3270
  QMMM:    18       18      O        0.5410    6.2600    0.4100
  QMMM:    19       19      C        3.5650   -1.4520   -3.0260
  QMMM:    20       20      C        3.6440   -2.3600   -0.6920
  QMMM:    21       21      O        4.2060   -0.1940   -4.9700
  QMMM:    22       22      O        3.1310   -2.6850   -3.6280
  QMMM:    23       23      O        5.0050   -1.9900   -0.4620
  QMMM:    24       24      H        0.9860    0.5690    0.2410
  QMMM:    25       25      H       -1.2550    1.4930    0.6280
  QMMM:    26       26      H        2.9950    1.9480   -1.2750
  QMMM:    27       27      H        1.1330    4.1170   -1.1940
  QMMM:    28       28      H       -1.0420    2.5630   -2.2490
  QMMM:    29       29      H       -1.2850    0.2020   -1.8960
  QMMM:    30       30      H        4.1620    1.4940   -3.1720
  QMMM:    31       31      H       -1.4560    4.0030    0.4200
  QMMM:    32       32      H        0.4700    4.7050    1.7450
  QMMM:    33       33      H        2.0220    4.9710    0.9770
  QMMM:    34       34      H       -3.1400    1.7540   -1.0150
  QMMM:    35       35      H        1.8810   -1.5890   -1.6590
  QMMM:    36       36      H        2.2740   -0.4660   -4.4590
  QMMM:    37       37      H        1.9830    2.6540   -3.4940
  QMMM:    38       38      H       -2.0110    4.7840   -1.8650
  QMMM:    39       39      H       -0.2910    6.1940   -0.1050
  QMMM:    40       40      H        4.6600   -1.5130   -2.9510
  QMMM:    41       41      H        3.1550   -2.3730    0.2940
  QMMM:    42       42      H        3.6300   -3.3750   -1.0990
  QMMM:    43       43      H        3.9660    0.5670   -5.5330
  QMMM:    44       44      H        2.2650   -2.5530   -4.0440
  QMMM:    45       45      H        4.9940   -1.0480   -0.2100

--------------------------------------------------------------------------------
  RESULTS
--------------------------------------------------------------------------------

      iter         sqm energy              rms gradient
      ----    -------------------    -----------------------
xmin    10     -536.7013 kcal/mol        1.2996 kcal/(mol*A)
xmin    20     -539.5840 kcal/mol        0.5519 kcal/(mol*A)
xmin    30     -540.3217 kcal/mol        0.6560 kcal/(mol*A)
xmin    40     -540.5832 kcal/mol        0.1104 kcal/(mol*A)
xmin    50     -540.6150 kcal/mol        0.0134 kcal/(mol*A)
xmin    60     -540.6153 kcal/mol        0.0019 kcal/(mol*A)
  ... geometry converged !
 
 Final MO eigenvalues (eV):
 -42.7586  -41.7666  -39.7419  -39.4120  -39.3073  -38.6235  -37.8474  -37.7143
 -37.1915  -37.0608  -36.7138  -32.1644  -32.0210  -31.7063  -30.9226  -27.7137
 -27.0914  -25.2873  -24.9678  -23.8829  -23.7056  -22.6698  -21.8516  -20.0254
 -19.8123  -19.4414  -19.3404  -19.1396  -18.6961  -18.5303  -18.3482  -17.8614
 -17.7004  -17.4630  -17.3124  -17.0314  -16.7698  -16.3855  -16.3225  -16.1999
 -15.9534  -15.7576  -15.2516  -15.1806  -15.0357  -14.7904  -14.6478  -14.6171
 -14.3244  -14.2197  -14.0808  -13.8693  -13.5871  -13.3334  -12.9300  -12.8233
 -12.7935  -12.4008  -12.3608  -12.2467  -11.8270  -11.5983  -11.5267  -11.4386
 -11.2920  -11.1929  -11.1221  -10.8607    1.4133    1.8462    1.9200    2.3777
   2.4922    2.4992    2.5536    2.5824    2.6462    2.7717    2.8086    2.9835
   2.9978    3.0751    3.1955    3.2709    3.3929    3.4201    3.4663    3.5522
   3.6123    3.6444    3.6958    3.7179    3.8171    3.8693    3.9036    3.9455
   4.0039    4.0751    4.2069    4.2849    4.3513    4.4372    4.5566    4.8552
   5.2872    5.3601    5.4878    5.5478    5.6425    5.7434    5.8488    5.9616
   6.2441    6.3495

 Heat of formation   =       -540.61531293 kcal/mol  (      -23.44283912 eV)

 Total SCF energy    =    -123793.45202310 kcal/mol  (    -5368.08690096 eV)
 Electronic energy   =    -882250.73582417 kcal/mol  (   -38257.26273033 eV)
 Core-core repulsion =     758457.28380108 kcal/mol  (    32889.17582937 eV)
 
    Atomic Charges for Step       1 :
  Atom    Element       Mulliken Charge
     1      C                  0.126
     2      O                 -0.360
     3      O                 -0.280
     4      C                 -0.018
     5      C                  0.128
     6      C                 -0.010
     7      C                 -0.036
     8      O                 -0.316
     9      O                 -0.297
    10      C                 -0.019
    11      C                  0.010
    12      C                 -0.004
    13      O                 -0.331
    14      C                 -0.041
    15      C                 -0.030
    16      O                 -0.311
    17      O                 -0.334
    18      O                 -0.321
    19      C                  0.012
    20      C                 -0.009
    21      O                 -0.307
    22      O                 -0.296
    23      O                 -0.318
    24      H                  0.150
    25      H                  0.146
    26      H                  0.151
    27      H                  0.111
    28      H                  0.097
    29      H                  0.214
    30      H                  0.150
    31      H                  0.103
    32      H                  0.074
    33      H                  0.121
    34      H                  0.224
    35      H                  0.090
    36      H                  0.077
    37      H                  0.215
    38      H                  0.231
    39      H                  0.219
    40      H                  0.154
    41      H                  0.074
    42      H                  0.132
    43      H                  0.218
    44      H                  0.200
    45      H                  0.209
 Total Mulliken Charge =       0.000
 
                  X        Y        Z     TOTAL  
  QM DIPOLE    -3.634    0.290    1.424    3.914
 
 Final Structure

  QMMM: QM Region Cartesian Coordinates (*=link atom) 
  QMMM: QM_NO.   MM_NO.  ATOM         X         Y         Z
  QMMM:     1        1      C        0.8686    1.4636   -0.1401
  QMMM:     2        2      O        1.4861    1.2864   -1.4079
  QMMM:     3        3      O        1.1538    2.7802    0.2660
  QMMM:     4        4      C       -0.6309    1.1678   -0.3221
  QMMM:     5        5      C        2.8997    1.1360   -1.3602
  QMMM:     6        6      C        0.5634    3.8128   -0.5286
  QMMM:     7        7      C       -1.3155    2.2723   -1.1385
  QMMM:     8        8      O       -0.8324   -0.0905   -0.9303
  QMMM:     9        9      O        3.1471   -0.1370   -0.8162
  QMMM:    10       10      C        3.4248    1.3085   -2.7946
  QMMM:    11       11      C       -0.9645    3.6493   -0.5547
  QMMM:    12       12      C        0.9826    5.1369    0.1232
  QMMM:    13       13      O       -2.7263    2.1532   -1.0779
  QMMM:    14       14      C        2.7400   -1.2531   -1.6155
  QMMM:    15       15      C        2.9484    0.1493   -3.6818
  QMMM:    16       16      O        3.0328    2.5464   -3.3457
  QMMM:    17       17      O       -1.4785    4.6853   -1.3729
  QMMM:    18       18      O        0.9667    6.1830   -0.8198
  QMMM:    19       19      C        3.3296   -1.1902   -3.0359
  QMMM:    20       20      C        3.2512   -2.4909   -0.8677
  QMMM:    21       21      O        3.5515    0.1989   -4.9595
  QMMM:    22       22      O        2.8761   -2.2964   -3.7875
  QMMM:    23       23      O        4.6286   -2.4076   -0.5798
  QMMM:    24       24      H        1.3365    0.8034    0.6446
  QMMM:    25       25      H       -1.1141    1.0791    0.6921
  QMMM:    26       26      H        3.3681    1.8665   -0.6413
  QMMM:    27       27      H        0.9687    3.7554   -1.5772
  QMMM:    28       28      H       -0.9816    2.2145   -2.2129
  QMMM:    29       29      H       -0.3294   -0.0975   -1.7568
  QMMM:    30       30      H        4.5512    1.3444   -2.7737
  QMMM:    31       31      H       -1.3913    3.7371    0.4831
  QMMM:    32       32      H        0.3083    5.3687    0.9888
  QMMM:    33       33      H        2.0468    5.0729    0.4759
  QMMM:    34       34      H       -2.9373    1.2295   -1.2716
  QMMM:    35       35      H        1.6162   -1.2696   -1.6678
  QMMM:    36       36      H        1.8275    0.2128   -3.8002
  QMMM:    37       37      H        2.0726    2.6190   -3.2519
  QMMM:    38       38      H       -2.4276    4.5216   -1.4616
  QMMM:    39       39      H        0.0648    6.2525   -1.1637
  QMMM:    40       40      H        4.4496   -1.3118   -2.9942
  QMMM:    41       41      H        2.6621   -2.6242    0.0777
  QMMM:    42       42      H        3.1424   -3.3898   -1.5337
  QMMM:    43       43      H        3.5333    1.1252   -5.2408
  QMMM:    44       44      H        2.0091   -2.0743   -4.1489
  QMMM:    45       45      H        4.7620   -1.6166   -0.0416

           --------- Calculation Completed ----------

