            --------------------------------------------------------
                             AMBER SQM VERSION 19
 
                                     By
              Ross C. Walker, Michael F. Crowley, Scott Brozell,
                         Tim Giese, Andreas W. Goetz,
                        Tai-Sung Lee and David A. Case
 
            --------------------------------------------------------
 

--------------------------------------------------------------------------------
  QM CALCULATION INFO
--------------------------------------------------------------------------------

| QMMM: Citation for AMBER QMMM Run:
| QMMM: R.C. Walker, M.F. Crowley and D.A. Case, J. COMP. CHEM. 29:1019, 2008

QMMM: SINGLET STATE CALCULATION
QMMM: RHF CALCULATION, NO. OF DOUBLY OCCUPIED LEVELS = 68

| QMMM: *** Selected Hamiltonian *** 
| QMMM: AM1         

| QMMM: *** Parameter sets in use ***
| QMMM: C : M.J.S.DEWAR et al. JACS, 107, 3902, (1985)
| QMMM: O : M.J.S.DEWAR et al. JACS, 107, 3902, (1985)
| QMMM: H : M.J.S.DEWAR et al. JACS, 107, 3902, (1985)

| QMMM: *** SCF convergence criteria ***
| QMMM: Energy change                :  0.1D-09 kcal/mol
| QMMM: Error matrix |FP-PF|         :  0.1D+00 au
| QMMM: Density matrix change        :  0.5D-06
| QMMM: Maximum number of SCF cycles :     1000

| QMMM: *** Diagonalization Routine Information ***
| QMMM: Pseudo diagonalizations are allowed.
| QMMM: Auto diagonalization routine selection is in use.
| QMMM:
| QMMM: Timing diagonalization routines:
| QMMM:                              norbs =      114
| QMMM:    diag iterations used for timing =       10
| QMMM:
| QMMM:              Internal diag routine = 0.017572 seconds
| QMMM:                 Dspev diag routine = 0.015265 seconds
| QMMM:                Dspevd diag routine = 0.011548 seconds
| QMMM:                Dspevx diag routine = 0.059517 seconds
| QMMM:                 Dsyev diag routine = 0.016177 seconds
| QMMM:                Dsyevd diag routine = 0.012648 seconds
| QMMM:                Dsyevr diag routine = 0.014587 seconds
| QMMM:
| QMMM:                Pseudo diag routine = 0.006096 seconds
| QMMM:
| QMMM: Using dspevd routine (diag_routine=3).

  QMMM: QM Region Cartesian Coordinates (*=link atom) 
  QMMM: QM_NO.   MM_NO.  ATOM         X         Y         Z
  QMMM:     1        1      C        0.6130    1.4150   -0.3920
  QMMM:     2        2      O        1.1630    1.2020   -1.7110
  QMMM:     3        3      O        1.0570    2.6300    0.2400
  QMMM:     4        4      C       -0.9270    1.4120   -0.4440
  QMMM:     5        5      C        2.5900    1.0710   -1.7190
  QMMM:     6        6      C        0.5590    3.8730   -0.2980
  QMMM:     7        7      C       -1.3770    2.5910   -1.3110
  QMMM:     8        8      O       -1.4630    0.1840   -0.9470
  QMMM:     9        9      O        3.0990   -0.0090   -0.9510
  QMMM:    10       10      C        3.1610    1.0880   -3.1640
  QMMM:    11       11      C       -0.9390    3.8950   -0.6510
  QMMM:    12       12      C        0.8480    4.9700    0.7450
  QMMM:    13       13      O       -2.7980    2.6100   -1.5020
  QMMM:    14       14      C        2.9560   -1.3130   -1.5310
  QMMM:    15       15      C        3.2620   -0.2770   -3.8500
  QMMM:    16       16      O        2.4320    1.9700   -4.0450
  QMMM:    17       17      O       -1.1740    4.9830   -1.5610
  QMMM:    18       18      O        0.2630    4.6180    2.0080
  QMMM:    19       19      C        3.6090   -1.4380   -2.9150
  QMMM:    20       20      C        3.6380   -2.3040   -0.5560
  QMMM:    21       21      O        4.2890   -0.2110   -4.8680
  QMMM:    22       22      O        3.1930   -2.6840   -3.5030
  QMMM:    23       23      O        4.9820   -1.8860   -0.2850
  QMMM:    24       24      H        0.9320    0.5880    0.2380
  QMMM:    25       25      H       -1.3260    1.5340    0.5680
  QMMM:    26       26      H        2.9710    1.9840   -1.2520
  QMMM:    27       27      H        1.1440    4.1080   -1.1960
  QMMM:    28       28      H       -0.9670    2.5140   -2.3170
  QMMM:    29       29      H       -1.6170    0.2930   -1.9030
  QMMM:    30       30      H        4.1750    1.5060   -3.1080
  QMMM:    31       31      H       -1.5610    4.0750    0.2360
  QMMM:    32       32      H        1.9240    5.0720    0.9160
  QMMM:    33       33      H        0.4480    5.9400    0.4470
  QMMM:    34       34      H       -3.1950    2.0020   -0.8400
  QMMM:    35       35      H        1.8930   -1.5690   -1.5900
  QMMM:    36       36      H        2.3440   -0.4960   -4.4070
  QMMM:    37       37      H        1.8070    2.4800   -3.4960
  QMMM:    38       38      H       -1.9690    4.7500   -2.0770
  QMMM:    39       39      H        0.6900    3.7860    2.2810
  QMMM:    40       40      H        4.6950   -1.4940   -2.8190
  QMMM:    41       41      H        3.1130   -2.3180    0.3970
  QMMM:    42       42      H        3.6710   -3.3180   -0.9610
  QMMM:    43       43      H        4.0750    0.5440   -5.4440
  QMMM:    44       44      H        2.3360   -2.5680   -3.9450
  QMMM:    45       45      H        4.9270   -0.9430   -0.0420

--------------------------------------------------------------------------------
  RESULTS
--------------------------------------------------------------------------------

      iter         sqm energy              rms gradient
      ----    -------------------    -----------------------
xmin    10     -536.7507 kcal/mol        1.1866 kcal/(mol*A)
xmin    20     -539.2627 kcal/mol        0.5030 kcal/(mol*A)
xmin    30     -539.7426 kcal/mol        0.1357 kcal/(mol*A)
xmin    40     -539.8042 kcal/mol        0.0132 kcal/(mol*A)
xmin    50     -539.8052 kcal/mol        0.0047 kcal/(mol*A)
xmin    60     -539.8053 kcal/mol        0.0034 kcal/(mol*A)
  ... geometry converged !
 
 Final MO eigenvalues (eV):
 -42.7660  -41.7841  -39.7371  -39.4251  -39.3189  -38.6223  -37.8797  -37.6373
 -37.1810  -37.0768  -36.6497  -32.1357  -32.0062  -31.7216  -30.9502  -27.7849
 -27.1558  -25.2392  -24.9947  -23.9446  -23.7191  -22.7464  -21.8930  -19.9796
 -19.7961  -19.5626  -19.1451  -18.9660  -18.7600  -18.5453  -18.3717  -17.8417
 -17.6518  -17.6117  -17.3326  -17.0261  -16.6064  -16.5585  -16.3066  -16.2519
 -16.0065  -15.3180  -15.2392  -15.1793  -15.0557  -14.8128  -14.7460  -14.6228
 -14.4814  -14.1881  -14.0224  -13.6860  -13.5919  -13.1133  -13.0479  -12.9047
 -12.7577  -12.6743  -12.4113  -12.2202  -11.8393  -11.7362  -11.6541  -11.3989
 -11.2111  -11.1622  -10.9797  -10.8576    1.4419    1.8518    1.9229    2.3669
   2.4811    2.5427    2.6069    2.6094    2.6840    2.7528    2.7974    2.9435
   3.0419    3.0799    3.1993    3.2851    3.3959    3.4223    3.4519    3.4957
   3.5442    3.6178    3.6936    3.7324    3.7946    3.8229    3.8613    3.9030
   3.9856    4.1261    4.1980    4.2101    4.3536    4.4838    4.5596    4.8506
   5.2863    5.3965    5.4584    5.5815    5.6573    5.8271    5.8317    5.9638
   6.1325    6.2434

 Heat of formation   =       -539.80530723 kcal/mol  (      -23.40771464 eV)

 Total SCF energy    =    -123792.64201739 kcal/mol  (    -5368.05177648 eV)
 Electronic energy   =    -883829.47326921 kcal/mol  (   -38325.72192313 eV)
 Core-core repulsion =     760036.83125181 kcal/mol  (    32957.67014665 eV)
 
    Atomic Charges for Step       1 :
  Atom    Element       Mulliken Charge
     1      C                  0.127
     2      O                 -0.355
     3      O                 -0.301
     4      C                 -0.010
     5      C                  0.128
     6      C                 -0.003
     7      C                 -0.042
     8      O                 -0.301
     9      O                 -0.296
    10      C                 -0.019
    11      C                 -0.020
    12      C                 -0.011
    13      O                 -0.312
    14      C                 -0.041
    15      C                 -0.029
    16      O                 -0.314
    17      O                 -0.319
    18      O                 -0.322
    19      C                  0.013
    20      C                 -0.010
    21      O                 -0.306
    22      O                 -0.295
    23      O                 -0.318
    24      H                  0.149
    25      H                  0.135
    26      H                  0.147
    27      H                  0.107
    28      H                  0.135
    29      H                  0.213
    30      H                  0.150
    31      H                  0.103
    32      H                  0.078
    33      H                  0.133
    34      H                  0.208
    35      H                  0.092
    36      H                  0.079
    37      H                  0.215
    38      H                  0.222
    39      H                  0.208
    40      H                  0.154
    41      H                  0.074
    42      H                  0.132
    43      H                  0.216
    44      H                  0.199
    45      H                  0.209
 Total Mulliken Charge =      -0.000
 
                  X        Y        Z     TOTAL  
  QM DIPOLE    -2.071    1.172    1.394    2.758
 
 Final Structure

  QMMM: QM Region Cartesian Coordinates (*=link atom) 
  QMMM: QM_NO.   MM_NO.  ATOM         X         Y         Z
  QMMM:     1        1      C        0.8247    1.4675   -0.1443
  QMMM:     2        2      O        1.4688    1.2638   -1.3933
  QMMM:     3        3      O        1.0968    2.7938    0.2386
  QMMM:     4        4      C       -0.6745    1.1772   -0.3536
  QMMM:     5        5      C        2.8819    1.1271   -1.3153
  QMMM:     6        6      C        0.5486    3.8158   -0.6017
  QMMM:     7        7      C       -1.2746    2.2178   -1.3046
  QMMM:     8        8      O       -0.8616   -0.1399   -0.8165
  QMMM:     9        9      O        3.1303   -0.1409   -0.7605
  QMMM:    10       10      C        3.4330    1.3008   -2.7400
  QMMM:    11       11      C       -0.9645    3.6310   -0.7840
  QMMM:    12       12      C        0.8594    5.1379    0.1092
  QMMM:    13       13      O       -2.6670    2.0599   -1.4835
  QMMM:    14       14      C        2.7428   -1.2615   -1.5632
  QMMM:    15       15      C        3.0023    0.1286   -3.6335
  QMMM:    16       16      O        3.0209    2.5287   -3.3009
  QMMM:    17       17      O       -1.3806    4.6020   -1.7297
  QMMM:    18       18      O        0.3764    5.1531    1.4343
  QMMM:    19       19      C        3.3713   -1.2045   -2.9670
  QMMM:    20       20      C        3.2334   -2.4955   -0.7957
  QMMM:    21       21      O        3.6567    0.1771   -4.8861
  QMMM:    22       22      O        2.9446   -2.3159   -3.7261
  QMMM:    23       23      O        4.6020   -2.4097   -0.4687
  QMMM:    24       24      H        1.2723    0.8237    0.6648
  QMMM:    25       25      H       -1.1902    1.2062    0.6480
  QMMM:    26       26      H        3.3298    1.8646   -0.5909
  QMMM:    27       27      H        1.0591    3.7812   -1.6031
  QMMM:    28       28      H       -0.8445    2.0921   -2.3400
  QMMM:    29       29      H       -0.4728   -0.1925   -1.7005
  QMMM:    30       30      H        4.5573    1.3645   -2.6970
  QMMM:    31       31      H       -1.4894    3.8103    0.1964
  QMMM:    32       32      H        1.9664    5.3182    0.0937
  QMMM:    33       33      H        0.3148    5.9691   -0.4154
  QMMM:    34       34      H       -3.0627    1.9145   -0.6146
  QMMM:    35       35      H        1.6207   -1.2770   -1.6451
  QMMM:    36       36      H        1.8864    0.1799   -3.7956
  QMMM:    37       37      H        2.0544    2.5579   -3.2616
  QMMM:    38       38      H       -2.2917    4.3791   -1.9678
  QMMM:    39       39      H        0.8180    4.4356    1.9067
  QMMM:    40       40      H        4.4902   -1.3209   -2.8948
  QMMM:    41       41      H        2.6175   -2.6251    0.1329
  QMMM:    42       42      H        3.1445   -3.3974   -1.4604
  QMMM:    43       43      H        3.6087    1.0952   -5.1895
  QMMM:    44       44      H        2.0669   -2.1169   -4.0753
  QMMM:    45       45      H        4.7191   -1.6166    0.0701

           --------- Calculation Completed ----------

