            --------------------------------------------------------
                             AMBER SQM VERSION 19
 
                                     By
              Ross C. Walker, Michael F. Crowley, Scott Brozell,
                         Tim Giese, Andreas W. Goetz,
                        Tai-Sung Lee and David A. Case
 
            --------------------------------------------------------
 

--------------------------------------------------------------------------------
  QM CALCULATION INFO
--------------------------------------------------------------------------------

| QMMM: Citation for AMBER QMMM Run:
| QMMM: R.C. Walker, M.F. Crowley and D.A. Case, J. COMP. CHEM. 29:1019, 2008

QMMM: SINGLET STATE CALCULATION
QMMM: RHF CALCULATION, NO. OF DOUBLY OCCUPIED LEVELS = 62

| QMMM: *** Selected Hamiltonian *** 
| QMMM: AM1         

| QMMM: *** Parameter sets in use ***
| QMMM: N : M.J.S.DEWAR et al. JACS, 107, 3902, (1985)
| QMMM: C : M.J.S.DEWAR et al. JACS, 107, 3902, (1985)
| QMMM: O : M.J.S.DEWAR et al. JACS, 107, 3902, (1985)
| QMMM: H : M.J.S.DEWAR et al. JACS, 107, 3902, (1985)

| QMMM: *** SCF convergence criteria ***
| QMMM: Energy change                :  0.1D-09 kcal/mol
| QMMM: Error matrix |FP-PF|         :  0.1D+00 au
| QMMM: Density matrix change        :  0.5D-06
| QMMM: Maximum number of SCF cycles :     1000

| QMMM: *** Diagonalization Routine Information ***
| QMMM: Pseudo diagonalizations are allowed.
| QMMM: Auto diagonalization routine selection is in use.
| QMMM:
| QMMM: Timing diagonalization routines:
| QMMM:                              norbs =      107
| QMMM:    diag iterations used for timing =       10
| QMMM:
| QMMM:              Internal diag routine = 0.014517 seconds
| QMMM:                 Dspev diag routine = 0.013879 seconds
| QMMM:                Dspevd diag routine = 0.009942 seconds
| QMMM:                Dspevx diag routine = 0.051578 seconds
| QMMM:                 Dsyev diag routine = 0.015222 seconds
| QMMM:                Dsyevd diag routine = 0.011280 seconds
| QMMM:                Dsyevr diag routine = 0.012837 seconds
| QMMM:
| QMMM:                Pseudo diag routine = 0.005339 seconds
| QMMM:
| QMMM: Using dspevd routine (diag_routine=3).

  QMMM: QM Region Cartesian Coordinates (*=link atom) 
  QMMM: QM_NO.   MM_NO.  ATOM         X         Y         Z
  QMMM:     1        1      N       45.7940   58.0320   22.1940
  QMMM:     2        2      C       46.0240   58.0360   23.6130
  QMMM:     3        3      C       45.4770   56.7330   24.2040
  QMMM:     4        4      O       44.2530   56.5730   24.1250
  QMMM:     5        5      C       45.3230   59.2270   24.2760
  QMMM:     6        6      C       45.7710   59.3610   25.7320
  QMMM:     7        7      O       45.8820   58.3270   26.4250
  QMMM:     8        8      N       46.0690   60.5750   26.2100
  QMMM:     9        9      H       44.9060   57.5930   21.9510
  QMMM:    10       10      H       47.0950   58.1200   23.7980
  QMMM:    11       11      H       45.5530   60.1430   23.7310
  QMMM:    12       12      H       44.2420   59.0930   24.2310
  QMMM:    13       13      H       46.3990   60.6780   27.1700
  QMMM:    14       14      H       45.9660   61.3970   25.6150
  QMMM:    15       15      C       46.4490   60.2480   28.2200
  QMMM:    16       16      C       47.4420   61.3290   27.7320
  QMMM:    17       17      C       46.9320   62.7380   27.8470
  QMMM:    18       18      C       45.3770   62.6150   27.7570
  QMMM:    19       19      C       44.9780   61.9740   29.1130
  QMMM:    20       20      C       43.4940   61.6840   29.2140
  QMMM:    21       21      C       49.7500   60.4550   28.0340
  QMMM:    22       22      C       50.6820   59.8850   29.0580
  QMMM:    23       23      N       48.6600   61.0970   28.5530
  QMMM:    24       24      O       47.4630   63.6620   26.8870
  QMMM:    25       25      O       44.7390   63.8760   27.4840
  QMMM:    26       26      O       45.6730   60.7560   29.3060
  QMMM:    27       27      O       43.0310   60.9540   28.1340
  QMMM:    28       28      O       49.9320   60.3760   26.8970
  QMMM:    29       29      H       43.7320   60.3420   27.8280
  QMMM:    30       30      H       43.7890   63.7280   27.2930
  QMMM:    31       31      H       46.9730   64.5090   26.9420
  QMMM:    32       32      H       48.6830   61.4220   29.5190
  QMMM:    33       33      H       51.0600   60.6870   29.6930
  QMMM:    34       34      H       50.1490   59.1580   29.6710
  QMMM:    35       35      H       51.5170   59.3950   28.5570
  QMMM:    36       36      H       43.2940   61.1350   30.1340
  QMMM:    37       37      H       45.2420   62.7030   29.8790
  QMMM:    38       38      H       45.7870   58.9950   21.8590
  QMMM:    39       39      H       46.0930   56.0300   24.6420
  QMMM:    40       40      H       46.9940   59.3870   28.5460
  QMMM:    41       41      H       45.7960   59.9800   27.4160

--------------------------------------------------------------------------------
  RESULTS
--------------------------------------------------------------------------------

      iter         sqm energy              rms gradient
      ----    -------------------    -----------------------
xmin    10     -197.5307 kcal/mol        1.5879 kcal/(mol*A)
xmin    20     -214.2892 kcal/mol        2.7308 kcal/(mol*A)
xmin    30     -230.8118 kcal/mol        8.0823 kcal/(mol*A)
xmin    40     -245.9119 kcal/mol        0.7457 kcal/(mol*A)
xmin    50     -247.8769 kcal/mol        0.5545 kcal/(mol*A)
xmin    60     -251.0274 kcal/mol        1.0601 kcal/(mol*A)
xmin    70     -252.1103 kcal/mol        0.6834 kcal/(mol*A)
xmin    80     -252.8090 kcal/mol        1.0492 kcal/(mol*A)
xmin    90     -253.2391 kcal/mol        1.0089 kcal/(mol*A)
xmin   100     -253.6456 kcal/mol        0.2778 kcal/(mol*A)
xmin   110     -253.7711 kcal/mol        0.1382 kcal/(mol*A)
xmin   120     -253.7856 kcal/mol        0.0775 kcal/(mol*A)
xmin   130     -253.7929 kcal/mol        0.0430 kcal/(mol*A)
xmin   140     -253.8006 kcal/mol        0.0276 kcal/(mol*A)
xmin   150     -253.8188 kcal/mol        0.1102 kcal/(mol*A)
xmin   160     -253.8237 kcal/mol        0.0474 kcal/(mol*A)
xmin   170     -253.8287 kcal/mol        0.0146 kcal/(mol*A)
xmin   180     -253.8291 kcal/mol        0.0092 kcal/(mol*A)
xmin   190     -253.8295 kcal/mol        0.0062 kcal/(mol*A)
xmin   200     -253.8298 kcal/mol        0.0042 kcal/(mol*A)
xmin   210     -253.8298 kcal/mol        0.0055 kcal/(mol*A)
xmin   220     -253.8299 kcal/mol        0.0029 kcal/(mol*A)
xmin   230     -253.8299 kcal/mol        0.0022 kcal/(mol*A)
xmin   240     -253.8299 kcal/mol        0.0040 kcal/(mol*A)
xmin   250     -253.8299 kcal/mol        0.0025 kcal/(mol*A)
xmin   260     -253.8300 kcal/mol        0.0050 kcal/(mol*A)
xmin   270     -253.8300 kcal/mol        0.0017 kcal/(mol*A)
xmin   280     -253.8300 kcal/mol        0.0009 kcal/(mol*A)
xmin   290     -253.8300 kcal/mol        0.0005 kcal/(mol*A)
xmin   290     -253.8300 kcal/mol        0.0003 kcal/(mol*A)
  ... geometry converged !
 
 Final MO eigenvalues (eV):
 -42.2558  -40.2177  -39.9555  -39.0614  -38.8840  -38.0198  -37.2890  -36.1464
 -35.7405  -34.2530  -33.2659  -32.2678  -30.9390  -29.8573  -27.0547  -26.3810
 -24.5486  -23.2130  -22.3835  -21.7567  -21.2184  -20.2036  -19.5777  -18.9360
 -18.4095  -18.2843  -17.8652  -17.5099  -17.3264  -17.2703  -17.2219  -17.0315
 -16.7832  -16.4397  -16.1473  -15.6034  -15.3653  -15.2622  -15.1322  -14.9864
 -14.7820  -14.4243  -14.3643  -14.0762  -13.9914  -13.8785  -13.6773  -13.4328
 -13.3953  -12.7976  -12.6736  -12.5655  -12.0089  -11.6569  -11.5950  -11.2108
 -11.0413  -10.8180  -10.6718  -10.1721   -9.8802   -8.5938    0.3389    0.6904
   1.2037    1.2507    1.7012    2.2173    2.3338    2.5565    2.6394    2.8230
   2.9889    3.0971    3.2303    3.2864    3.3353    3.4635    3.4669    3.5322
   3.6494    3.7742    3.8002    3.9171    3.9487    3.9742    4.1426    4.2372
   4.2749    4.3471    4.4580    4.4946    4.6809    4.8409    5.3566    5.5670
   5.6225    5.7181    5.9016    5.9732    6.0749    6.1138    6.1677    6.1982
   6.4489    6.7627    7.0884

 Heat of formation   =       -253.83000313 kcal/mol  (      -11.00689489 eV)

 Total SCF energy    =    -107507.57646524 kcal/mol  (    -4661.87834288 eV)
 Electronic energy   =    -700238.20886686 kcal/mol  (   -30364.60729660 eV)
 Core-core repulsion =     592730.63240162 kcal/mol  (    25702.72895371 eV)
 
    Atomic Charges for Step       1 :
  Atom    Element       Mulliken Charge
     1      N                 -0.322
     2      C                 -0.096
     3      C                  0.140
     4      O                 -0.291
     5      C                 -0.181
     6      C                  0.304
     7      O                 -0.423
     8      N                 -0.415
     9      H                  0.162
    10      H                  0.124
    11      H                  0.119
    12      H                  0.120
    13      H                  0.260
    14      H                  0.225
    15      C                  0.013
    16      C                 -0.038
    17      C                 -0.004
    18      C                 -0.032
    19      C                 -0.012
    20      C                 -0.044
    21      C                  0.318
    22      C                 -0.244
    23      N                 -0.300
    24      O                 -0.267
    25      O                 -0.289
    26      O                 -0.225
    27      O                 -0.292
    28      O                 -0.401
    29      H                  0.246
    30      H                  0.214
    31      H                  0.231
    32      H                  0.243
    33      H                  0.105
    34      H                  0.106
    35      H                  0.118
    36      H                  0.129
    37      H                  0.169
    38      H                  0.146
    39      H                  0.129
    40      H                  0.136
    41      H                  0.117
 Total Mulliken Charge =       0.000
 
                  X        Y        Z     TOTAL  
  QM DIPOLE     3.642    1.950    0.370    4.147
 
 Final Structure

  QMMM: QM Region Cartesian Coordinates (*=link atom) 
  QMMM: QM_NO.   MM_NO.  ATOM         X         Y         Z
  QMMM:     1        1      N       45.2068   56.5636   22.1198
  QMMM:     2        2      C       45.2112   57.2181   23.4139
  QMMM:     3        3      C       43.8969   57.1632   24.1897
  QMMM:     4        4      O       42.9716   56.4184   23.8662
  QMMM:     5        5      C       45.6532   58.6863   23.3133
  QMMM:     6        6      C       46.0998   59.1926   24.6733
  QMMM:     7        7      O       45.2896   59.7622   25.4421
  QMMM:     8        8      N       47.3948   58.9969   25.0563
  QMMM:     9        9      H       44.8228   55.6413   22.2142
  QMMM:    10       10      H       45.9672   56.6580   24.0486
  QMMM:    11       11      H       46.4788   58.7914   22.5614
  QMMM:    12       12      H       44.7955   59.3238   22.9730
  QMMM:    13       13      H       47.7176   59.3607   25.9244
  QMMM:    14       14      H       48.0527   58.5982   24.4375
  QMMM:    15       15      C       46.6748   60.4629   28.4489
  QMMM:    16       16      C       47.3466   61.7126   28.9520
  QMMM:    17       17      C       46.5712   62.7331   29.4279
  QMMM:    18       18      C       45.1117   62.5809   29.5574
  QMMM:    19       19      C       44.5753   61.1635   29.4047
  QMMM:    20       20      C       44.1902   62.2162   28.3873
  QMMM:    21       21      C       49.5676   61.1254   28.0264
  QMMM:    22       22      C       51.0375   61.4709   28.0709
  QMMM:    23       23      N       48.7457   61.8055   28.9085
  QMMM:    24       24      O       47.1495   63.9067   29.8640
  QMMM:    25       25      O       44.5694   63.3811   30.5692
  QMMM:    26       26      O       45.4677   60.1313   29.1390
  QMMM:    27       27      O       44.6706   62.2793   27.0905
  QMMM:    28       28      O       49.1371   60.2451   27.2521
  QMMM:    29       29      H       44.7082   61.3700   26.7491
  QMMM:    30       30      H       44.1991   64.1588   30.1271
  QMMM:    31       31      H       46.6016   64.2380   30.5947
  QMMM:    32       32      H       49.1348   62.5737   29.4128
  QMMM:    33       33      H       51.1943   62.5411   27.7927
  QMMM:    34       34      H       51.4527   61.2936   29.0923
  QMMM:    35       35      H       51.5795   60.8220   27.3406
  QMMM:    36       36      H       43.1559   62.6250   28.4415
  QMMM:    37       37      H       43.8071   60.7632   30.0978
  QMMM:    38       38      H       44.6429   57.0774   21.4698
  QMMM:    39       39      H       43.8450   57.8390   25.0727
  QMMM:    40       40      H       47.3138   59.5504   28.6168
  QMMM:    41       41      H       46.4570   60.5667   27.3493

           --------- Calculation Completed ----------

